{"/Users/shawn.mealey/Projects/dungeon_delvers/auth/src/app.ts": {"path":"/Users/shawn.mealey/Projects/dungeon_delvers/auth/src/app.ts","statementMap":{"0":{"start":{"line":1,"column":0},"end":{"line":1,"column":30}},"1":{"start":{"line":3,"column":0},"end":{"line":3,"column":30}},"2":{"start":{"line":4,"column":0},"end":{"line":4,"column":38}},"3":{"start":{"line":7,"column":14},"end":{"line":7,"column":23}},"4":{"start":{"line":8,"column":31},"end":{"line":8,"column":56}},"5":{"start":{"line":9,"column":2},"end":{"line":9,"column":15}},"6":{"start":{"line":10,"column":2},"end":{"line":16,"column":5}},"7":{"start":{"line":11,"column":4},"end":{"line":15,"column":7}},"8":{"start":{"line":19,"column":0},"end":{"line":19,"column":14}}},"fnMap":{"0":{"name":"startServer","decl":{"start":{"line":6,"column":15},"end":{"line":6,"column":26}},"loc":{"start":{"line":6,"column":26},"end":{"line":17,"column":null}}},"1":{"name":"(anonymous_16)","decl":{"start":{"line":8,"column":31},"end":{"line":8,"column":44}},"loc":{"start":{"line":8,"column":31},"end":{"line":8,"column":56}}},"2":{"name":"(anonymous_17)","decl":{"start":{"line":10,"column":26},"end":{"line":10,"column":29}},"loc":{"start":{"line":10,"column":31},"end":{"line":16,"column":3}}}},"branchMap":{},"s":{"0":1,"1":1,"2":1,"3":1,"4":2,"5":1,"6":1,"7":1,"8":1},"f":{"0":1,"1":1,"2":1},"b":{}}
,"/Users/shawn.mealey/Projects/dungeon_delvers/auth/src/api/index.ts": {"path":"/Users/shawn.mealey/Projects/dungeon_delvers/auth/src/api/index.ts","statementMap":{"0":{"start":{"line":1,"column":0},"end":{"line":1,"column":33}},"1":{"start":{"line":3,"column":0},"end":{"line":3,"column":33}},"2":{"start":{"line":5,"column":0},"end":{"line":9,"column":2}},"3":{"start":{"line":6,"column":17},"end":{"line":6,"column":25}},"4":{"start":{"line":7,"column":2},"end":{"line":7,"column":15}},"5":{"start":{"line":8,"column":2},"end":{"line":8,"column":16}}},"fnMap":{"0":{"name":"(anonymous_1)","decl":{"start":{"line":5,"column":15},"end":{"line":5,"column":18}},"loc":{"start":{"line":5,"column":20},"end":{"line":9,"column":1}}}},"branchMap":{},"s":{"0":3,"1":3,"2":3,"3":10,"4":10,"5":10},"f":{"0":10},"b":{}}
,"/Users/shawn.mealey/Projects/dungeon_delvers/auth/src/api/routes/auth.ts": {"path":"/Users/shawn.mealey/Projects/dungeon_delvers/auth/src/api/routes/auth.ts","statementMap":{"0":{"start":{"line":1,"column":0},"end":{"line":1,"column":43}},"1":{"start":{"line":3,"column":0},"end":{"line":3,"column":32}},"2":{"start":{"line":6,"column":0},"end":{"line":6,"column":38}},"3":{"start":{"line":7,"column":0},"end":{"line":7,"column":64}},"4":{"start":{"line":9,"column":0},"end":{"line":78,"column":2}},"5":{"start":{"line":10,"column":2},"end":{"line":35,"column":4}},"6":{"start":{"line":13,"column":48},"end":{"line":34,"column":null}},"7":{"start":{"line":14,"column":6},"end":{"line":33,"column":19}},"8":{"start":{"line":15,"column":8},"end":{"line":19,"column":9}},"9":{"start":{"line":16,"column":10},"end":{"line":16,"column":30}},"10":{"start":{"line":17,"column":10},"end":{"line":17,"column":22}},"11":{"start":{"line":18,"column":10},"end":{"line":18,"column":17}},"12":{"start":{"line":20,"column":8},"end":{"line":23,"column":9}},"13":{"start":{"line":21,"column":10},"end":{"line":21,"column":74}},"14":{"start":{"line":22,"column":10},"end":{"line":22,"column":17}},"15":{"start":{"line":24,"column":8},"end":{"line":32,"column":11}},"16":{"start":{"line":24,"column":63},"end":{"line":32,"column":10}},"17":{"start":{"line":25,"column":10},"end":{"line":29,"column":11}},"18":{"start":{"line":26,"column":12},"end":{"line":26,"column":37}},"19":{"start":{"line":27,"column":12},"end":{"line":27,"column":29}},"20":{"start":{"line":28,"column":12},"end":{"line":28,"column":19}},"21":{"start":{"line":30,"column":24},"end":{"line":30,"column":49}},"22":{"start":{"line":31,"column":10},"end":{"line":31,"column":42}},"23":{"start":{"line":36,"column":2},"end":{"line":48,"column":4}},"24":{"start":{"line":39,"column":62},"end":{"line":47,"column":null}},"25":{"start":{"line":40,"column":6},"end":{"line":46,"column":7}},"26":{"start":{"line":41,"column":8},"end":{"line":41,"column":34}},"27":{"start":{"line":42,"column":8},"end":{"line":42,"column":61}},"28":{"start":{"line":44,"column":8},"end":{"line":44,"column":28}},"29":{"start":{"line":45,"column":8},"end":{"line":45,"column":20}},"30":{"start":{"line":50,"column":2},"end":{"line":77,"column":4}},"31":{"start":{"line":59,"column":48},"end":{"line":76,"column":null}},"32":{"start":{"line":60,"column":6},"end":{"line":75,"column":7}},"33":{"start":{"line":61,"column":26},"end":{"line":61,"column":92}},"34":{"start":{"line":62,"column":8},"end":{"line":65,"column":9}},"35":{"start":{"line":63,"column":10},"end":{"line":63,"column":62}},"36":{"start":{"line":64,"column":10},"end":{"line":64,"column":17}},"37":{"start":{"line":66,"column":8},"end":{"line":66,"column":40}},"38":{"start":{"line":68,"column":8},"end":{"line":74,"column":9}},"39":{"start":{"line":69,"column":10},"end":{"line":69,"column":22}},"40":{"start":{"line":71,"column":10},"end":{"line":73,"column":12}}},"fnMap":{"0":{"name":"(anonymous_8)","decl":{"start":{"line":9,"column":15},"end":{"line":9,"column":16}},"loc":{"start":{"line":9,"column":34},"end":{"line":78,"column":1}}},"1":{"name":"(anonymous_9)","decl":{"start":{"line":13,"column":4},"end":{"line":13,"column":11}},"loc":{"start":{"line":13,"column":48},"end":{"line":34,"column":null}}},"2":{"name":"(anonymous_10)","decl":{"start":{"line":13,"column":48},"end":{"line":13,"column":null}},"loc":{"start":{"line":13,"column":48},"end":{"line":34,"column":5}}},"3":{"name":"(anonymous_11)","decl":{"start":{"line":14,"column":57},"end":{"line":14,"column":58}},"loc":{"start":{"line":14,"column":94},"end":{"line":33,"column":7}}},"4":{"name":"(anonymous_12)","decl":{"start":{"line":24,"column":44},"end":{"line":24,"column":50}},"loc":{"start":{"line":24,"column":63},"end":{"line":32,"column":10}}},"5":{"name":"(anonymous_13)","decl":{"start":{"line":24,"column":63},"end":{"line":24,"column":null}},"loc":{"start":{"line":24,"column":63},"end":{"line":32,"column":9}}},"6":{"name":"(anonymous_14)","decl":{"start":{"line":39,"column":4},"end":{"line":39,"column":11}},"loc":{"start":{"line":39,"column":62},"end":{"line":47,"column":null}}},"7":{"name":"(anonymous_15)","decl":{"start":{"line":39,"column":62},"end":{"line":39,"column":null}},"loc":{"start":{"line":39,"column":62},"end":{"line":47,"column":5}}},"8":{"name":"(anonymous_16)","decl":{"start":{"line":59,"column":4},"end":{"line":59,"column":11}},"loc":{"start":{"line":59,"column":48},"end":{"line":76,"column":null}}},"9":{"name":"(anonymous_17)","decl":{"start":{"line":59,"column":48},"end":{"line":59,"column":null}},"loc":{"start":{"line":59,"column":48},"end":{"line":76,"column":5}}}},"branchMap":{"0":{"loc":{"start":{"line":15,"column":8},"end":{"line":19,"column":9}},"type":"if","locations":[{"start":{"line":15,"column":8},"end":{"line":19,"column":9}}]},"1":{"loc":{"start":{"line":20,"column":8},"end":{"line":23,"column":9}},"type":"if","locations":[{"start":{"line":20,"column":8},"end":{"line":23,"column":9}}]},"2":{"loc":{"start":{"line":25,"column":10},"end":{"line":29,"column":11}},"type":"if","locations":[{"start":{"line":25,"column":10},"end":{"line":29,"column":11}}]},"3":{"loc":{"start":{"line":62,"column":8},"end":{"line":65,"column":9}},"type":"if","locations":[{"start":{"line":62,"column":8},"end":{"line":65,"column":9}}]},"4":{"loc":{"start":{"line":68,"column":8},"end":{"line":74,"column":9}},"type":"if","locations":[{"start":{"line":68,"column":8},"end":{"line":74,"column":9}},{"start":{"line":70,"column":15},"end":{"line":74,"column":9}}]}},"s":{"0":3,"1":3,"2":3,"3":3,"4":3,"5":9,"6":3,"7":3,"8":3,"9":1,"10":1,"11":1,"12":2,"13":1,"14":1,"15":1,"16":1,"17":1,"18":0,"19":0,"20":0,"21":1,"22":1,"23":9,"24":2,"25":2,"26":2,"27":1,"28":1,"29":1,"30":9,"31":2,"32":2,"33":2,"34":1,"35":0,"36":0,"37":1,"38":1,"39":1,"40":0},"f":{"0":9,"1":3,"2":3,"3":3,"4":1,"5":1,"6":2,"7":2,"8":2,"9":2},"b":{"0":[1],"1":[1],"2":[0],"3":[0],"4":[1,0]}}
,"/Users/shawn.mealey/Projects/dungeon_delvers/auth/src/config/index.ts": {"path":"/Users/shawn.mealey/Projects/dungeon_delvers/auth/src/config/index.ts","statementMap":{"0":{"start":{"line":4,"column":0},"end":{"line":4,"column":61}},"1":{"start":{"line":6,"column":0},"end":{"line":32,"column":2}}},"fnMap":{},"branchMap":{"0":{"loc":{"start":{"line":4,"column":23},"end":{"line":4,"column":60}},"type":"binary-expr","locations":[{"start":{"line":4,"column":23},"end":{"line":4,"column":43}},{"start":{"line":4,"column":47},"end":{"line":4,"column":60}}]},"1":{"loc":{"start":{"line":27,"column":11},"end":{"line":27,"column":43}},"type":"binary-expr","locations":[{"start":{"line":27,"column":11},"end":{"line":27,"column":32}},{"start":{"line":27,"column":36},"end":{"line":27,"column":43}}]}},"s":{"0":10,"1":10},"f":{},"b":{"0":[10,0],"1":[10,10]}}
,"/Users/shawn.mealey/Projects/dungeon_delvers/auth/src/loaders/express.ts": {"path":"/Users/shawn.mealey/Projects/dungeon_delvers/auth/src/loaders/express.ts","statementMap":{"0":{"start":{"line":1,"column":0},"end":{"line":1,"column":24}},"1":{"start":{"line":2,"column":0},"end":{"line":2,"column":44}},"2":{"start":{"line":3,"column":0},"end":{"line":3,"column":38}},"3":{"start":{"line":5,"column":0},"end":{"line":5,"column":28}},"4":{"start":{"line":6,"column":0},"end":{"line":6,"column":31}},"5":{"start":{"line":8,"column":0},"end":{"line":35,"column":2}},"6":{"start":{"line":9,"column":2},"end":{"line":11,"column":5}},"7":{"start":{"line":10,"column":4},"end":{"line":10,"column":26}},"8":{"start":{"line":12,"column":2},"end":{"line":14,"column":5}},"9":{"start":{"line":13,"column":4},"end":{"line":13,"column":26}},"10":{"start":{"line":18,"column":2},"end":{"line":18,"column":28}},"11":{"start":{"line":20,"column":2},"end":{"line":27,"column":4}},"12":{"start":{"line":31,"column":2},"end":{"line":31,"column":18}},"13":{"start":{"line":33,"column":2},"end":{"line":33,"column":18}},"14":{"start":{"line":34,"column":2},"end":{"line":34,"column":39}}},"fnMap":{"0":{"name":"(anonymous_1)","decl":{"start":{"line":8,"column":15},"end":{"line":8,"column":16}},"loc":{"start":{"line":8,"column":36},"end":{"line":35,"column":1}}},"1":{"name":"(anonymous_2)","decl":{"start":{"line":9,"column":21},"end":{"line":9,"column":22}},"loc":{"start":{"line":9,"column":35},"end":{"line":11,"column":3}}},"2":{"name":"(anonymous_3)","decl":{"start":{"line":12,"column":22},"end":{"line":12,"column":23}},"loc":{"start":{"line":12,"column":36},"end":{"line":14,"column":3}}}},"branchMap":{},"s":{"0":2,"1":2,"2":2,"3":2,"4":2,"5":2,"6":9,"7":0,"8":9,"9":0,"10":9,"11":9,"12":9,"13":9,"14":9},"f":{"0":9,"1":0,"2":0},"b":{}}
,"/Users/shawn.mealey/Projects/dungeon_delvers/auth/src/loaders/index.ts": {"path":"/Users/shawn.mealey/Projects/dungeon_delvers/auth/src/loaders/index.ts","statementMap":{"0":{"start":{"line":3,"column":0},"end":{"line":3,"column":38}},"1":{"start":{"line":4,"column":0},"end":{"line":4,"column":30}},"2":{"start":{"line":5,"column":0},"end":{"line":5,"column":40}},"3":{"start":{"line":7,"column":0},"end":{"line":11,"column":2}},"4":{"start":{"line":7,"column":42},"end":{"line":11,"column":2}},"5":{"start":{"line":8,"column":2},"end":{"line":8,"column":27}},"6":{"start":{"line":9,"column":2},"end":{"line":9,"column":28}},"7":{"start":{"line":10,"column":2},"end":{"line":10,"column":70}}},"fnMap":{"0":{"name":"(anonymous_8)","decl":{"start":{"line":7,"column":15},"end":{"line":7,"column":22}},"loc":{"start":{"line":7,"column":42},"end":{"line":11,"column":2}}},"1":{"name":"(anonymous_9)","decl":{"start":{"line":7,"column":42},"end":{"line":7,"column":null}},"loc":{"start":{"line":7,"column":42},"end":{"line":11,"column":1}}}},"branchMap":{"0":{"loc":{"start":{"line":10,"column":2},"end":{"line":10,"column":69}},"type":"binary-expr","locations":[{"start":{"line":10,"column":2},"end":{"line":10,"column":33}},{"start":{"line":10,"column":37},"end":{"line":10,"column":69}}]}},"s":{"0":2,"1":2,"2":2,"3":2,"4":11,"5":11,"6":11,"7":11},"f":{"0":11,"1":11},"b":{"0":[11,0]}}
,"/Users/shawn.mealey/Projects/dungeon_delvers/auth/src/loaders/logger.ts": {"path":"/Users/shawn.mealey/Projects/dungeon_delvers/auth/src/loaders/logger.ts","statementMap":{"0":{"start":{"line":1,"column":0},"end":{"line":1,"column":30}},"1":{"start":{"line":4,"column":0},"end":{"line":4,"column":31}},"2":{"start":{"line":6,"column":47},"end":{"line":6,"column":49}},"3":{"start":{"line":7,"column":0},"end":{"line":15,"column":1}},"4":{"start":{"line":8,"column":2},"end":{"line":8,"column":52}},"5":{"start":{"line":10,"column":2},"end":{"line":14,"column":4}},"6":{"start":{"line":17,"column":23},"end":{"line":29,"column":2}},"7":{"start":{"line":31,"column":0},"end":{"line":31,"column":30}}},"fnMap":{},"branchMap":{"0":{"loc":{"start":{"line":7,"column":0},"end":{"line":15,"column":1}},"type":"if","locations":[{"start":{"line":7,"column":0},"end":{"line":15,"column":1}},{"start":{"line":9,"column":7},"end":{"line":15,"column":1}}]}},"s":{"0":5,"1":5,"2":5,"3":5,"4":5,"5":0,"6":5,"7":5},"f":{},"b":{"0":[5,0]}}
,"/Users/shawn.mealey/Projects/dungeon_delvers/auth/src/loaders/passport.ts": {"path":"/Users/shawn.mealey/Projects/dungeon_delvers/auth/src/loaders/passport.ts","statementMap":{"0":{"start":{"line":2,"column":0},"end":{"line":2,"column":32}},"1":{"start":{"line":3,"column":0},"end":{"line":3,"column":59}},"2":{"start":{"line":6,"column":0},"end":{"line":6,"column":38}},"3":{"start":{"line":7,"column":0},"end":{"line":7,"column":55}},"4":{"start":{"line":8,"column":0},"end":{"line":8,"column":40}},"5":{"start":{"line":10,"column":0},"end":{"line":25,"column":2}},"6":{"start":{"line":11,"column":2},"end":{"line":11,"column":33}},"7":{"start":{"line":12,"column":2},"end":{"line":12,"column":30}},"8":{"start":{"line":13,"column":2},"end":{"line":13,"column":41}},"9":{"start":{"line":14,"column":2},"end":{"line":18,"column":5}},"10":{"start":{"line":15,"column":4},"end":{"line":15,"column":54}},"11":{"start":{"line":17,"column":4},"end":{"line":17,"column":21}},"12":{"start":{"line":19,"column":2},"end":{"line":23,"column":5}},"13":{"start":{"line":19,"column":57},"end":{"line":23,"column":4}},"14":{"start":{"line":20,"column":4},"end":{"line":20,"column":56}},"15":{"start":{"line":21,"column":17},"end":{"line":21,"column":61}},"16":{"start":{"line":22,"column":4},"end":{"line":22,"column":21}},"17":{"start":{"line":24,"column":2},"end":{"line":24,"column":44}}},"fnMap":{"0":{"name":"(anonymous_8)","decl":{"start":{"line":10,"column":15},"end":{"line":10,"column":16}},"loc":{"start":{"line":10,"column":36},"end":{"line":25,"column":1}}},"1":{"name":"(anonymous_9)","decl":{"start":{"line":14,"column":25},"end":{"line":14,"column":26}},"loc":{"start":{"line":14,"column":47},"end":{"line":18,"column":3}}},"2":{"name":"(anonymous_10)","decl":{"start":{"line":19,"column":27},"end":{"line":19,"column":34}},"loc":{"start":{"line":19,"column":57},"end":{"line":23,"column":4}}},"3":{"name":"(anonymous_11)","decl":{"start":{"line":19,"column":57},"end":{"line":19,"column":null}},"loc":{"start":{"line":19,"column":57},"end":{"line":23,"column":3}}}},"branchMap":{},"s":{"0":2,"1":2,"2":2,"3":2,"4":2,"5":2,"6":9,"7":9,"8":9,"9":9,"10":0,"11":0,"12":9,"13":0,"14":0,"15":0,"16":0,"17":9},"f":{"0":9,"1":0,"2":0,"3":0},"b":{}}
,"/Users/shawn.mealey/Projects/dungeon_delvers/auth/src/queries/user.ts": {"path":"/Users/shawn.mealey/Projects/dungeon_delvers/auth/src/queries/user.ts","statementMap":{"0":{"start":{"line":2,"column":0},"end":{"line":2,"column":52}},"1":{"start":{"line":10,"column":31},"end":{"line":17,"column":2}},"2":{"start":{"line":10,"column":95},"end":{"line":17,"column":2}},"3":{"start":{"line":11,"column":16},"end":{"line":14,"column":4}},"4":{"start":{"line":15,"column":17},"end":{"line":15,"column":47}},"5":{"start":{"line":16,"column":2},"end":{"line":16,"column":24}},"6":{"start":{"line":10,"column":13},"end":{"line":10,"column":31}},"7":{"start":{"line":19,"column":30},"end":{"line":25,"column":2}},"8":{"start":{"line":19,"column":51},"end":{"line":25,"column":2}},"9":{"start":{"line":20,"column":16},"end":{"line":23,"column":4}},"10":{"start":{"line":24,"column":2},"end":{"line":24,"column":43}},"11":{"start":{"line":19,"column":13},"end":{"line":19,"column":30}},"12":{"start":{"line":27,"column":31},"end":{"line":33,"column":2}},"13":{"start":{"line":27,"column":52},"end":{"line":33,"column":2}},"14":{"start":{"line":28,"column":16},"end":{"line":31,"column":4}},"15":{"start":{"line":32,"column":2},"end":{"line":32,"column":43}},"16":{"start":{"line":27,"column":13},"end":{"line":27,"column":31}},"17":{"start":{"line":35,"column":37},"end":{"line":41,"column":2}},"18":{"start":{"line":35,"column":64},"end":{"line":41,"column":2}},"19":{"start":{"line":36,"column":16},"end":{"line":39,"column":4}},"20":{"start":{"line":40,"column":2},"end":{"line":40,"column":50}},"21":{"start":{"line":35,"column":13},"end":{"line":35,"column":37}},"22":{"start":{"line":43,"column":34},"end":{"line":49,"column":2}},"23":{"start":{"line":43,"column":58},"end":{"line":49,"column":2}},"24":{"start":{"line":44,"column":16},"end":{"line":47,"column":4}},"25":{"start":{"line":48,"column":2},"end":{"line":48,"column":50}},"26":{"start":{"line":43,"column":13},"end":{"line":43,"column":34}}},"fnMap":{"0":{"name":"(anonymous_7)","decl":{"start":{"line":10,"column":31},"end":{"line":10,"column":38}},"loc":{"start":{"line":10,"column":95},"end":{"line":17,"column":2}}},"1":{"name":"(anonymous_8)","decl":{"start":{"line":10,"column":95},"end":{"line":10,"column":null}},"loc":{"start":{"line":10,"column":95},"end":{"line":17,"column":1}}},"2":{"name":"(anonymous_9)","decl":{"start":{"line":19,"column":30},"end":{"line":19,"column":37}},"loc":{"start":{"line":19,"column":51},"end":{"line":25,"column":2}}},"3":{"name":"(anonymous_10)","decl":{"start":{"line":19,"column":51},"end":{"line":19,"column":null}},"loc":{"start":{"line":19,"column":51},"end":{"line":25,"column":1}}},"4":{"name":"(anonymous_11)","decl":{"start":{"line":27,"column":31},"end":{"line":27,"column":38}},"loc":{"start":{"line":27,"column":52},"end":{"line":33,"column":2}}},"5":{"name":"(anonymous_12)","decl":{"start":{"line":27,"column":52},"end":{"line":27,"column":null}},"loc":{"start":{"line":27,"column":52},"end":{"line":33,"column":1}}},"6":{"name":"(anonymous_13)","decl":{"start":{"line":35,"column":37},"end":{"line":35,"column":44}},"loc":{"start":{"line":35,"column":64},"end":{"line":41,"column":2}}},"7":{"name":"(anonymous_14)","decl":{"start":{"line":35,"column":64},"end":{"line":35,"column":null}},"loc":{"start":{"line":35,"column":64},"end":{"line":41,"column":1}}},"8":{"name":"(anonymous_15)","decl":{"start":{"line":43,"column":34},"end":{"line":43,"column":41}},"loc":{"start":{"line":43,"column":58},"end":{"line":49,"column":2}}},"9":{"name":"(anonymous_16)","decl":{"start":{"line":43,"column":58},"end":{"line":43,"column":null}},"loc":{"start":{"line":43,"column":58},"end":{"line":49,"column":1}}}},"branchMap":{},"s":{"0":5,"1":5,"2":0,"3":0,"4":0,"5":0,"6":5,"7":5,"8":0,"9":0,"10":0,"11":5,"12":5,"13":0,"14":0,"15":0,"16":5,"17":5,"18":2,"19":2,"20":2,"21":5,"22":5,"23":0,"24":0,"25":0,"26":5},"f":{"0":0,"1":0,"2":0,"3":0,"4":0,"5":0,"6":2,"7":2,"8":0,"9":0},"b":{}}
,"/Users/shawn.mealey/Projects/dungeon_delvers/auth/src/services/auth.ts": {"path":"/Users/shawn.mealey/Projects/dungeon_delvers/auth/src/services/auth.ts","statementMap":{"0":{"start":{"line":1,"column":0},"end":{"line":1,"column":28}},"1":{"start":{"line":2,"column":0},"end":{"line":2,"column":31}},"2":{"start":{"line":5,"column":0},"end":{"line":5,"column":30}},"3":{"start":{"line":6,"column":0},"end":{"line":6,"column":38}},"4":{"start":{"line":7,"column":0},"end":{"line":7,"column":105}},"5":{"start":{"line":9,"column":37},"end":{"line":33,"column":2}},"6":{"start":{"line":9,"column":88},"end":{"line":33,"column":2}},"7":{"start":{"line":10,"column":2},"end":{"line":32,"column":3}},"8":{"start":{"line":11,"column":17},"end":{"line":11,"column":54}},"9":{"start":{"line":12,"column":4},"end":{"line":16,"column":5}},"10":{"start":{"line":13,"column":6},"end":{"line":13,"column":36}},"11":{"start":{"line":14,"column":6},"end":{"line":14,"column":55}},"12":{"start":{"line":15,"column":6},"end":{"line":15,"column":13}},"13":{"start":{"line":17,"column":21},"end":{"line":17,"column":71}},"14":{"start":{"line":18,"column":4},"end":{"line":27,"column":5}},"15":{"start":{"line":19,"column":6},"end":{"line":19,"column":36}},"16":{"start":{"line":20,"column":6},"end":{"line":20,"column":35}},"17":{"start":{"line":21,"column":6},"end":{"line":21,"column":23}},"18":{"start":{"line":22,"column":6},"end":{"line":22,"column":13}},"19":{"start":{"line":24,"column":6},"end":{"line":24,"column":40}},"20":{"start":{"line":25,"column":6},"end":{"line":25,"column":59}},"21":{"start":{"line":26,"column":6},"end":{"line":26,"column":13}},"22":{"start":{"line":29,"column":4},"end":{"line":29,"column":24}},"23":{"start":{"line":30,"column":4},"end":{"line":30,"column":16}},"24":{"start":{"line":31,"column":4},"end":{"line":31,"column":11}},"25":{"start":{"line":9,"column":13},"end":{"line":9,"column":37}},"26":{"start":{"line":35,"column":22},"end":{"line":40,"column":2}},"27":{"start":{"line":35,"column":43},"end":{"line":40,"column":2}},"28":{"start":{"line":36,"column":15},"end":{"line":36,"column":40}},"29":{"start":{"line":37,"column":2},"end":{"line":39,"column":3}},"30":{"start":{"line":38,"column":4},"end":{"line":38,"column":38}},"31":{"start":{"line":35,"column":13},"end":{"line":35,"column":22}},"32":{"start":{"line":42,"column":22},"end":{"line":57,"column":2}},"33":{"start":{"line":42,"column":82},"end":{"line":57,"column":2}},"34":{"start":{"line":43,"column":2},"end":{"line":56,"column":3}},"35":{"start":{"line":44,"column":25},"end":{"line":44,"column":61}},"36":{"start":{"line":45,"column":17},"end":{"line":45,"column":69}},"37":{"start":{"line":46,"column":4},"end":{"line":48,"column":5}},"38":{"start":{"line":47,"column":6},"end":{"line":47,"column":42}},"39":{"start":{"line":49,"column":4},"end":{"line":49,"column":31}},"40":{"start":{"line":50,"column":18},"end":{"line":50,"column":43}},"41":{"start":{"line":51,"column":4},"end":{"line":51,"column":27}},"42":{"start":{"line":52,"column":4},"end":{"line":52,"column":27}},"43":{"start":{"line":54,"column":4},"end":{"line":54,"column":24}},"44":{"start":{"line":55,"column":4},"end":{"line":55,"column":16}},"45":{"start":{"line":42,"column":13},"end":{"line":42,"column":22}},"46":{"start":{"line":59,"column":29},"end":{"line":61,"column":2}},"47":{"start":{"line":59,"column":42},"end":{"line":61,"column":2}},"48":{"start":{"line":60,"column":2},"end":{"line":60,"column":83}},"49":{"start":{"line":59,"column":13},"end":{"line":59,"column":29}},"50":{"start":{"line":63,"column":36},"end":{"line":66,"column":2}},"51":{"start":{"line":63,"column":72},"end":{"line":66,"column":2}},"52":{"start":{"line":64,"column":21},"end":{"line":64,"column":23}},"53":{"start":{"line":65,"column":2},"end":{"line":65,"column":52}},"54":{"start":{"line":63,"column":13},"end":{"line":63,"column":36}},"55":{"start":{"line":68,"column":23},"end":{"line":70,"column":2}},"56":{"start":{"line":68,"column":81},"end":{"line":70,"column":2}},"57":{"start":{"line":69,"column":2},"end":{"line":69,"column":63}}},"fnMap":{"0":{"name":"(anonymous_8)","decl":{"start":{"line":9,"column":37},"end":{"line":9,"column":44}},"loc":{"start":{"line":9,"column":88},"end":{"line":33,"column":2}}},"1":{"name":"(anonymous_9)","decl":{"start":{"line":9,"column":88},"end":{"line":9,"column":null}},"loc":{"start":{"line":9,"column":88},"end":{"line":33,"column":1}}},"2":{"name":"(anonymous_10)","decl":{"start":{"line":35,"column":22},"end":{"line":35,"column":29}},"loc":{"start":{"line":35,"column":43},"end":{"line":40,"column":2}}},"3":{"name":"(anonymous_11)","decl":{"start":{"line":35,"column":43},"end":{"line":35,"column":null}},"loc":{"start":{"line":35,"column":43},"end":{"line":40,"column":1}}},"4":{"name":"(anonymous_12)","decl":{"start":{"line":42,"column":22},"end":{"line":42,"column":29}},"loc":{"start":{"line":42,"column":82},"end":{"line":57,"column":2}}},"5":{"name":"(anonymous_13)","decl":{"start":{"line":42,"column":82},"end":{"line":42,"column":null}},"loc":{"start":{"line":42,"column":82},"end":{"line":57,"column":1}}},"6":{"name":"(anonymous_14)","decl":{"start":{"line":59,"column":29},"end":{"line":59,"column":35}},"loc":{"start":{"line":59,"column":42},"end":{"line":61,"column":2}}},"7":{"name":"(anonymous_15)","decl":{"start":{"line":59,"column":42},"end":{"line":59,"column":null}},"loc":{"start":{"line":59,"column":42},"end":{"line":61,"column":1}}},"8":{"name":"(anonymous_16)","decl":{"start":{"line":63,"column":36},"end":{"line":63,"column":43}},"loc":{"start":{"line":63,"column":72},"end":{"line":66,"column":2}}},"9":{"name":"(anonymous_17)","decl":{"start":{"line":63,"column":72},"end":{"line":63,"column":null}},"loc":{"start":{"line":63,"column":72},"end":{"line":66,"column":1}}},"10":{"name":"(anonymous_18)","decl":{"start":{"line":68,"column":23},"end":{"line":68,"column":30}},"loc":{"start":{"line":68,"column":81},"end":{"line":70,"column":2}}},"11":{"name":"(anonymous_19)","decl":{"start":{"line":68,"column":81},"end":{"line":68,"column":null}},"loc":{"start":{"line":68,"column":81},"end":{"line":70,"column":1}}}},"branchMap":{"0":{"loc":{"start":{"line":12,"column":4},"end":{"line":16,"column":5}},"type":"if","locations":[{"start":{"line":12,"column":4},"end":{"line":16,"column":5}}]},"1":{"loc":{"start":{"line":18,"column":4},"end":{"line":27,"column":5}},"type":"if","locations":[{"start":{"line":18,"column":4},"end":{"line":27,"column":5}},{"start":{"line":23,"column":11},"end":{"line":27,"column":5}}]},"2":{"loc":{"start":{"line":37,"column":2},"end":{"line":39,"column":3}},"type":"if","locations":[{"start":{"line":37,"column":2},"end":{"line":39,"column":3}}]},"3":{"loc":{"start":{"line":46,"column":4},"end":{"line":48,"column":5}},"type":"if","locations":[{"start":{"line":46,"column":4},"end":{"line":48,"column":5}}]}},"s":{"0":5,"1":5,"2":5,"3":5,"4":5,"5":5,"6":7,"7":7,"8":7,"9":5,"10":2,"11":2,"12":2,"13":3,"14":3,"15":2,"16":2,"17":2,"18":2,"19":1,"20":1,"21":1,"22":2,"23":2,"24":2,"25":5,"26":5,"27":2,"28":2,"29":1,"30":0,"31":5,"32":5,"33":0,"34":0,"35":0,"36":0,"37":0,"38":0,"39":0,"40":0,"41":0,"42":0,"43":0,"44":0,"45":5,"46":5,"47":0,"48":0,"49":5,"50":5,"51":3,"52":3,"53":3,"54":5,"55":5,"56":3,"57":3},"f":{"0":7,"1":7,"2":2,"3":2,"4":0,"5":0,"6":0,"7":0,"8":3,"9":3,"10":3,"11":3},"b":{"0":[2],"1":[2,1],"2":[0],"3":[0]}}
,"/Users/shawn.mealey/Projects/dungeon_delvers/auth/src/services/database/postgres.ts": {"path":"/Users/shawn.mealey/Projects/dungeon_delvers/auth/src/services/database/postgres.ts","statementMap":{"0":{"start":{"line":1,"column":0},"end":{"line":1,"column":26}},"1":{"start":{"line":3,"column":0},"end":{"line":3,"column":34}},"2":{"start":{"line":5,"column":13},"end":{"line":5,"column":46}}},"fnMap":{},"branchMap":{},"s":{"0":5,"1":5,"2":5},"f":{},"b":{}}
}
