{"/Users/shawn.mealey/Projects/dungeon_delvers/auth/src/api/index.ts": {"path":"/Users/shawn.mealey/Projects/dungeon_delvers/auth/src/api/index.ts","statementMap":{"0":{"start":{"line":1,"column":0},"end":{"line":1,"column":32}},"1":{"start":{"line":2,"column":0},"end":{"line":2,"column":32}},"2":{"start":{"line":4,"column":0},"end":{"line":8,"column":null}},"3":{"start":{"line":5,"column":17},"end":{"line":5,"column":25}},"4":{"start":{"line":6,"column":2},"end":{"line":6,"column":null}},"5":{"start":{"line":7,"column":2},"end":{"line":7,"column":null}}},"fnMap":{"0":{"name":"(anonymous_1)","decl":{"start":{"line":4,"column":15},"end":{"line":4,"column":18}},"loc":{"start":{"line":4,"column":20},"end":{"line":8,"column":1}}}},"branchMap":{},"s":{"0":2,"1":2,"2":2,"3":1,"4":1,"5":1},"f":{"0":1},"b":{}}
,"/Users/shawn.mealey/Projects/dungeon_delvers/auth/src/api/routes/auth.ts": {"path":"/Users/shawn.mealey/Projects/dungeon_delvers/auth/src/api/routes/auth.ts","statementMap":{"0":{"start":{"line":2,"column":0},"end":{"line":2,"column":31}},"1":{"start":{"line":3,"column":0},"end":{"line":3,"column":null}},"2":{"start":{"line":8,"column":0},"end":{"line":8,"column":54}},"3":{"start":{"line":10,"column":0},"end":{"line":54,"column":null}},"4":{"start":{"line":11,"column":2},"end":{"line":36,"column":null}},"5":{"start":{"line":11,"column":49},"end":{"line":36,"column":4}},"6":{"start":{"line":12,"column":19},"end":{"line":12,"column":60}},"7":{"start":{"line":13,"column":4},"end":{"line":35,"column":5}},"8":{"start":{"line":14,"column":6},"end":{"line":32,"column":null}},"9":{"start":{"line":16,"column":20},"end":{"line":31,"column":null}},"10":{"start":{"line":17,"column":10},"end":{"line":30,"column":11}},"11":{"start":{"line":18,"column":12},"end":{"line":18,"column":null}},"12":{"start":{"line":19,"column":12},"end":{"line":19,"column":null}},"13":{"start":{"line":21,"column":12},"end":{"line":29,"column":13}},"14":{"start":{"line":22,"column":14},"end":{"line":24,"column":null}},"15":{"start":{"line":23,"column":16},"end":{"line":23,"column":null}},"16":{"start":{"line":26,"column":14},"end":{"line":28,"column":null}},"17":{"start":{"line":34,"column":6},"end":{"line":34,"column":null}},"18":{"start":{"line":37,"column":2},"end":{"line":53,"column":null}},"19":{"start":{"line":37,"column":44},"end":{"line":53,"column":4}},"20":{"start":{"line":38,"column":22},"end":{"line":38,"column":44}},"21":{"start":{"line":40,"column":4},"end":{"line":52,"column":5}},"22":{"start":{"line":41,"column":6},"end":{"line":41,"column":null}},"23":{"start":{"line":43,"column":44},"end":{"line":43,"column":52}},"24":{"start":{"line":45,"column":27},"end":{"line":45,"column":63}},"25":{"start":{"line":46,"column":21},"end":{"line":46,"column":68}},"26":{"start":{"line":47,"column":6},"end":{"line":51,"column":7}},"27":{"start":{"line":48,"column":8},"end":{"line":48,"column":null}},"28":{"start":{"line":50,"column":8},"end":{"line":50,"column":null}}},"fnMap":{"0":{"name":"(anonymous_8)","decl":{"start":{"line":10,"column":15},"end":{"line":10,"column":16}},"loc":{"start":{"line":10,"column":34},"end":{"line":54,"column":1}}},"1":{"name":"(anonymous_9)","decl":{"start":{"line":11,"column":24},"end":{"line":11,"column":31}},"loc":{"start":{"line":11,"column":49},"end":{"line":36,"column":4}}},"2":{"name":"(anonymous_10)","decl":{"start":{"line":11,"column":49},"end":{"line":11,"column":null}},"loc":{"start":{"line":11,"column":49},"end":{"line":36,"column":3}}},"3":{"name":"(anonymous_11)","decl":{"start":{"line":16,"column":8},"end":{"line":16,"column":14}},"loc":{"start":{"line":16,"column":20},"end":{"line":31,"column":null}}},"4":{"name":"(anonymous_12)","decl":{"start":{"line":16,"column":20},"end":{"line":16,"column":null}},"loc":{"start":{"line":16,"column":20},"end":{"line":31,"column":9}}},"5":{"name":"(anonymous_13)","decl":{"start":{"line":22,"column":63},"end":{"line":22,"column":null}},"loc":{"start":{"line":22,"column":63},"end":{"line":24,"column":15}}},"6":{"name":"(anonymous_14)","decl":{"start":{"line":37,"column":25},"end":{"line":37,"column":32}},"loc":{"start":{"line":37,"column":44},"end":{"line":53,"column":4}}},"7":{"name":"(anonymous_15)","decl":{"start":{"line":37,"column":44},"end":{"line":37,"column":null}},"loc":{"start":{"line":37,"column":44},"end":{"line":53,"column":3}}}},"branchMap":{"0":{"loc":{"start":{"line":13,"column":4},"end":{"line":35,"column":5}},"type":"if","locations":[{"start":{"line":13,"column":4},"end":{"line":35,"column":5}},{"start":{"line":33,"column":11},"end":{"line":35,"column":5}}]},"1":{"loc":{"start":{"line":17,"column":10},"end":{"line":30,"column":11}},"type":"if","locations":[{"start":{"line":17,"column":10},"end":{"line":30,"column":11}},{"start":{"line":20,"column":17},"end":{"line":30,"column":11}}]},"2":{"loc":{"start":{"line":40,"column":4},"end":{"line":52,"column":5}},"type":"if","locations":[{"start":{"line":40,"column":4},"end":{"line":52,"column":5}},{"start":{"line":42,"column":11},"end":{"line":52,"column":5}}]},"3":{"loc":{"start":{"line":47,"column":6},"end":{"line":51,"column":7}},"type":"if","locations":[{"start":{"line":47,"column":6},"end":{"line":51,"column":7}},{"start":{"line":49,"column":13},"end":{"line":51,"column":7}}]}},"s":{"0":2,"1":2,"2":2,"3":2,"4":2,"5":1,"6":1,"7":1,"8":1,"9":1,"10":1,"11":0,"12":0,"13":1,"14":1,"15":1,"16":0,"17":0,"18":2,"19":3,"20":3,"21":3,"22":2,"23":1,"24":1,"25":1,"26":1,"27":1,"28":0},"f":{"0":2,"1":1,"2":1,"3":1,"4":1,"5":1,"6":3,"7":3},"b":{"0":[1,0],"1":[0,1],"2":[2,1],"3":[1,0]}}
,"/Users/shawn.mealey/Projects/dungeon_delvers/auth/src/config/index.ts": {"path":"/Users/shawn.mealey/Projects/dungeon_delvers/auth/src/config/index.ts","statementMap":{"0":{"start":{"line":1,"column":0},"end":{"line":1,"column":27}},"1":{"start":{"line":4,"column":0},"end":{"line":4,"column":null}},"2":{"start":{"line":6,"column":17},"end":{"line":6,"column":32}},"3":{"start":{"line":7,"column":0},"end":{"line":11,"column":1}},"4":{"start":{"line":10,"column":2},"end":{"line":10,"column":null}},"5":{"start":{"line":13,"column":0},"end":{"line":33,"column":null}}},"fnMap":{},"branchMap":{"0":{"loc":{"start":{"line":4,"column":23},"end":{"line":4,"column":60}},"type":"binary-expr","locations":[{"start":{"line":4,"column":23},"end":{"line":4,"column":43}},{"start":{"line":4,"column":47},"end":{"line":4,"column":60}}]},"1":{"loc":{"start":{"line":7,"column":0},"end":{"line":11,"column":1}},"type":"if","locations":[{"start":{"line":7,"column":0},"end":{"line":11,"column":1}}]},"2":{"loc":{"start":{"line":31,"column":11},"end":{"line":31,"column":43}},"type":"binary-expr","locations":[{"start":{"line":31,"column":11},"end":{"line":31,"column":32}},{"start":{"line":31,"column":36},"end":{"line":31,"column":43}}]}},"s":{"0":4,"1":4,"2":4,"3":4,"4":0,"5":4},"f":{},"b":{"0":[4,0],"1":[0],"2":[4,4]}}
,"/Users/shawn.mealey/Projects/dungeon_delvers/auth/src/loaders/express.ts": {"path":"/Users/shawn.mealey/Projects/dungeon_delvers/auth/src/loaders/express.ts","statementMap":{"0":{"start":{"line":1,"column":0},"end":{"line":1,"column":43}},"1":{"start":{"line":2,"column":0},"end":{"line":2,"column":23}},"2":{"start":{"line":3,"column":0},"end":{"line":3,"column":30}},"3":{"start":{"line":4,"column":0},"end":{"line":4,"column":27}},"4":{"start":{"line":5,"column":0},"end":{"line":5,"column":35}},"5":{"start":{"line":6,"column":0},"end":{"line":26,"column":null}},"6":{"start":{"line":7,"column":2},"end":{"line":9,"column":null}},"7":{"start":{"line":8,"column":4},"end":{"line":8,"column":null}},"8":{"start":{"line":10,"column":2},"end":{"line":12,"column":null}},"9":{"start":{"line":11,"column":4},"end":{"line":11,"column":null}},"10":{"start":{"line":16,"column":2},"end":{"line":16,"column":null}},"11":{"start":{"line":21,"column":2},"end":{"line":21,"column":null}},"12":{"start":{"line":22,"column":2},"end":{"line":22,"column":null}},"13":{"start":{"line":24,"column":2},"end":{"line":24,"column":null}},"14":{"start":{"line":25,"column":2},"end":{"line":25,"column":null}}},"fnMap":{"0":{"name":"(anonymous_1)","decl":{"start":{"line":6,"column":15},"end":{"line":6,"column":16}},"loc":{"start":{"line":6,"column":36},"end":{"line":26,"column":1}}},"1":{"name":"(anonymous_2)","decl":{"start":{"line":7,"column":21},"end":{"line":7,"column":22}},"loc":{"start":{"line":7,"column":34},"end":{"line":9,"column":3}}},"2":{"name":"(anonymous_3)","decl":{"start":{"line":10,"column":22},"end":{"line":10,"column":23}},"loc":{"start":{"line":10,"column":35},"end":{"line":12,"column":3}}}},"branchMap":{},"s":{"0":3,"1":3,"2":3,"3":3,"4":3,"5":3,"6":9,"7":1,"8":9,"9":1,"10":9,"11":9,"12":9,"13":9,"14":9},"f":{"0":9,"1":1,"2":1},"b":{}}
,"/Users/shawn.mealey/Projects/dungeon_delvers/auth/src/loaders/index.ts": {"path":"/Users/shawn.mealey/Projects/dungeon_delvers/auth/src/loaders/index.ts","statementMap":{"0":{"start":{"line":2,"column":0},"end":{"line":2,"column":29}},"1":{"start":{"line":3,"column":0},"end":{"line":3,"column":37}},"2":{"start":{"line":5,"column":0},"end":{"line":8,"column":null}},"3":{"start":{"line":5,"column":42},"end":{"line":8,"column":null}},"4":{"start":{"line":6,"column":2},"end":{"line":6,"column":null}},"5":{"start":{"line":7,"column":2},"end":{"line":7,"column":null}}},"fnMap":{"0":{"name":"(anonymous_8)","decl":{"start":{"line":5,"column":15},"end":{"line":5,"column":22}},"loc":{"start":{"line":5,"column":42},"end":{"line":8,"column":null}}},"1":{"name":"(anonymous_9)","decl":{"start":{"line":5,"column":42},"end":{"line":5,"column":null}},"loc":{"start":{"line":5,"column":42},"end":{"line":8,"column":1}}}},"branchMap":{},"s":{"0":2,"1":2,"2":2,"3":3,"4":3,"5":3},"f":{"0":3,"1":3},"b":{}}
,"/Users/shawn.mealey/Projects/dungeon_delvers/auth/src/loaders/logger.ts": {"path":"/Users/shawn.mealey/Projects/dungeon_delvers/auth/src/loaders/logger.ts","statementMap":{"0":{"start":{"line":1,"column":0},"end":{"line":1,"column":29}},"1":{"start":{"line":2,"column":0},"end":{"line":2,"column":30}},"2":{"start":{"line":4,"column":19},"end":{"line":4,"column":21}},"3":{"start":{"line":5,"column":0},"end":{"line":16,"column":1}},"4":{"start":{"line":6,"column":2},"end":{"line":6,"column":null}},"5":{"start":{"line":8,"column":2},"end":{"line":15,"column":null}},"6":{"start":{"line":18,"column":23},"end":{"line":30,"column":2}},"7":{"start":{"line":32,"column":0},"end":{"line":32,"column":null}}},"fnMap":{},"branchMap":{"0":{"loc":{"start":{"line":5,"column":0},"end":{"line":16,"column":1}},"type":"if","locations":[{"start":{"line":5,"column":0},"end":{"line":16,"column":1}},{"start":{"line":7,"column":7},"end":{"line":16,"column":1}}]}},"s":{"0":3,"1":3,"2":3,"3":3,"4":3,"5":0,"6":3,"7":3},"f":{},"b":{"0":[3,0]}}
,"/Users/shawn.mealey/Projects/dungeon_delvers/auth/src/models/user.ts": {"path":"/Users/shawn.mealey/Projects/dungeon_delvers/auth/src/models/user.ts","statementMap":{"0":{"start":{"line":1,"column":0},"end":{"line":1,"column":52}},"1":{"start":{"line":2,"column":0},"end":{"line":2,"column":27}},"2":{"start":{"line":4,"column":26},"end":{"line":14,"column":null}},"3":{"start":{"line":8,"column":4},"end":{"line":14,"column":null}},"4":{"start":{"line":9,"column":16},"end":{"line":12,"column":null}},"5":{"start":{"line":13,"column":2},"end":{"line":13,"column":null}},"6":{"start":{"line":4,"column":13},"end":{"line":4,"column":26}},"7":{"start":{"line":16,"column":32},"end":{"line":23,"column":null}},"8":{"start":{"line":16,"column":59},"end":{"line":23,"column":null}},"9":{"start":{"line":17,"column":16},"end":{"line":20,"column":null}},"10":{"start":{"line":21,"column":19},"end":{"line":21,"column":42}},"11":{"start":{"line":22,"column":2},"end":{"line":22,"column":null}},"12":{"start":{"line":16,"column":13},"end":{"line":16,"column":32}},"13":{"start":{"line":25,"column":36},"end":{"line":28,"column":null}},"14":{"start":{"line":25,"column":72},"end":{"line":28,"column":null}},"15":{"start":{"line":26,"column":21},"end":{"line":26,"column":23}},"16":{"start":{"line":27,"column":2},"end":{"line":27,"column":null}},"17":{"start":{"line":25,"column":13},"end":{"line":25,"column":36}},"18":{"start":{"line":30,"column":30},"end":{"line":35,"column":1}},"19":{"start":{"line":34,"column":2},"end":{"line":34,"column":null}},"20":{"start":{"line":30,"column":13},"end":{"line":30,"column":30}}},"fnMap":{"0":{"name":"(anonymous_8)","decl":{"start":{"line":4,"column":26},"end":{"line":4,"column":null}},"loc":{"start":{"line":8,"column":4},"end":{"line":14,"column":null}}},"1":{"name":"(anonymous_9)","decl":{"start":{"line":8,"column":4},"end":{"line":8,"column":null}},"loc":{"start":{"line":8,"column":4},"end":{"line":14,"column":1}}},"2":{"name":"(anonymous_10)","decl":{"start":{"line":16,"column":32},"end":{"line":16,"column":39}},"loc":{"start":{"line":16,"column":59},"end":{"line":23,"column":null}}},"3":{"name":"(anonymous_11)","decl":{"start":{"line":16,"column":59},"end":{"line":16,"column":null}},"loc":{"start":{"line":16,"column":59},"end":{"line":23,"column":1}}},"4":{"name":"(anonymous_12)","decl":{"start":{"line":25,"column":36},"end":{"line":25,"column":43}},"loc":{"start":{"line":25,"column":72},"end":{"line":28,"column":null}}},"5":{"name":"(anonymous_13)","decl":{"start":{"line":25,"column":72},"end":{"line":25,"column":null}},"loc":{"start":{"line":25,"column":72},"end":{"line":28,"column":1}}},"6":{"name":"(anonymous_14)","decl":{"start":{"line":30,"column":30},"end":{"line":30,"column":null}},"loc":{"start":{"line":33,"column":4},"end":{"line":35,"column":1}}}},"branchMap":{},"s":{"0":3,"1":3,"2":3,"3":1,"4":1,"5":1,"6":3,"7":3,"8":3,"9":3,"10":3,"11":3,"12":3,"13":3,"14":1,"15":1,"16":1,"17":3,"18":3,"19":0,"20":3},"f":{"0":1,"1":1,"2":3,"3":3,"4":1,"5":1,"6":0},"b":{}}
,"/Users/shawn.mealey/Projects/dungeon_delvers/auth/src/models/validation.ts": {"path":"/Users/shawn.mealey/Projects/dungeon_delvers/auth/src/models/validation.ts","statementMap":{"0":{"start":{"line":1,"column":0},"end":{"line":1,"column":21}},"1":{"start":{"line":10,"column":28},"end":{"line":21,"column":21}},"2":{"start":{"line":11,"column":2},"end":{"line":21,"column":21}},"3":{"start":{"line":10,"column":13},"end":{"line":10,"column":28}}},"fnMap":{"0":{"name":"(anonymous_1)","decl":{"start":{"line":10,"column":28},"end":{"line":10,"column":29}},"loc":{"start":{"line":11,"column":2},"end":{"line":21,"column":21}}}},"branchMap":{},"s":{"0":2,"1":2,"2":3,"3":2},"f":{"0":3},"b":{}}
,"/Users/shawn.mealey/Projects/dungeon_delvers/auth/src/services/auth.ts": {"path":"/Users/shawn.mealey/Projects/dungeon_delvers/auth/src/services/auth.ts","statementMap":{"0":{"start":{"line":1,"column":0},"end":{"line":1,"column":37}},"1":{"start":{"line":2,"column":0},"end":{"line":2,"column":31}},"2":{"start":{"line":3,"column":0},"end":{"line":3,"column":42}},"3":{"start":{"line":12,"column":0},"end":{"line":45,"column":null}},"4":{"start":{"line":13,"column":2},"end":{"line":25,"column":null}},"5":{"start":{"line":27,"column":2},"end":{"line":29,"column":null}},"6":{"start":{"line":28,"column":4},"end":{"line":28,"column":null}},"7":{"start":{"line":31,"column":2},"end":{"line":42,"column":null}},"8":{"start":{"line":31,"column":50},"end":{"line":42,"column":4}},"9":{"start":{"line":32,"column":18},"end":{"line":35,"column":null}},"10":{"start":{"line":36,"column":21},"end":{"line":36,"column":44}},"11":{"start":{"line":37,"column":4},"end":{"line":39,"column":5}},"12":{"start":{"line":38,"column":6},"end":{"line":38,"column":null}},"13":{"start":{"line":40,"column":17},"end":{"line":40,"column":24}},"14":{"start":{"line":41,"column":4},"end":{"line":41,"column":null}},"15":{"start":{"line":43,"column":2},"end":{"line":43,"column":null}},"16":{"start":{"line":44,"column":2},"end":{"line":44,"column":null}}},"fnMap":{"0":{"name":"(anonymous_8)","decl":{"start":{"line":12,"column":15},"end":{"line":12,"column":16}},"loc":{"start":{"line":12,"column":44},"end":{"line":45,"column":1}}},"1":{"name":"(anonymous_9)","decl":{"start":{"line":27,"column":25},"end":{"line":27,"column":26}},"loc":{"start":{"line":27,"column":40},"end":{"line":29,"column":3}}},"2":{"name":"(anonymous_10)","decl":{"start":{"line":31,"column":27},"end":{"line":31,"column":34}},"loc":{"start":{"line":31,"column":50},"end":{"line":42,"column":4}}},"3":{"name":"(anonymous_11)","decl":{"start":{"line":31,"column":50},"end":{"line":31,"column":null}},"loc":{"start":{"line":31,"column":50},"end":{"line":42,"column":3}}}},"branchMap":{"0":{"loc":{"start":{"line":37,"column":4},"end":{"line":39,"column":5}},"type":"if","locations":[{"start":{"line":37,"column":4},"end":{"line":39,"column":5}}]}},"s":{"0":3,"1":3,"2":3,"3":3,"4":5,"5":5,"6":2,"7":5,"8":2,"9":2,"10":2,"11":2,"12":1,"13":1,"14":1,"15":5,"16":5},"f":{"0":5,"1":2,"2":2,"3":2},"b":{"0":[1]}}
,"/Users/shawn.mealey/Projects/dungeon_delvers/auth/src/services/database/postgres.ts": {"path":"/Users/shawn.mealey/Projects/dungeon_delvers/auth/src/services/database/postgres.ts","statementMap":{"0":{"start":{"line":1,"column":0},"end":{"line":1,"column":25}},"1":{"start":{"line":9,"column":4},"end":{"line":9,"column":15}},"2":{"start":{"line":11,"column":13},"end":{"line":17,"column":null}}},"fnMap":{},"branchMap":{"0":{"loc":{"start":{"line":5,"column":2},"end":{"line":5,"column":23}},"type":"default-arg","locations":[{"start":{"line":5,"column":12},"end":{"line":5,"column":23}}]}},"s":{"0":4,"1":4,"2":4},"f":{},"b":{"0":[4]}}
}
