TN:
SF:src/api/index.ts
FN:4,(anonymous_1)
FNF:1
FNH:1
FNDA:1,(anonymous_1)
DA:1,2
DA:2,2
DA:4,2
DA:5,1
DA:6,1
DA:7,1
LF:6
LH:6
BRF:0
BRH:0
end_of_record
TN:
SF:src/api/routes/auth.ts
FN:10,(anonymous_8)
FN:11,(anonymous_9)
FN:11,(anonymous_10)
FN:16,(anonymous_11)
FN:16,(anonymous_12)
FN:22,(anonymous_13)
FN:37,(anonymous_14)
FN:37,(anonymous_15)
FNF:8
FNH:8
FNDA:2,(anonymous_8)
FNDA:1,(anonymous_9)
FNDA:1,(anonymous_10)
FNDA:1,(anonymous_11)
FNDA:1,(anonymous_12)
FNDA:1,(anonymous_13)
FNDA:3,(anonymous_14)
FNDA:3,(anonymous_15)
DA:2,2
DA:3,2
DA:8,2
DA:10,2
DA:11,2
DA:12,1
DA:13,1
DA:14,1
DA:16,1
DA:17,1
DA:18,0
DA:19,0
DA:21,1
DA:22,1
DA:23,1
DA:26,0
DA:34,0
DA:37,3
DA:38,3
DA:40,3
DA:41,2
DA:43,1
DA:45,1
DA:46,1
DA:47,1
DA:48,1
DA:50,0
LF:27
LH:22
BRDA:13,0,0,1
BRDA:13,0,1,0
BRDA:17,1,0,0
BRDA:17,1,1,1
BRDA:40,2,0,2
BRDA:40,2,1,1
BRDA:47,3,0,1
BRDA:47,3,1,0
BRF:8
BRH:5
end_of_record
TN:
SF:src/config/index.ts
FNF:0
FNH:0
DA:1,4
DA:4,4
DA:6,4
DA:7,4
DA:10,0
DA:13,4
LF:6
LH:5
BRDA:4,0,0,4
BRDA:4,0,1,0
BRDA:7,1,0,0
BRDA:31,2,0,4
BRDA:31,2,1,4
BRF:5
BRH:3
end_of_record
TN:
SF:src/loaders/express.ts
FN:6,(anonymous_1)
FN:7,(anonymous_2)
FN:10,(anonymous_3)
FNF:3
FNH:3
FNDA:9,(anonymous_1)
FNDA:1,(anonymous_2)
FNDA:1,(anonymous_3)
DA:1,3
DA:2,3
DA:3,3
DA:4,3
DA:5,3
DA:6,3
DA:7,9
DA:8,1
DA:10,9
DA:11,1
DA:16,9
DA:21,9
DA:22,9
DA:24,9
DA:25,9
LF:15
LH:15
BRF:0
BRH:0
end_of_record
TN:
SF:src/loaders/index.ts
FN:5,(anonymous_8)
FN:5,(anonymous_9)
FNF:2
FNH:2
FNDA:3,(anonymous_8)
FNDA:3,(anonymous_9)
DA:2,2
DA:3,2
DA:5,3
DA:6,3
DA:7,3
LF:5
LH:5
BRF:0
BRH:0
end_of_record
TN:
SF:src/loaders/logger.ts
FNF:0
FNH:0
DA:1,3
DA:2,3
DA:4,3
DA:5,3
DA:6,3
DA:8,0
DA:18,3
DA:32,3
LF:8
LH:7
BRDA:5,0,0,3
BRDA:5,0,1,0
BRF:2
BRH:1
end_of_record
TN:
SF:src/models/user.ts
FN:4,(anonymous_8)
FN:8,(anonymous_9)
FN:16,(anonymous_10)
FN:16,(anonymous_11)
FN:25,(anonymous_12)
FN:25,(anonymous_13)
FN:30,(anonymous_14)
FNF:7
FNH:6
FNDA:1,(anonymous_8)
FNDA:1,(anonymous_9)
FNDA:3,(anonymous_10)
FNDA:3,(anonymous_11)
FNDA:1,(anonymous_12)
FNDA:1,(anonymous_13)
FNDA:0,(anonymous_14)
DA:1,3
DA:2,3
DA:4,3
DA:8,1
DA:9,1
DA:13,1
DA:16,3
DA:17,3
DA:21,3
DA:22,3
DA:25,3
DA:26,1
DA:27,1
DA:30,3
DA:34,0
LF:15
LH:14
BRF:0
BRH:0
end_of_record
TN:
SF:src/models/validation.ts
FN:10,(anonymous_1)
FNF:1
FNH:1
FNDA:3,(anonymous_1)
DA:1,2
DA:10,2
DA:11,3
LF:3
LH:3
BRF:0
BRH:0
end_of_record
TN:
SF:src/services/auth.ts
FN:12,(anonymous_8)
FN:27,(anonymous_9)
FN:31,(anonymous_10)
FN:31,(anonymous_11)
FNF:4
FNH:4
FNDA:5,(anonymous_8)
FNDA:2,(anonymous_9)
FNDA:2,(anonymous_10)
FNDA:2,(anonymous_11)
DA:1,3
DA:2,3
DA:3,3
DA:12,3
DA:13,5
DA:27,5
DA:28,2
DA:31,5
DA:32,2
DA:36,2
DA:37,2
DA:38,1
DA:40,1
DA:41,1
DA:43,5
DA:44,5
LF:16
LH:16
BRDA:37,0,0,1
BRF:1
BRH:1
end_of_record
TN:
SF:src/services/database/postgres.ts
FNF:0
FNH:0
DA:1,4
DA:9,4
DA:11,4
LF:3
LH:3
BRDA:5,0,0,4
BRF:1
BRH:1
end_of_record
