TN:
SF:src/app.ts
FN:6,startServer
FN:8,(anonymous_16)
FN:10,(anonymous_17)
FNF:3
FNH:3
FNDA:1,startServer
FNDA:1,(anonymous_16)
FNDA:1,(anonymous_17)
DA:1,1
DA:3,1
DA:4,1
DA:7,1
DA:8,2
DA:9,1
DA:10,1
DA:11,1
DA:19,1
LF:9
LH:9
BRF:0
BRH:0
end_of_record
TN:
SF:src/api/index.ts
FN:5,(anonymous_1)
FNF:1
FNH:1
FNDA:10,(anonymous_1)
DA:1,3
DA:3,3
DA:5,3
DA:6,10
DA:7,10
DA:8,10
LF:6
LH:6
BRF:0
BRH:0
end_of_record
TN:
SF:src/api/routes/auth.ts
FN:9,(anonymous_8)
FN:13,(anonymous_9)
FN:13,(anonymous_10)
FN:14,(anonymous_11)
FN:24,(anonymous_12)
FN:24,(anonymous_13)
FN:39,(anonymous_14)
FN:39,(anonymous_15)
FN:59,(anonymous_16)
FN:59,(anonymous_17)
FNF:10
FNH:10
FNDA:9,(anonymous_8)
FNDA:3,(anonymous_9)
FNDA:3,(anonymous_10)
FNDA:3,(anonymous_11)
FNDA:1,(anonymous_12)
FNDA:1,(anonymous_13)
FNDA:2,(anonymous_14)
FNDA:2,(anonymous_15)
FNDA:2,(anonymous_16)
FNDA:2,(anonymous_17)
DA:1,3
DA:3,3
DA:6,3
DA:7,3
DA:9,3
DA:10,9
DA:13,3
DA:14,3
DA:15,3
DA:16,1
DA:17,1
DA:18,1
DA:20,2
DA:21,1
DA:22,1
DA:24,1
DA:25,1
DA:26,0
DA:27,0
DA:28,0
DA:30,1
DA:31,1
DA:36,9
DA:39,2
DA:40,2
DA:41,2
DA:42,1
DA:44,1
DA:45,1
DA:50,9
DA:59,2
DA:60,2
DA:61,2
DA:62,1
DA:63,0
DA:64,0
DA:66,1
DA:68,1
DA:69,1
DA:71,0
LF:40
LH:34
BRDA:15,0,0,1
BRDA:20,1,0,1
BRDA:25,2,0,0
BRDA:62,3,0,0
BRDA:68,4,0,1
BRDA:68,4,1,0
BRF:6
BRH:3
end_of_record
TN:
SF:src/config/index.ts
FNF:0
FNH:0
DA:4,10
DA:6,10
LF:2
LH:2
BRDA:4,0,0,10
BRDA:4,0,1,0
BRDA:27,1,0,10
BRDA:27,1,1,10
BRF:4
BRH:3
end_of_record
TN:
SF:src/loaders/express.ts
FN:8,(anonymous_1)
FN:9,(anonymous_2)
FN:12,(anonymous_3)
FNF:3
FNH:1
FNDA:9,(anonymous_1)
FNDA:0,(anonymous_2)
FNDA:0,(anonymous_3)
DA:1,2
DA:2,2
DA:3,2
DA:5,2
DA:6,2
DA:8,2
DA:9,9
DA:10,0
DA:12,9
DA:13,0
DA:18,9
DA:20,9
DA:31,9
DA:33,9
DA:34,9
LF:15
LH:13
BRF:0
BRH:0
end_of_record
TN:
SF:src/loaders/index.ts
FN:7,(anonymous_8)
FN:7,(anonymous_9)
FNF:2
FNH:2
FNDA:11,(anonymous_8)
FNDA:11,(anonymous_9)
DA:3,2
DA:4,2
DA:5,2
DA:7,11
DA:8,11
DA:9,11
DA:10,11
LF:7
LH:7
BRDA:10,0,0,11
BRDA:10,0,1,0
BRF:2
BRH:1
end_of_record
TN:
SF:src/loaders/logger.ts
FNF:0
FNH:0
DA:1,5
DA:4,5
DA:6,5
DA:7,5
DA:8,5
DA:10,0
DA:17,5
DA:31,5
LF:8
LH:7
BRDA:7,0,0,5
BRDA:7,0,1,0
BRF:2
BRH:1
end_of_record
TN:
SF:src/loaders/passport.ts
FN:10,(anonymous_8)
FN:14,(anonymous_9)
FN:19,(anonymous_10)
FN:19,(anonymous_11)
FNF:4
FNH:1
FNDA:9,(anonymous_8)
FNDA:0,(anonymous_9)
FNDA:0,(anonymous_10)
FNDA:0,(anonymous_11)
DA:2,2
DA:3,2
DA:6,2
DA:7,2
DA:8,2
DA:10,2
DA:11,9
DA:12,9
DA:13,9
DA:14,9
DA:15,0
DA:17,0
DA:19,9
DA:20,0
DA:21,0
DA:22,0
DA:24,9
LF:17
LH:12
BRF:0
BRH:0
end_of_record
TN:
SF:src/queries/user.ts
FN:10,(anonymous_7)
FN:10,(anonymous_8)
FN:19,(anonymous_9)
FN:19,(anonymous_10)
FN:27,(anonymous_11)
FN:27,(anonymous_12)
FN:35,(anonymous_13)
FN:35,(anonymous_14)
FN:43,(anonymous_15)
FN:43,(anonymous_16)
FNF:10
FNH:2
FNDA:0,(anonymous_7)
FNDA:0,(anonymous_8)
FNDA:0,(anonymous_9)
FNDA:0,(anonymous_10)
FNDA:0,(anonymous_11)
FNDA:0,(anonymous_12)
FNDA:2,(anonymous_13)
FNDA:2,(anonymous_14)
FNDA:0,(anonymous_15)
FNDA:0,(anonymous_16)
DA:2,5
DA:10,5
DA:11,0
DA:15,0
DA:16,0
DA:19,5
DA:20,0
DA:24,0
DA:27,5
DA:28,0
DA:32,0
DA:35,5
DA:36,2
DA:40,2
DA:43,5
DA:44,0
DA:48,0
LF:17
LH:8
BRF:0
BRH:0
end_of_record
TN:
SF:src/services/auth.ts
FN:9,(anonymous_8)
FN:9,(anonymous_9)
FN:35,(anonymous_10)
FN:35,(anonymous_11)
FN:42,(anonymous_12)
FN:42,(anonymous_13)
FN:59,(anonymous_14)
FN:59,(anonymous_15)
FN:63,(anonymous_16)
FN:63,(anonymous_17)
FN:68,(anonymous_18)
FN:68,(anonymous_19)
FNF:12
FNH:8
FNDA:7,(anonymous_8)
FNDA:7,(anonymous_9)
FNDA:2,(anonymous_10)
FNDA:2,(anonymous_11)
FNDA:0,(anonymous_12)
FNDA:0,(anonymous_13)
FNDA:0,(anonymous_14)
FNDA:0,(anonymous_15)
FNDA:3,(anonymous_16)
FNDA:3,(anonymous_17)
FNDA:3,(anonymous_18)
FNDA:3,(anonymous_19)
DA:1,5
DA:2,5
DA:5,5
DA:6,5
DA:7,5
DA:9,7
DA:10,7
DA:11,7
DA:12,5
DA:13,2
DA:14,2
DA:15,2
DA:17,3
DA:18,3
DA:19,2
DA:20,2
DA:21,2
DA:22,2
DA:24,1
DA:25,1
DA:26,1
DA:29,2
DA:30,2
DA:31,2
DA:35,5
DA:36,2
DA:37,1
DA:38,0
DA:42,5
DA:43,0
DA:44,0
DA:45,0
DA:46,0
DA:47,0
DA:49,0
DA:50,0
DA:51,0
DA:52,0
DA:54,0
DA:55,0
DA:59,5
DA:60,0
DA:63,5
DA:64,3
DA:65,3
DA:68,5
DA:69,3
LF:47
LH:34
BRDA:12,0,0,2
BRDA:18,1,0,2
BRDA:18,1,1,1
BRDA:37,2,0,0
BRDA:46,3,0,0
BRF:5
BRH:3
end_of_record
TN:
SF:src/services/database/postgres.ts
FNF:0
FNH:0
DA:1,5
DA:3,5
DA:5,5
LF:3
LH:3
BRF:0
BRH:0
end_of_record
