{"/Users/shawn.mealey/Projects/dungeon_delvers/client/src/content/actions.ts": {"path":"/Users/shawn.mealey/Projects/dungeon_delvers/client/src/content/actions.ts","statementMap":{"0":{"start":{"line":1,"column":0},"end":{"line":1,"column":61}},"1":{"start":{"line":4,"column":13},"end":{"line":33,"column":2}},"2":{"start":{"line":6,"column":4},"end":{"line":17,"column":7}},"3":{"start":{"line":12,"column":8},"end":{"line":14,"column":9}},"4":{"start":{"line":13,"column":10},"end":{"line":13,"column":69}},"5":{"start":{"line":15,"column":8},"end":{"line":15,"column":65}},"6":{"start":{"line":20,"column":4},"end":{"line":31,"column":7}},"7":{"start":{"line":29,"column":8},"end":{"line":29,"column":65}}},"fnMap":{"0":{"name":"(anonymous_0)","decl":{"start":{"line":5,"column":14},"end":{"line":5,"column":15}},"loc":{"start":{"line":5,"column":46},"end":{"line":18,"column":3}}},"1":{"name":"(anonymous_1)","decl":{"start":{"line":11,"column":17},"end":{"line":11,"column":20}},"loc":{"start":{"line":11,"column":22},"end":{"line":16,"column":7}}},"2":{"name":"(anonymous_2)","decl":{"start":{"line":19,"column":12},"end":{"line":19,"column":13}},"loc":{"start":{"line":19,"column":44},"end":{"line":32,"column":3}}},"3":{"name":"(anonymous_3)","decl":{"start":{"line":28,"column":17},"end":{"line":28,"column":20}},"loc":{"start":{"line":28,"column":22},"end":{"line":30,"column":7}}}},"branchMap":{"0":{"loc":{"start":{"line":12,"column":8},"end":{"line":14,"column":9}},"type":"if","locations":[{"start":{"line":12,"column":8},"end":{"line":14,"column":9}}]}},"s":{"0":1,"1":1,"2":0,"3":0,"4":0,"5":0,"6":1,"7":1},"f":{"0":0,"1":0,"2":1,"3":1},"b":{"0":[0]}}
,"/Users/shawn.mealey/Projects/dungeon_delvers/client/src/content/monsters.ts": {"path":"/Users/shawn.mealey/Projects/dungeon_delvers/client/src/content/monsters.ts","statementMap":{"0":{"start":{"line":1,"column":0},"end":{"line":1,"column":null}},"1":{"start":{"line":2,"column":2},"end":{"line":2,"column":null}},"2":{"start":{"line":3,"column":2},"end":{"line":3,"column":null}},"3":{"start":{"line":4,"column":2},"end":{"line":4,"column":null}},"4":{"start":{"line":5,"column":2},"end":{"line":5,"column":null}},"5":{"start":{"line":6,"column":2},"end":{"line":6,"column":null}},"6":{"start":{"line":7,"column":2},"end":{"line":7,"column":null}},"7":{"start":{"line":8,"column":2},"end":{"line":8,"column":null}},"8":{"start":{"line":9,"column":2},"end":{"line":9,"column":null}},"9":{"start":{"line":10,"column":2},"end":{"line":10,"column":null}},"10":{"start":{"line":11,"column":2},"end":{"line":11,"column":null}},"11":{"start":{"line":12,"column":2},"end":{"line":12,"column":null}},"12":{"start":{"line":13,"column":2},"end":{"line":13,"column":null}},"13":{"start":{"line":14,"column":2},"end":{"line":14,"column":null}}},"fnMap":{"0":{"name":"(anonymous_0)","decl":{"start":{"line":1,"column":0},"end":{"line":1,"column":12}},"loc":{"start":{"line":1,"column":23},"end":{"line":15,"column":1}}}},"branchMap":{"0":{"loc":{"start":{"line":1,"column":12},"end":{"line":1,"column":null}},"type":"binary-expr","locations":[{"start":{"line":1,"column":12},"end":{"line":1,"column":23}},{"start":{"line":1,"column":23},"end":{"line":1,"column":null}}]}},"s":{"0":2,"1":2,"2":2,"3":2,"4":2,"5":2,"6":2,"7":2,"8":2,"9":2,"10":2,"11":2,"12":2,"13":2},"f":{"0":2},"b":{"0":[2,2]}}
,"/Users/shawn.mealey/Projects/dungeon_delvers/client/src/content/race.ts": {"path":"/Users/shawn.mealey/Projects/dungeon_delvers/client/src/content/race.ts","statementMap":{"0":{"start":{"line":1,"column":13},"end":{"line":80,"column":11}}},"fnMap":{},"branchMap":{},"s":{"0":1},"f":{},"b":{}}
,"/Users/shawn.mealey/Projects/dungeon_delvers/client/src/engine/core/action.ts": {"path":"/Users/shawn.mealey/Projects/dungeon_delvers/client/src/engine/core/action.ts","statementMap":{"0":{"start":{"line":26,"column":4},"end":{"line":26,"column":32}},"1":{"start":{"line":27,"column":4},"end":{"line":27,"column":22}},"2":{"start":{"line":28,"column":4},"end":{"line":28,"column":36}},"3":{"start":{"line":32,"column":4},"end":{"line":32,"column":27}},"4":{"start":{"line":36,"column":4},"end":{"line":36,"column":22}},"5":{"start":{"line":40,"column":4},"end":{"line":40,"column":29}},"6":{"start":{"line":20,"column":0},"end":{"line":20,"column":13}},"7":{"start":{"line":44,"column":13},"end":{"line":47,"column":3}},"8":{"start":{"line":48,"column":13},"end":{"line":51,"column":3}},"9":{"start":{"line":52,"column":24},"end":{"line":57,"column":4}},"10":{"start":{"line":53,"column":2},"end":{"line":57,"column":4}},"11":{"start":{"line":52,"column":13},"end":{"line":52,"column":24}},"12":{"start":{"line":61,"column":10},"end":{"line":61,"column":39}},"13":{"start":{"line":70,"column":4},"end":{"line":70,"column":24}},"14":{"start":{"line":71,"column":4},"end":{"line":71,"column":26}},"15":{"start":{"line":72,"column":4},"end":{"line":72,"column":22}},"16":{"start":{"line":73,"column":4},"end":{"line":73,"column":36}},"17":{"start":{"line":74,"column":4},"end":{"line":74,"column":22}},"18":{"start":{"line":75,"column":4},"end":{"line":75,"column":30}},"19":{"start":{"line":76,"column":4},"end":{"line":76,"column":24}},"20":{"start":{"line":77,"column":4},"end":{"line":77,"column":32}},"21":{"start":{"line":81,"column":4},"end":{"line":81,"column":29}},"22":{"start":{"line":85,"column":4},"end":{"line":85,"column":24}},"23":{"start":{"line":89,"column":4},"end":{"line":89,"column":28}},"24":{"start":{"line":93,"column":4},"end":{"line":93,"column":23}},"25":{"start":{"line":97,"column":4},"end":{"line":97,"column":26}},"26":{"start":{"line":101,"column":4},"end":{"line":101,"column":22}},"27":{"start":{"line":105,"column":4},"end":{"line":105,"column":29}},"28":{"start":{"line":109,"column":4},"end":{"line":109,"column":22}},"29":{"start":{"line":113,"column":4},"end":{"line":113,"column":23}},"30":{"start":{"line":59,"column":0},"end":{"line":59,"column":13}}},"fnMap":{"0":{"name":"(anonymous_0)","decl":{"start":{"line":25,"column":2},"end":{"line":25,"column":14}},"loc":{"start":{"line":25,"column":64},"end":{"line":29,"column":3}}},"1":{"name":"(anonymous_1)","decl":{"start":{"line":31,"column":2},"end":{"line":31,"column":6}},"loc":{"start":{"line":31,"column":15},"end":{"line":33,"column":3}}},"2":{"name":"(anonymous_2)","decl":{"start":{"line":35,"column":2},"end":{"line":35,"column":6}},"loc":{"start":{"line":35,"column":10},"end":{"line":37,"column":3}}},"3":{"name":"(anonymous_3)","decl":{"start":{"line":39,"column":2},"end":{"line":39,"column":6}},"loc":{"start":{"line":39,"column":17},"end":{"line":41,"column":3}}},"4":{"name":"(anonymous_4)","decl":{"start":{"line":52,"column":24},"end":{"line":52,"column":25}},"loc":{"start":{"line":53,"column":2},"end":{"line":57,"column":4}}},"5":{"name":"(anonymous_5)","decl":{"start":{"line":69,"column":2},"end":{"line":69,"column":14}},"loc":{"start":{"line":69,"column":108},"end":{"line":78,"column":3}}},"6":{"name":"(anonymous_6)","decl":{"start":{"line":80,"column":2},"end":{"line":80,"column":9}},"loc":{"start":{"line":80,"column":9},"end":{"line":82,"column":3}}},"7":{"name":"(anonymous_7)","decl":{"start":{"line":84,"column":2},"end":{"line":84,"column":6}},"loc":{"start":{"line":84,"column":12},"end":{"line":86,"column":3}}},"8":{"name":"(anonymous_8)","decl":{"start":{"line":88,"column":2},"end":{"line":88,"column":6}},"loc":{"start":{"line":88,"column":35},"end":{"line":90,"column":3}}},"9":{"name":"(anonymous_9)","decl":{"start":{"line":92,"column":2},"end":{"line":92,"column":6}},"loc":{"start":{"line":92,"column":11},"end":{"line":94,"column":3}}},"10":{"name":"(anonymous_10)","decl":{"start":{"line":96,"column":2},"end":{"line":96,"column":6}},"loc":{"start":{"line":96,"column":14},"end":{"line":98,"column":3}}},"11":{"name":"(anonymous_11)","decl":{"start":{"line":100,"column":2},"end":{"line":100,"column":6}},"loc":{"start":{"line":100,"column":10},"end":{"line":102,"column":3}}},"12":{"name":"(anonymous_12)","decl":{"start":{"line":104,"column":2},"end":{"line":104,"column":6}},"loc":{"start":{"line":104,"column":17},"end":{"line":106,"column":3}}},"13":{"name":"(anonymous_13)","decl":{"start":{"line":108,"column":2},"end":{"line":108,"column":6}},"loc":{"start":{"line":108,"column":10},"end":{"line":110,"column":3}}},"14":{"name":"(anonymous_14)","decl":{"start":{"line":112,"column":2},"end":{"line":112,"column":6}},"loc":{"start":{"line":112,"column":11},"end":{"line":114,"column":3}}}},"branchMap":{"0":{"loc":{"start":{"line":69,"column":50},"end":{"line":69,"column":58}},"type":"default-arg","locations":[{"start":{"line":69,"column":57},"end":{"line":69,"column":58}}]},"1":{"loc":{"start":{"line":69,"column":60},"end":{"line":69,"column":72}},"type":"default-arg","locations":[{"start":{"line":69,"column":71},"end":{"line":69,"column":72}}]},"2":{"loc":{"start":{"line":69,"column":74},"end":{"line":69,"column":83}},"type":"default-arg","locations":[{"start":{"line":69,"column":82},"end":{"line":69,"column":83}}]}},"s":{"0":8,"1":8,"2":8,"3":0,"4":0,"5":0,"6":1,"7":1,"8":1,"9":1,"10":1,"11":1,"12":2,"13":2,"14":2,"15":2,"16":2,"17":2,"18":2,"19":2,"20":2,"21":1,"22":0,"23":0,"24":0,"25":0,"26":0,"27":0,"28":0,"29":0,"30":1},"f":{"0":8,"1":0,"2":0,"3":0,"4":1,"5":2,"6":1,"7":0,"8":0,"9":0,"10":0,"11":0,"12":0,"13":0,"14":0},"b":{"0":[1],"1":[1],"2":[1]}}
,"/Users/shawn.mealey/Projects/dungeon_delvers/client/src/engine/core/actor.ts": {"path":"/Users/shawn.mealey/Projects/dungeon_delvers/client/src/engine/core/actor.ts","statementMap":{"0":{"start":{"line":1,"column":0},"end":{"line":1,"column":53}},"1":{"start":{"line":4,"column":21},"end":{"line":4,"column":25}},"2":{"start":{"line":5,"column":25},"end":{"line":5,"column":29}},"3":{"start":{"line":6,"column":27},"end":{"line":6,"column":31}},"4":{"start":{"line":7,"column":26},"end":{"line":7,"column":30}},"5":{"start":{"line":8,"column":19},"end":{"line":8,"column":23}},"6":{"start":{"line":9,"column":23},"end":{"line":9,"column":27}},"7":{"start":{"line":10,"column":21},"end":{"line":10,"column":25}},"8":{"start":{"line":11,"column":22},"end":{"line":11,"column":26}},"9":{"start":{"line":12,"column":20},"end":{"line":12,"column":24}},"10":{"start":{"line":13,"column":19},"end":{"line":13,"column":23}},"11":{"start":{"line":14,"column":19},"end":{"line":14,"column":23}},"12":{"start":{"line":15,"column":22},"end":{"line":15,"column":26}},"13":{"start":{"line":17,"column":0},"end":{"line":17,"column":null}},"14":{"start":{"line":18,"column":2},"end":{"line":18,"column":null}},"15":{"start":{"line":19,"column":2},"end":{"line":19,"column":null}},"16":{"start":{"line":20,"column":2},"end":{"line":20,"column":null}},"17":{"start":{"line":21,"column":2},"end":{"line":21,"column":null}},"18":{"start":{"line":151,"column":2},"end":{"line":162,"column":4}},"19":{"start":{"line":152,"column":22},"end":{"line":152,"column":115}},"20":{"start":{"line":153,"column":4},"end":{"line":161,"column":5}},"21":{"start":{"line":154,"column":6},"end":{"line":154,"column":36}},"22":{"start":{"line":155,"column":11},"end":{"line":161,"column":5}},"23":{"start":{"line":156,"column":6},"end":{"line":156,"column":31}},"24":{"start":{"line":157,"column":11},"end":{"line":161,"column":5}},"25":{"start":{"line":158,"column":6},"end":{"line":158,"column":33}},"26":{"start":{"line":160,"column":6},"end":{"line":160,"column":32}},"27":{"start":{"line":164,"column":2},"end":{"line":178,"column":4}},"28":{"start":{"line":165,"column":25},"end":{"line":165,"column":67}},"29":{"start":{"line":166,"column":19},"end":{"line":167,"column":104}},"30":{"start":{"line":167,"column":6},"end":{"line":167,"column":104}},"31":{"start":{"line":168,"column":4},"end":{"line":177,"column":5}},"32":{"start":{"line":170,"column":8},"end":{"line":170,"column":42}},"33":{"start":{"line":172,"column":8},"end":{"line":172,"column":24}},"34":{"start":{"line":174,"column":8},"end":{"line":174,"column":42}},"35":{"start":{"line":176,"column":8},"end":{"line":176,"column":22}},"36":{"start":{"line":65,"column":4},"end":{"line":65,"column":18}},"37":{"start":{"line":66,"column":4},"end":{"line":66,"column":34}},"38":{"start":{"line":67,"column":4},"end":{"line":77,"column":6}},"39":{"start":{"line":78,"column":4},"end":{"line":98,"column":6}},"40":{"start":{"line":99,"column":4},"end":{"line":105,"column":6}},"41":{"start":{"line":107,"column":4},"end":{"line":107,"column":54}},"42":{"start":{"line":110,"column":4},"end":{"line":110,"column":43}},"43":{"start":{"line":114,"column":4},"end":{"line":114,"column":20}},"44":{"start":{"line":118,"column":4},"end":{"line":118,"column":20}},"45":{"start":{"line":122,"column":4},"end":{"line":125,"column":null}},"46":{"start":{"line":129,"column":4},"end":{"line":129,"column":34}},"47":{"start":{"line":132,"column":4},"end":{"line":132,"column":30}},"48":{"start":{"line":136,"column":4},"end":{"line":136,"column":31}},"49":{"start":{"line":140,"column":4},"end":{"line":140,"column":40}},"50":{"start":{"line":144,"column":4},"end":{"line":144,"column":41}},"51":{"start":{"line":148,"column":4},"end":{"line":148,"column":22}},"52":{"start":{"line":36,"column":0},"end":{"line":36,"column":13}}},"fnMap":{"0":{"name":"(anonymous_0)","decl":{"start":{"line":17,"column":0},"end":{"line":17,"column":12}},"loc":{"start":{"line":17,"column":25},"end":{"line":22,"column":1}}},"1":{"name":"(anonymous_1)","decl":{"start":{"line":64,"column":2},"end":{"line":64,"column":14}},"loc":{"start":{"line":64,"column":90},"end":{"line":108,"column":3}}},"2":{"name":"(anonymous_2)","decl":{"start":{"line":151,"column":21},"end":{"line":151,"column":22}},"loc":{"start":{"line":151,"column":72},"end":{"line":162,"column":3}}},"3":{"name":"(anonymous_3)","decl":{"start":{"line":164,"column":20},"end":{"line":164,"column":21}},"loc":{"start":{"line":164,"column":109},"end":{"line":178,"column":3}}},"4":{"name":"(anonymous_4)","decl":{"start":{"line":166,"column":19},"end":{"line":166,"column":22}},"loc":{"start":{"line":167,"column":6},"end":{"line":167,"column":104}}},"5":{"name":"(anonymous_5)","decl":{"start":{"line":109,"column":2},"end":{"line":109,"column":15}},"loc":{"start":{"line":109,"column":47},"end":{"line":111,"column":3}}},"6":{"name":"(anonymous_6)","decl":{"start":{"line":113,"column":2},"end":{"line":113,"column":6}},"loc":{"start":{"line":113,"column":8},"end":{"line":115,"column":3}}},"7":{"name":"(anonymous_7)","decl":{"start":{"line":117,"column":2},"end":{"line":117,"column":6}},"loc":{"start":{"line":117,"column":21},"end":{"line":119,"column":3}}},"8":{"name":"(anonymous_8)","decl":{"start":{"line":121,"column":2},"end":{"line":121,"column":6}},"loc":{"start":{"line":121,"column":11},"end":{"line":127,"column":3}}},"9":{"name":"(anonymous_9)","decl":{"start":{"line":128,"column":2},"end":{"line":128,"column":6}},"loc":{"start":{"line":128,"column":13},"end":{"line":130,"column":3}}},"10":{"name":"(anonymous_10)","decl":{"start":{"line":131,"column":2},"end":{"line":131,"column":6}},"loc":{"start":{"line":131,"column":12},"end":{"line":133,"column":3}}},"11":{"name":"(anonymous_11)","decl":{"start":{"line":135,"column":2},"end":{"line":135,"column":6}},"loc":{"start":{"line":135,"column":26},"end":{"line":137,"column":3}}},"12":{"name":"(anonymous_12)","decl":{"start":{"line":139,"column":2},"end":{"line":139,"column":6}},"loc":{"start":{"line":139,"column":15},"end":{"line":141,"column":3}}},"13":{"name":"(anonymous_13)","decl":{"start":{"line":143,"column":2},"end":{"line":143,"column":6}},"loc":{"start":{"line":143,"column":29},"end":{"line":145,"column":3}}},"14":{"name":"(anonymous_14)","decl":{"start":{"line":147,"column":2},"end":{"line":147,"column":6}},"loc":{"start":{"line":147,"column":10},"end":{"line":149,"column":3}}}},"branchMap":{"0":{"loc":{"start":{"line":17,"column":12},"end":{"line":17,"column":null}},"type":"binary-expr","locations":[{"start":{"line":17,"column":12},"end":{"line":17,"column":25}},{"start":{"line":17,"column":25},"end":{"line":17,"column":null}}]},"1":{"loc":{"start":{"line":153,"column":4},"end":{"line":161,"column":5}},"type":"if","locations":[{"start":{"line":153,"column":4},"end":{"line":161,"column":5}},{"start":{"line":155,"column":11},"end":{"line":161,"column":5}}]},"2":{"loc":{"start":{"line":155,"column":11},"end":{"line":161,"column":5}},"type":"if","locations":[{"start":{"line":155,"column":11},"end":{"line":161,"column":5}},{"start":{"line":157,"column":11},"end":{"line":161,"column":5}}]},"3":{"loc":{"start":{"line":157,"column":11},"end":{"line":161,"column":5}},"type":"if","locations":[{"start":{"line":157,"column":11},"end":{"line":161,"column":5}},{"start":{"line":159,"column":11},"end":{"line":161,"column":5}}]},"4":{"loc":{"start":{"line":168,"column":4},"end":{"line":177,"column":5}},"type":"switch","locations":[{"start":{"line":169,"column":6},"end":{"line":170,"column":42}},{"start":{"line":171,"column":6},"end":{"line":172,"column":24}},{"start":{"line":173,"column":6},"end":{"line":174,"column":42}},{"start":{"line":175,"column":6},"end":{"line":176,"column":22}}]}},"s":{"0":2,"1":2,"2":2,"3":2,"4":2,"5":2,"6":2,"7":2,"8":2,"9":2,"10":2,"11":2,"12":2,"13":2,"14":2,"15":2,"16":2,"17":2,"18":3,"19":4,"20":4,"21":1,"22":3,"23":1,"24":2,"25":1,"26":1,"27":3,"28":4,"29":4,"30":3,"31":4,"32":1,"33":1,"34":1,"35":1,"36":3,"37":3,"38":3,"39":3,"40":3,"41":3,"42":18,"43":0,"44":0,"45":12,"46":0,"47":0,"48":0,"49":0,"50":0,"51":0,"52":2},"f":{"0":2,"1":3,"2":4,"3":4,"4":3,"5":18,"6":0,"7":0,"8":12,"9":0,"10":0,"11":0,"12":0,"13":0,"14":0},"b":{"0":[2,2],"1":[1,3],"2":[1,2],"3":[1,1],"4":[1,1,1,1]}}
,"/Users/shawn.mealey/Projects/dungeon_delvers/client/src/engine/core/attribute.ts": {"path":"/Users/shawn.mealey/Projects/dungeon_delvers/client/src/engine/core/attribute.ts","statementMap":{"0":{"start":{"line":1,"column":0},"end":{"line":1,"column":null}},"1":{"start":{"line":2,"column":2},"end":{"line":2,"column":null}},"2":{"start":{"line":3,"column":2},"end":{"line":3,"column":null}},"3":{"start":{"line":4,"column":2},"end":{"line":4,"column":null}},"4":{"start":{"line":5,"column":2},"end":{"line":5,"column":null}},"5":{"start":{"line":6,"column":2},"end":{"line":6,"column":null}},"6":{"start":{"line":7,"column":2},"end":{"line":7,"column":null}},"7":{"start":{"line":10,"column":13},"end":{"line":10,"column":38}},"8":{"start":{"line":11,"column":13},"end":{"line":11,"column":37}},"9":{"start":{"line":16,"column":4},"end":{"line":20,"column":5}},"10":{"start":{"line":17,"column":6},"end":{"line":19,"column":8}},"11":{"start":{"line":21,"column":4},"end":{"line":21,"column":25}},"12":{"start":{"line":24,"column":4},"end":{"line":24,"column":23}},"13":{"start":{"line":27,"column":4},"end":{"line":27,"column":25}},"14":{"start":{"line":30,"column":4},"end":{"line":30,"column":87}},"15":{"start":{"line":33,"column":4},"end":{"line":33,"column":41}},"16":{"start":{"line":39,"column":4},"end":{"line":39,"column":18}},"17":{"start":{"line":37,"column":0},"end":{"line":37,"column":13}},"18":{"start":{"line":45,"column":4},"end":{"line":45,"column":18}},"19":{"start":{"line":43,"column":0},"end":{"line":43,"column":13}},"20":{"start":{"line":51,"column":4},"end":{"line":51,"column":18}},"21":{"start":{"line":49,"column":0},"end":{"line":49,"column":13}},"22":{"start":{"line":57,"column":4},"end":{"line":57,"column":18}},"23":{"start":{"line":55,"column":0},"end":{"line":55,"column":13}},"24":{"start":{"line":63,"column":4},"end":{"line":63,"column":18}},"25":{"start":{"line":61,"column":0},"end":{"line":61,"column":13}},"26":{"start":{"line":69,"column":4},"end":{"line":69,"column":18}},"27":{"start":{"line":67,"column":0},"end":{"line":67,"column":13}},"28":{"start":{"line":83,"column":10},"end":{"line":90,"column":4}},"29":{"start":{"line":99,"column":4},"end":{"line":99,"column":70}},"30":{"start":{"line":100,"column":4},"end":{"line":100,"column":64}},"31":{"start":{"line":101,"column":4},"end":{"line":101,"column":64}},"32":{"start":{"line":102,"column":4},"end":{"line":102,"column":56}},"33":{"start":{"line":103,"column":4},"end":{"line":103,"column":66}},"34":{"start":{"line":104,"column":4},"end":{"line":104,"column":60}},"35":{"start":{"line":115,"column":4},"end":{"line":115,"column":70}},"36":{"start":{"line":116,"column":4},"end":{"line":116,"column":64}},"37":{"start":{"line":117,"column":4},"end":{"line":117,"column":64}},"38":{"start":{"line":118,"column":4},"end":{"line":118,"column":56}},"39":{"start":{"line":119,"column":4},"end":{"line":119,"column":66}},"40":{"start":{"line":120,"column":4},"end":{"line":120,"column":60}},"41":{"start":{"line":124,"column":4},"end":{"line":124,"column":28}},"42":{"start":{"line":128,"column":4},"end":{"line":128,"column":46}},"43":{"start":{"line":132,"column":4},"end":{"line":132,"column":39}},"44":{"start":{"line":82,"column":0},"end":{"line":82,"column":13}}},"fnMap":{"0":{"name":"(anonymous_0)","decl":{"start":{"line":1,"column":0},"end":{"line":1,"column":12}},"loc":{"start":{"line":1,"column":22},"end":{"line":8,"column":1}}},"1":{"name":"(anonymous_1)","decl":{"start":{"line":15,"column":2},"end":{"line":15,"column":14}},"loc":{"start":{"line":15,"column":28},"end":{"line":22,"column":3}}},"2":{"name":"(anonymous_2)","decl":{"start":{"line":23,"column":2},"end":{"line":23,"column":6}},"loc":{"start":{"line":23,"column":11},"end":{"line":25,"column":3}}},"3":{"name":"(anonymous_3)","decl":{"start":{"line":26,"column":2},"end":{"line":26,"column":6}},"loc":{"start":{"line":26,"column":18},"end":{"line":28,"column":3}}},"4":{"name":"(anonymous_4)","decl":{"start":{"line":29,"column":2},"end":{"line":29,"column":23}},"loc":{"start":{"line":29,"column":37},"end":{"line":31,"column":3}}},"5":{"name":"(anonymous_5)","decl":{"start":{"line":32,"column":2},"end":{"line":32,"column":19}},"loc":{"start":{"line":32,"column":36},"end":{"line":34,"column":3}}},"6":{"name":"(anonymous_6)","decl":{"start":{"line":38,"column":2},"end":{"line":38,"column":14}},"loc":{"start":{"line":38,"column":28},"end":{"line":40,"column":3}}},"7":{"name":"(anonymous_7)","decl":{"start":{"line":44,"column":2},"end":{"line":44,"column":14}},"loc":{"start":{"line":44,"column":28},"end":{"line":46,"column":3}}},"8":{"name":"(anonymous_8)","decl":{"start":{"line":50,"column":2},"end":{"line":50,"column":14}},"loc":{"start":{"line":50,"column":28},"end":{"line":52,"column":3}}},"9":{"name":"(anonymous_9)","decl":{"start":{"line":56,"column":2},"end":{"line":56,"column":14}},"loc":{"start":{"line":56,"column":28},"end":{"line":58,"column":3}}},"10":{"name":"(anonymous_10)","decl":{"start":{"line":62,"column":2},"end":{"line":62,"column":14}},"loc":{"start":{"line":62,"column":28},"end":{"line":64,"column":3}}},"11":{"name":"(anonymous_11)","decl":{"start":{"line":68,"column":2},"end":{"line":68,"column":14}},"loc":{"start":{"line":68,"column":28},"end":{"line":70,"column":3}}},"12":{"name":"(anonymous_12)","decl":{"start":{"line":91,"column":2},"end":{"line":91,"column":14}},"loc":{"start":{"line":98,"column":19},"end":{"line":105,"column":3}}},"13":{"name":"(anonymous_13)","decl":{"start":{"line":107,"column":2},"end":{"line":107,"column":15}},"loc":{"start":{"line":114,"column":19},"end":{"line":121,"column":3}}},"14":{"name":"(anonymous_14)","decl":{"start":{"line":123,"column":2},"end":{"line":123,"column":15}},"loc":{"start":{"line":123,"column":15},"end":{"line":125,"column":3}}},"15":{"name":"(anonymous_15)","decl":{"start":{"line":127,"column":2},"end":{"line":127,"column":14}},"loc":{"start":{"line":127,"column":51},"end":{"line":129,"column":3}}},"16":{"name":"(anonymous_16)","decl":{"start":{"line":131,"column":2},"end":{"line":131,"column":14}},"loc":{"start":{"line":131,"column":36},"end":{"line":133,"column":3}}}},"branchMap":{"0":{"loc":{"start":{"line":1,"column":12},"end":{"line":1,"column":null}},"type":"binary-expr","locations":[{"start":{"line":1,"column":12},"end":{"line":1,"column":22}},{"start":{"line":1,"column":22},"end":{"line":1,"column":null}}]},"1":{"loc":{"start":{"line":16,"column":4},"end":{"line":20,"column":5}},"type":"if","locations":[{"start":{"line":16,"column":4},"end":{"line":20,"column":5}}]},"2":{"loc":{"start":{"line":30,"column":11},"end":{"line":30,"column":86}},"type":"cond-expr","locations":[{"start":{"line":30,"column":74},"end":{"line":30,"column":78}},{"start":{"line":30,"column":81},"end":{"line":30,"column":86}}]},"3":{"loc":{"start":{"line":30,"column":11},"end":{"line":30,"column":71}},"type":"binary-expr","locations":[{"start":{"line":30,"column":11},"end":{"line":30,"column":39}},{"start":{"line":30,"column":43},"end":{"line":30,"column":71}}]}},"s":{"0":4,"1":4,"2":4,"3":4,"4":4,"5":4,"6":4,"7":4,"8":4,"9":269,"10":6,"11":263,"12":0,"13":0,"14":269,"15":50,"16":44,"17":4,"18":44,"19":4,"20":44,"21":4,"22":44,"23":4,"24":44,"25":4,"26":49,"27":4,"28":21,"29":21,"30":21,"31":21,"32":21,"33":21,"34":21,"35":0,"36":0,"37":0,"38":0,"39":0,"40":0,"41":0,"42":0,"43":45,"44":4},"f":{"0":4,"1":269,"2":0,"3":0,"4":269,"5":50,"6":44,"7":44,"8":44,"9":44,"10":44,"11":49,"12":21,"13":0,"14":0,"15":0,"16":45},"b":{"0":[4,4],"1":[6],"2":[263,6],"3":[269,267]}}
,"/Users/shawn.mealey/Projects/dungeon_delvers/client/src/engine/core/races.ts": {"path":"/Users/shawn.mealey/Projects/dungeon_delvers/client/src/engine/core/races.ts","statementMap":{"0":{"start":{"line":1,"column":0},"end":{"line":1,"column":53}},"1":{"start":{"line":2,"column":0},"end":{"line":2,"column":43}},"2":{"start":{"line":11,"column":4},"end":{"line":11,"column":22}},"3":{"start":{"line":12,"column":4},"end":{"line":12,"column":34}},"4":{"start":{"line":13,"column":4},"end":{"line":13,"column":36}},"5":{"start":{"line":16,"column":4},"end":{"line":16,"column":22}},"6":{"start":{"line":19,"column":4},"end":{"line":19,"column":28}},"7":{"start":{"line":22,"column":4},"end":{"line":22,"column":29}},"8":{"start":{"line":6,"column":0},"end":{"line":6,"column":13}},"9":{"start":{"line":29,"column":4},"end":{"line":46,"column":6}},"10":{"start":{"line":31,"column":8},"end":{"line":42,"column":10}},"11":{"start":{"line":43,"column":8},"end":{"line":43,"column":27}},"12":{"start":{"line":49,"column":4},"end":{"line":49,"column":29}},"13":{"start":{"line":52,"column":4},"end":{"line":52,"column":40}},"14":{"start":{"line":55,"column":4},"end":{"line":55,"column":41}},"15":{"start":{"line":26,"column":0},"end":{"line":26,"column":13}}},"fnMap":{"0":{"name":"(anonymous_0)","decl":{"start":{"line":10,"column":2},"end":{"line":10,"column":14}},"loc":{"start":{"line":10,"column":73},"end":{"line":14,"column":3}}},"1":{"name":"(anonymous_1)","decl":{"start":{"line":15,"column":2},"end":{"line":15,"column":6}},"loc":{"start":{"line":15,"column":10},"end":{"line":17,"column":3}}},"2":{"name":"(anonymous_2)","decl":{"start":{"line":18,"column":2},"end":{"line":18,"column":6}},"loc":{"start":{"line":18,"column":16},"end":{"line":20,"column":3}}},"3":{"name":"(anonymous_3)","decl":{"start":{"line":21,"column":2},"end":{"line":21,"column":6}},"loc":{"start":{"line":21,"column":17},"end":{"line":23,"column":3}}},"4":{"name":"(anonymous_4)","decl":{"start":{"line":28,"column":2},"end":{"line":28,"column":null}},"loc":{"start":{"line":28,"column":2},"end":{"line":47,"column":3}}},"5":{"name":"(anonymous_5)","decl":{"start":{"line":30,"column":6},"end":{"line":30,"column":7}},"loc":{"start":{"line":30,"column":74},"end":{"line":44,"column":7}}},"6":{"name":"(anonymous_6)","decl":{"start":{"line":48,"column":2},"end":{"line":48,"column":6}},"loc":{"start":{"line":48,"column":21},"end":{"line":50,"column":3}}},"7":{"name":"(anonymous_7)","decl":{"start":{"line":51,"column":2},"end":{"line":51,"column":12}},"loc":{"start":{"line":51,"column":27},"end":{"line":53,"column":3}}},"8":{"name":"(anonymous_8)","decl":{"start":{"line":54,"column":2},"end":{"line":54,"column":13}},"loc":{"start":{"line":54,"column":28},"end":{"line":56,"column":3}}}},"branchMap":{},"s":{"0":1,"1":1,"2":12,"3":12,"4":12,"5":12,"6":12,"7":12,"8":1,"9":1,"10":6,"11":6,"12":6,"13":6,"14":6,"15":1},"f":{"0":12,"1":12,"2":12,"3":12,"4":1,"5":6,"6":6,"7":6,"8":6},"b":{}}
,"/Users/shawn.mealey/Projects/dungeon_delvers/client/src/engine/core/random.ts": {"path":"/Users/shawn.mealey/Projects/dungeon_delvers/client/src/engine/core/random.ts","statementMap":{"0":{"start":{"line":4,"column":0},"end":{"line":4,"column":16}},"1":{"start":{"line":11,"column":0},"end":{"line":11,"column":16}},"2":{"start":{"line":5,"column":2},"end":{"line":5,"column":59}},"3":{"start":{"line":12,"column":2},"end":{"line":12,"column":59}}},"fnMap":{"0":{"name":"random","decl":{"start":{"line":4,"column":16},"end":{"line":4,"column":22}},"loc":{"start":{"line":4,"column":47},"end":{"line":6,"column":1}}},"1":{"name":"randomChoice","decl":{"start":{"line":11,"column":16},"end":{"line":11,"column":28}},"loc":{"start":{"line":11,"column":43},"end":{"line":13,"column":1}}}},"branchMap":{},"s":{"0":1,"1":1,"2":18,"3":7},"f":{"0":18,"1":7},"b":{}}
}
