{"/Users/shawn.mealey/Projects/dungeon_delvers/auth/src/api/index.ts": {"path":"/Users/shawn.mealey/Projects/dungeon_delvers/auth/src/api/index.ts","statementMap":{"0":{"start":{"line":1,"column":0},"end":{"line":1,"column":33}},"1":{"start":{"line":2,"column":0},"end":{"line":2,"column":33}},"2":{"start":{"line":4,"column":0},"end":{"line":8,"column":2}},"3":{"start":{"line":5,"column":17},"end":{"line":5,"column":25}},"4":{"start":{"line":6,"column":2},"end":{"line":6,"column":15}},"5":{"start":{"line":7,"column":2},"end":{"line":7,"column":16}}},"fnMap":{"0":{"name":"(anonymous_1)","decl":{"start":{"line":4,"column":15},"end":{"line":4,"column":18}},"loc":{"start":{"line":4,"column":20},"end":{"line":8,"column":1}}}},"branchMap":{},"s":{"0":2,"1":2,"2":2,"3":4,"4":4,"5":4},"f":{"0":4},"b":{}}
,"/Users/shawn.mealey/Projects/dungeon_delvers/auth/src/api/routes/auth.ts": {"path":"/Users/shawn.mealey/Projects/dungeon_delvers/auth/src/api/routes/auth.ts","statementMap":{"0":{"start":{"line":2,"column":0},"end":{"line":2,"column":32}},"1":{"start":{"line":3,"column":0},"end":{"line":3,"column":113}},"2":{"start":{"line":4,"column":0},"end":{"line":4,"column":55}},"3":{"start":{"line":6,"column":0},"end":{"line":54,"column":2}},"4":{"start":{"line":7,"column":2},"end":{"line":29,"column":5}},"5":{"start":{"line":7,"column":82},"end":{"line":29,"column":4}},"6":{"start":{"line":8,"column":19},"end":{"line":8,"column":72}},"7":{"start":{"line":9,"column":4},"end":{"line":28,"column":5}},"8":{"start":{"line":10,"column":6},"end":{"line":25,"column":9}},"9":{"start":{"line":10,"column":101},"end":{"line":25,"column":8}},"10":{"start":{"line":11,"column":8},"end":{"line":24,"column":9}},"11":{"start":{"line":12,"column":10},"end":{"line":12,"column":20}},"12":{"start":{"line":14,"column":10},"end":{"line":23,"column":11}},"13":{"start":{"line":15,"column":12},"end":{"line":18,"column":15}},"14":{"start":{"line":16,"column":14},"end":{"line":16,"column":41}},"15":{"start":{"line":17,"column":14},"end":{"line":17,"column":43}},"16":{"start":{"line":20,"column":12},"end":{"line":22,"column":15}},"17":{"start":{"line":27,"column":6},"end":{"line":27,"column":75}},"18":{"start":{"line":30,"column":2},"end":{"line":53,"column":5}},"19":{"start":{"line":30,"column":63},"end":{"line":53,"column":4}},"20":{"start":{"line":31,"column":33},"end":{"line":31,"column":55}},"21":{"start":{"line":32,"column":22},"end":{"line":32,"column":42}},"22":{"start":{"line":33,"column":4},"end":{"line":52,"column":5}},"23":{"start":{"line":34,"column":6},"end":{"line":34,"column":55}},"24":{"start":{"line":36,"column":44},"end":{"line":36,"column":52}},"25":{"start":{"line":37,"column":26},"end":{"line":37,"column":52}},"26":{"start":{"line":38,"column":6},"end":{"line":40,"column":7}},"27":{"start":{"line":39,"column":8},"end":{"line":39,"column":66}},"28":{"start":{"line":41,"column":29},"end":{"line":41,"column":61}},"29":{"start":{"line":42,"column":6},"end":{"line":44,"column":7}},"30":{"start":{"line":43,"column":8},"end":{"line":43,"column":69}},"31":{"start":{"line":45,"column":27},"end":{"line":45,"column":63}},"32":{"start":{"line":46,"column":31},"end":{"line":46,"column":78}},"33":{"start":{"line":47,"column":6},"end":{"line":51,"column":7}},"34":{"start":{"line":48,"column":8},"end":{"line":48,"column":58}},"35":{"start":{"line":50,"column":8},"end":{"line":50,"column":62}}},"fnMap":{"0":{"name":"(anonymous_8)","decl":{"start":{"line":6,"column":15},"end":{"line":6,"column":16}},"loc":{"start":{"line":6,"column":34},"end":{"line":54,"column":1}}},"1":{"name":"(anonymous_9)","decl":{"start":{"line":7,"column":24},"end":{"line":7,"column":31}},"loc":{"start":{"line":7,"column":82},"end":{"line":29,"column":4}}},"2":{"name":"(anonymous_10)","decl":{"start":{"line":7,"column":82},"end":{"line":7,"column":null}},"loc":{"start":{"line":7,"column":82},"end":{"line":29,"column":3}}},"3":{"name":"(anonymous_11)","decl":{"start":{"line":10,"column":89},"end":{"line":10,"column":95}},"loc":{"start":{"line":10,"column":101},"end":{"line":25,"column":8}}},"4":{"name":"(anonymous_12)","decl":{"start":{"line":10,"column":101},"end":{"line":10,"column":null}},"loc":{"start":{"line":10,"column":101},"end":{"line":25,"column":7}}},"5":{"name":"(anonymous_13)","decl":{"start":{"line":15,"column":61},"end":{"line":15,"column":null}},"loc":{"start":{"line":15,"column":61},"end":{"line":18,"column":13}}},"6":{"name":"(anonymous_14)","decl":{"start":{"line":30,"column":25},"end":{"line":30,"column":32}},"loc":{"start":{"line":30,"column":63},"end":{"line":53,"column":4}}},"7":{"name":"(anonymous_15)","decl":{"start":{"line":30,"column":63},"end":{"line":30,"column":null}},"loc":{"start":{"line":30,"column":63},"end":{"line":53,"column":3}}}},"branchMap":{"0":{"loc":{"start":{"line":9,"column":4},"end":{"line":28,"column":5}},"type":"if","locations":[{"start":{"line":9,"column":4},"end":{"line":28,"column":5}},{"start":{"line":26,"column":11},"end":{"line":28,"column":5}}]},"1":{"loc":{"start":{"line":11,"column":8},"end":{"line":24,"column":9}},"type":"if","locations":[{"start":{"line":11,"column":8},"end":{"line":24,"column":9}},{"start":{"line":13,"column":15},"end":{"line":24,"column":9}}]},"2":{"loc":{"start":{"line":33,"column":4},"end":{"line":52,"column":5}},"type":"if","locations":[{"start":{"line":33,"column":4},"end":{"line":52,"column":5}},{"start":{"line":35,"column":11},"end":{"line":52,"column":5}}]},"3":{"loc":{"start":{"line":38,"column":6},"end":{"line":40,"column":7}},"type":"if","locations":[{"start":{"line":38,"column":6},"end":{"line":40,"column":7}}]},"4":{"loc":{"start":{"line":42,"column":6},"end":{"line":44,"column":7}},"type":"if","locations":[{"start":{"line":42,"column":6},"end":{"line":44,"column":7}}]},"5":{"loc":{"start":{"line":47,"column":6},"end":{"line":51,"column":7}},"type":"if","locations":[{"start":{"line":47,"column":6},"end":{"line":51,"column":7}},{"start":{"line":49,"column":13},"end":{"line":51,"column":7}}]}},"s":{"0":2,"1":2,"2":2,"3":2,"4":8,"5":1,"6":1,"7":1,"8":1,"9":1,"10":1,"11":0,"12":1,"13":1,"14":1,"15":1,"16":0,"17":0,"18":8,"19":3,"20":3,"21":3,"22":3,"23":2,"24":1,"25":1,"26":1,"27":0,"28":1,"29":1,"30":0,"31":1,"32":1,"33":1,"34":1,"35":0},"f":{"0":8,"1":1,"2":1,"3":1,"4":1,"5":1,"6":3,"7":3},"b":{"0":[1,0],"1":[0,1],"2":[2,1],"3":[0],"4":[0],"5":[1,0]}}
,"/Users/shawn.mealey/Projects/dungeon_delvers/auth/src/config/index.ts": {"path":"/Users/shawn.mealey/Projects/dungeon_delvers/auth/src/config/index.ts","statementMap":{"0":{"start":{"line":2,"column":0},"end":{"line":2,"column":61}},"1":{"start":{"line":3,"column":19},"end":{"line":12,"column":2}},"2":{"start":{"line":13,"column":21},"end":{"line":33,"column":2}},"3":{"start":{"line":35,"column":0},"end":{"line":35,"column":99}}},"fnMap":{},"branchMap":{"0":{"loc":{"start":{"line":2,"column":23},"end":{"line":2,"column":60}},"type":"binary-expr","locations":[{"start":{"line":2,"column":23},"end":{"line":2,"column":43}},{"start":{"line":2,"column":47},"end":{"line":2,"column":60}}]},"1":{"loc":{"start":{"line":31,"column":11},"end":{"line":31,"column":43}},"type":"binary-expr","locations":[{"start":{"line":31,"column":11},"end":{"line":31,"column":32}},{"start":{"line":31,"column":36},"end":{"line":31,"column":43}}]},"2":{"loc":{"start":{"line":35,"column":15},"end":{"line":35,"column":98}},"type":"cond-expr","locations":[{"start":{"line":35,"column":48},"end":{"line":35,"column":84}},{"start":{"line":35,"column":86},"end":{"line":35,"column":98}}]}},"s":{"0":5,"1":5,"2":5,"3":5},"f":{},"b":{"0":[5,0],"1":[5,5],"2":[5,0]}}
,"/Users/shawn.mealey/Projects/dungeon_delvers/auth/src/loaders/express.ts": {"path":"/Users/shawn.mealey/Projects/dungeon_delvers/auth/src/loaders/express.ts","statementMap":{"0":{"start":{"line":1,"column":0},"end":{"line":1,"column":44}},"1":{"start":{"line":2,"column":0},"end":{"line":2,"column":24}},"2":{"start":{"line":3,"column":0},"end":{"line":3,"column":31}},"3":{"start":{"line":4,"column":0},"end":{"line":4,"column":28}},"4":{"start":{"line":5,"column":0},"end":{"line":5,"column":36}},"5":{"start":{"line":6,"column":0},"end":{"line":26,"column":2}},"6":{"start":{"line":7,"column":2},"end":{"line":9,"column":5}},"7":{"start":{"line":8,"column":4},"end":{"line":8,"column":26}},"8":{"start":{"line":10,"column":2},"end":{"line":12,"column":5}},"9":{"start":{"line":11,"column":4},"end":{"line":11,"column":26}},"10":{"start":{"line":16,"column":2},"end":{"line":16,"column":28}},"11":{"start":{"line":21,"column":2},"end":{"line":21,"column":18}},"12":{"start":{"line":22,"column":2},"end":{"line":22,"column":12}},"13":{"start":{"line":24,"column":2},"end":{"line":24,"column":18}},"14":{"start":{"line":25,"column":2},"end":{"line":25,"column":39}}},"fnMap":{"0":{"name":"(anonymous_1)","decl":{"start":{"line":6,"column":15},"end":{"line":6,"column":16}},"loc":{"start":{"line":6,"column":36},"end":{"line":26,"column":1}}},"1":{"name":"(anonymous_2)","decl":{"start":{"line":7,"column":21},"end":{"line":7,"column":22}},"loc":{"start":{"line":7,"column":35},"end":{"line":9,"column":3}}},"2":{"name":"(anonymous_3)","decl":{"start":{"line":10,"column":22},"end":{"line":10,"column":23}},"loc":{"start":{"line":10,"column":36},"end":{"line":12,"column":3}}}},"branchMap":{},"s":{"0":3,"1":3,"2":3,"3":3,"4":3,"5":3,"6":12,"7":1,"8":12,"9":1,"10":12,"11":12,"12":12,"13":12,"14":12},"f":{"0":12,"1":1,"2":1},"b":{}}
,"/Users/shawn.mealey/Projects/dungeon_delvers/auth/src/loaders/index.ts": {"path":"/Users/shawn.mealey/Projects/dungeon_delvers/auth/src/loaders/index.ts","statementMap":{"0":{"start":{"line":2,"column":0},"end":{"line":2,"column":30}},"1":{"start":{"line":3,"column":0},"end":{"line":3,"column":38}},"2":{"start":{"line":5,"column":0},"end":{"line":8,"column":2}},"3":{"start":{"line":5,"column":42},"end":{"line":8,"column":2}},"4":{"start":{"line":6,"column":2},"end":{"line":6,"column":27}},"5":{"start":{"line":7,"column":2},"end":{"line":7,"column":70}}},"fnMap":{"0":{"name":"(anonymous_8)","decl":{"start":{"line":5,"column":15},"end":{"line":5,"column":22}},"loc":{"start":{"line":5,"column":42},"end":{"line":8,"column":2}}},"1":{"name":"(anonymous_9)","decl":{"start":{"line":5,"column":42},"end":{"line":5,"column":null}},"loc":{"start":{"line":5,"column":42},"end":{"line":8,"column":1}}}},"branchMap":{"0":{"loc":{"start":{"line":7,"column":2},"end":{"line":7,"column":69}},"type":"binary-expr","locations":[{"start":{"line":7,"column":2},"end":{"line":7,"column":33}},{"start":{"line":7,"column":37},"end":{"line":7,"column":69}}]}},"s":{"0":2,"1":2,"2":2,"3":6,"4":6,"5":6},"f":{"0":6,"1":6},"b":{"0":[6,1]}}
,"/Users/shawn.mealey/Projects/dungeon_delvers/auth/src/loaders/logger.ts": {"path":"/Users/shawn.mealey/Projects/dungeon_delvers/auth/src/loaders/logger.ts","statementMap":{"0":{"start":{"line":1,"column":0},"end":{"line":1,"column":30}},"1":{"start":{"line":2,"column":0},"end":{"line":2,"column":31}},"2":{"start":{"line":5,"column":47},"end":{"line":5,"column":49}},"3":{"start":{"line":6,"column":0},"end":{"line":14,"column":1}},"4":{"start":{"line":7,"column":2},"end":{"line":7,"column":52}},"5":{"start":{"line":9,"column":2},"end":{"line":13,"column":4}},"6":{"start":{"line":16,"column":23},"end":{"line":28,"column":2}},"7":{"start":{"line":30,"column":0},"end":{"line":30,"column":30}}},"fnMap":{},"branchMap":{"0":{"loc":{"start":{"line":6,"column":0},"end":{"line":14,"column":1}},"type":"if","locations":[{"start":{"line":6,"column":0},"end":{"line":14,"column":1}},{"start":{"line":8,"column":7},"end":{"line":14,"column":1}}]}},"s":{"0":3,"1":3,"2":3,"3":3,"4":3,"5":0,"6":3,"7":3},"f":{},"b":{"0":[3,0]}}
,"/Users/shawn.mealey/Projects/dungeon_delvers/auth/src/models/user.ts": {"path":"/Users/shawn.mealey/Projects/dungeon_delvers/auth/src/models/user.ts","statementMap":{"0":{"start":{"line":1,"column":0},"end":{"line":1,"column":53}},"1":{"start":{"line":2,"column":0},"end":{"line":2,"column":28}},"2":{"start":{"line":4,"column":26},"end":{"line":11,"column":2}},"3":{"start":{"line":4,"column":90},"end":{"line":11,"column":2}},"4":{"start":{"line":5,"column":16},"end":{"line":8,"column":4}},"5":{"start":{"line":9,"column":17},"end":{"line":9,"column":40}},"6":{"start":{"line":10,"column":2},"end":{"line":10,"column":16}},"7":{"start":{"line":4,"column":13},"end":{"line":4,"column":26}},"8":{"start":{"line":13,"column":25},"end":{"line":27,"column":2}},"9":{"start":{"line":13,"column":70},"end":{"line":27,"column":2}},"10":{"start":{"line":14,"column":16},"end":{"line":17,"column":4}},"11":{"start":{"line":18,"column":17},"end":{"line":18,"column":40}},"12":{"start":{"line":19,"column":19},"end":{"line":19,"column":25}},"13":{"start":{"line":20,"column":2},"end":{"line":25,"column":3}},"14":{"start":{"line":21,"column":21},"end":{"line":21,"column":74}},"15":{"start":{"line":22,"column":4},"end":{"line":24,"column":5}},"16":{"start":{"line":23,"column":6},"end":{"line":23,"column":21}},"17":{"start":{"line":26,"column":2},"end":{"line":26,"column":14}},"18":{"start":{"line":13,"column":13},"end":{"line":13,"column":25}},"19":{"start":{"line":29,"column":32},"end":{"line":36,"column":2}},"20":{"start":{"line":29,"column":59},"end":{"line":36,"column":2}},"21":{"start":{"line":30,"column":16},"end":{"line":33,"column":4}},"22":{"start":{"line":34,"column":19},"end":{"line":34,"column":42}},"23":{"start":{"line":35,"column":2},"end":{"line":35,"column":17}},"24":{"start":{"line":29,"column":13},"end":{"line":29,"column":32}},"25":{"start":{"line":38,"column":29},"end":{"line":45,"column":2}},"26":{"start":{"line":38,"column":53},"end":{"line":45,"column":2}},"27":{"start":{"line":39,"column":16},"end":{"line":42,"column":4}},"28":{"start":{"line":43,"column":19},"end":{"line":43,"column":42}},"29":{"start":{"line":44,"column":2},"end":{"line":44,"column":17}},"30":{"start":{"line":38,"column":13},"end":{"line":38,"column":29}},"31":{"start":{"line":47,"column":36},"end":{"line":50,"column":2}},"32":{"start":{"line":47,"column":72},"end":{"line":50,"column":2}},"33":{"start":{"line":48,"column":21},"end":{"line":48,"column":23}},"34":{"start":{"line":49,"column":2},"end":{"line":49,"column":52}},"35":{"start":{"line":47,"column":13},"end":{"line":47,"column":36}},"36":{"start":{"line":52,"column":30},"end":{"line":54,"column":1}},"37":{"start":{"line":53,"column":2},"end":{"line":53,"column":57}},"38":{"start":{"line":52,"column":13},"end":{"line":52,"column":30}}},"fnMap":{"0":{"name":"(anonymous_8)","decl":{"start":{"line":4,"column":26},"end":{"line":4,"column":33}},"loc":{"start":{"line":4,"column":90},"end":{"line":11,"column":2}}},"1":{"name":"(anonymous_9)","decl":{"start":{"line":4,"column":90},"end":{"line":4,"column":null}},"loc":{"start":{"line":4,"column":90},"end":{"line":11,"column":1}}},"2":{"name":"(anonymous_10)","decl":{"start":{"line":13,"column":25},"end":{"line":13,"column":32}},"loc":{"start":{"line":13,"column":70},"end":{"line":27,"column":2}}},"3":{"name":"(anonymous_11)","decl":{"start":{"line":13,"column":70},"end":{"line":13,"column":null}},"loc":{"start":{"line":13,"column":70},"end":{"line":27,"column":1}}},"4":{"name":"(anonymous_12)","decl":{"start":{"line":29,"column":32},"end":{"line":29,"column":39}},"loc":{"start":{"line":29,"column":59},"end":{"line":36,"column":2}}},"5":{"name":"(anonymous_13)","decl":{"start":{"line":29,"column":59},"end":{"line":29,"column":null}},"loc":{"start":{"line":29,"column":59},"end":{"line":36,"column":1}}},"6":{"name":"(anonymous_14)","decl":{"start":{"line":38,"column":29},"end":{"line":38,"column":36}},"loc":{"start":{"line":38,"column":53},"end":{"line":45,"column":2}}},"7":{"name":"(anonymous_15)","decl":{"start":{"line":38,"column":53},"end":{"line":38,"column":null}},"loc":{"start":{"line":38,"column":53},"end":{"line":45,"column":1}}},"8":{"name":"(anonymous_16)","decl":{"start":{"line":47,"column":36},"end":{"line":47,"column":43}},"loc":{"start":{"line":47,"column":72},"end":{"line":50,"column":2}}},"9":{"name":"(anonymous_17)","decl":{"start":{"line":47,"column":72},"end":{"line":47,"column":null}},"loc":{"start":{"line":47,"column":72},"end":{"line":50,"column":1}}},"10":{"name":"(anonymous_18)","decl":{"start":{"line":52,"column":30},"end":{"line":52,"column":31}},"loc":{"start":{"line":52,"column":82},"end":{"line":54,"column":1}}}},"branchMap":{"0":{"loc":{"start":{"line":20,"column":2},"end":{"line":25,"column":3}},"type":"if","locations":[{"start":{"line":20,"column":2},"end":{"line":25,"column":3}}]},"1":{"loc":{"start":{"line":22,"column":4},"end":{"line":24,"column":5}},"type":"if","locations":[{"start":{"line":22,"column":4},"end":{"line":24,"column":5}}]}},"s":{"0":3,"1":3,"2":3,"3":1,"4":1,"5":1,"6":1,"7":3,"8":3,"9":1,"10":1,"11":1,"12":1,"13":1,"14":1,"15":1,"16":1,"17":0,"18":3,"19":3,"20":3,"21":3,"22":3,"23":3,"24":3,"25":3,"26":1,"27":1,"28":1,"29":1,"30":3,"31":3,"32":1,"33":1,"34":1,"35":3,"36":3,"37":1,"38":3},"f":{"0":1,"1":1,"2":1,"3":1,"4":3,"5":3,"6":1,"7":1,"8":1,"9":1,"10":1},"b":{"0":[1],"1":[1]}}
,"/Users/shawn.mealey/Projects/dungeon_delvers/auth/src/models/validation.ts": {"path":"/Users/shawn.mealey/Projects/dungeon_delvers/auth/src/models/validation.ts","statementMap":{"0":{"start":{"line":1,"column":0},"end":{"line":1,"column":22}},"1":{"start":{"line":9,"column":28},"end":{"line":17,"column":21}},"2":{"start":{"line":10,"column":2},"end":{"line":17,"column":21}},"3":{"start":{"line":9,"column":13},"end":{"line":9,"column":28}}},"fnMap":{"0":{"name":"(anonymous_1)","decl":{"start":{"line":9,"column":28},"end":{"line":9,"column":29}},"loc":{"start":{"line":10,"column":2},"end":{"line":17,"column":21}}}},"branchMap":{},"s":{"0":2,"1":2,"2":3,"3":2},"f":{"0":3},"b":{}}
,"/Users/shawn.mealey/Projects/dungeon_delvers/auth/src/services/auth.ts": {"path":"/Users/shawn.mealey/Projects/dungeon_delvers/auth/src/services/auth.ts","statementMap":{"0":{"start":{"line":1,"column":0},"end":{"line":1,"column":38}},"1":{"start":{"line":2,"column":0},"end":{"line":2,"column":32}},"2":{"start":{"line":3,"column":0},"end":{"line":3,"column":43}},"3":{"start":{"line":12,"column":0},"end":{"line":45,"column":2}},"4":{"start":{"line":13,"column":2},"end":{"line":25,"column":4}},"5":{"start":{"line":27,"column":2},"end":{"line":29,"column":5}},"6":{"start":{"line":28,"column":4},"end":{"line":28,"column":45}},"7":{"start":{"line":31,"column":2},"end":{"line":42,"column":5}},"8":{"start":{"line":31,"column":50},"end":{"line":42,"column":4}},"9":{"start":{"line":32,"column":18},"end":{"line":35,"column":6}},"10":{"start":{"line":36,"column":21},"end":{"line":36,"column":44}},"11":{"start":{"line":37,"column":4},"end":{"line":39,"column":5}},"12":{"start":{"line":38,"column":6},"end":{"line":38,"column":47}},"13":{"start":{"line":40,"column":17},"end":{"line":40,"column":24}},"14":{"start":{"line":41,"column":4},"end":{"line":41,"column":21}},"15":{"start":{"line":43,"column":2},"end":{"line":43,"column":33}},"16":{"start":{"line":44,"column":2},"end":{"line":44,"column":30}}},"fnMap":{"0":{"name":"(anonymous_8)","decl":{"start":{"line":12,"column":15},"end":{"line":12,"column":16}},"loc":{"start":{"line":12,"column":44},"end":{"line":45,"column":1}}},"1":{"name":"(anonymous_9)","decl":{"start":{"line":27,"column":25},"end":{"line":27,"column":26}},"loc":{"start":{"line":27,"column":40},"end":{"line":29,"column":3}}},"2":{"name":"(anonymous_10)","decl":{"start":{"line":31,"column":27},"end":{"line":31,"column":34}},"loc":{"start":{"line":31,"column":50},"end":{"line":42,"column":4}}},"3":{"name":"(anonymous_11)","decl":{"start":{"line":31,"column":50},"end":{"line":31,"column":null}},"loc":{"start":{"line":31,"column":50},"end":{"line":42,"column":3}}}},"branchMap":{"0":{"loc":{"start":{"line":37,"column":4},"end":{"line":39,"column":5}},"type":"if","locations":[{"start":{"line":37,"column":4},"end":{"line":39,"column":5}}]}},"s":{"0":3,"1":3,"2":3,"3":3,"4":8,"5":8,"6":2,"7":8,"8":2,"9":2,"10":2,"11":2,"12":1,"13":1,"14":1,"15":8,"16":8},"f":{"0":8,"1":2,"2":2,"3":2},"b":{"0":[1]}}
,"/Users/shawn.mealey/Projects/dungeon_delvers/auth/src/services/database/postgres.ts": {"path":"/Users/shawn.mealey/Projects/dungeon_delvers/auth/src/services/database/postgres.ts","statementMap":{"0":{"start":{"line":1,"column":0},"end":{"line":1,"column":26}},"1":{"start":{"line":3,"column":0},"end":{"line":3,"column":34}},"2":{"start":{"line":5,"column":13},"end":{"line":5,"column":46}}},"fnMap":{},"branchMap":{},"s":{"0":3,"1":3,"2":3},"f":{},"b":{}}
,"/Users/shawn.mealey/Projects/dungeon_delvers/client/src/content/actions.ts": {"path":"/Users/shawn.mealey/Projects/dungeon_delvers/client/src/content/actions.ts","statementMap":{"0":{"start":{"line":1,"column":0},"end":{"line":1,"column":61}},"1":{"start":{"line":4,"column":13},"end":{"line":33,"column":2}},"2":{"start":{"line":6,"column":4},"end":{"line":17,"column":7}},"3":{"start":{"line":12,"column":8},"end":{"line":14,"column":9}},"4":{"start":{"line":13,"column":10},"end":{"line":13,"column":69}},"5":{"start":{"line":15,"column":8},"end":{"line":15,"column":65}},"6":{"start":{"line":20,"column":4},"end":{"line":31,"column":7}},"7":{"start":{"line":29,"column":8},"end":{"line":29,"column":65}}},"fnMap":{"0":{"name":"(anonymous_0)","decl":{"start":{"line":5,"column":14},"end":{"line":5,"column":15}},"loc":{"start":{"line":5,"column":46},"end":{"line":18,"column":3}}},"1":{"name":"(anonymous_1)","decl":{"start":{"line":11,"column":17},"end":{"line":11,"column":20}},"loc":{"start":{"line":11,"column":22},"end":{"line":16,"column":7}}},"2":{"name":"(anonymous_2)","decl":{"start":{"line":19,"column":12},"end":{"line":19,"column":13}},"loc":{"start":{"line":19,"column":44},"end":{"line":32,"column":3}}},"3":{"name":"(anonymous_3)","decl":{"start":{"line":28,"column":17},"end":{"line":28,"column":20}},"loc":{"start":{"line":28,"column":22},"end":{"line":30,"column":7}}}},"branchMap":{"0":{"loc":{"start":{"line":12,"column":8},"end":{"line":14,"column":9}},"type":"if","locations":[{"start":{"line":12,"column":8},"end":{"line":14,"column":9}}]}},"s":{"0":1,"1":1,"2":0,"3":0,"4":0,"5":0,"6":1,"7":1},"f":{"0":0,"1":0,"2":1,"3":1},"b":{"0":[0]}}
,"/Users/shawn.mealey/Projects/dungeon_delvers/client/src/content/monsters.ts": {"path":"/Users/shawn.mealey/Projects/dungeon_delvers/client/src/content/monsters.ts","statementMap":{"0":{"start":{"line":1,"column":0},"end":{"line":1,"column":null}},"1":{"start":{"line":2,"column":2},"end":{"line":2,"column":null}},"2":{"start":{"line":3,"column":2},"end":{"line":3,"column":null}},"3":{"start":{"line":4,"column":2},"end":{"line":4,"column":null}},"4":{"start":{"line":5,"column":2},"end":{"line":5,"column":null}},"5":{"start":{"line":6,"column":2},"end":{"line":6,"column":null}},"6":{"start":{"line":7,"column":2},"end":{"line":7,"column":null}},"7":{"start":{"line":8,"column":2},"end":{"line":8,"column":null}},"8":{"start":{"line":9,"column":2},"end":{"line":9,"column":null}},"9":{"start":{"line":10,"column":2},"end":{"line":10,"column":null}},"10":{"start":{"line":11,"column":2},"end":{"line":11,"column":null}},"11":{"start":{"line":12,"column":2},"end":{"line":12,"column":null}},"12":{"start":{"line":13,"column":2},"end":{"line":13,"column":null}},"13":{"start":{"line":14,"column":2},"end":{"line":14,"column":null}}},"fnMap":{"0":{"name":"(anonymous_0)","decl":{"start":{"line":1,"column":0},"end":{"line":1,"column":12}},"loc":{"start":{"line":1,"column":23},"end":{"line":15,"column":1}}}},"branchMap":{"0":{"loc":{"start":{"line":1,"column":12},"end":{"line":1,"column":null}},"type":"binary-expr","locations":[{"start":{"line":1,"column":12},"end":{"line":1,"column":23}},{"start":{"line":1,"column":23},"end":{"line":1,"column":null}}]}},"s":{"0":2,"1":2,"2":2,"3":2,"4":2,"5":2,"6":2,"7":2,"8":2,"9":2,"10":2,"11":2,"12":2,"13":2},"f":{"0":2},"b":{"0":[2,2]}}
,"/Users/shawn.mealey/Projects/dungeon_delvers/client/src/content/race.ts": {"path":"/Users/shawn.mealey/Projects/dungeon_delvers/client/src/content/race.ts","statementMap":{"0":{"start":{"line":1,"column":13},"end":{"line":80,"column":11}}},"fnMap":{},"branchMap":{},"s":{"0":1},"f":{},"b":{}}
,"/Users/shawn.mealey/Projects/dungeon_delvers/client/src/engine/core/action.ts": {"path":"/Users/shawn.mealey/Projects/dungeon_delvers/client/src/engine/core/action.ts","statementMap":{"0":{"start":{"line":26,"column":4},"end":{"line":26,"column":32}},"1":{"start":{"line":27,"column":4},"end":{"line":27,"column":22}},"2":{"start":{"line":28,"column":4},"end":{"line":28,"column":36}},"3":{"start":{"line":32,"column":4},"end":{"line":32,"column":27}},"4":{"start":{"line":36,"column":4},"end":{"line":36,"column":22}},"5":{"start":{"line":40,"column":4},"end":{"line":40,"column":29}},"6":{"start":{"line":20,"column":0},"end":{"line":20,"column":13}},"7":{"start":{"line":44,"column":13},"end":{"line":47,"column":3}},"8":{"start":{"line":48,"column":13},"end":{"line":51,"column":3}},"9":{"start":{"line":52,"column":24},"end":{"line":57,"column":4}},"10":{"start":{"line":53,"column":2},"end":{"line":57,"column":4}},"11":{"start":{"line":52,"column":13},"end":{"line":52,"column":24}},"12":{"start":{"line":61,"column":10},"end":{"line":61,"column":39}},"13":{"start":{"line":70,"column":4},"end":{"line":70,"column":24}},"14":{"start":{"line":71,"column":4},"end":{"line":71,"column":26}},"15":{"start":{"line":72,"column":4},"end":{"line":72,"column":22}},"16":{"start":{"line":73,"column":4},"end":{"line":73,"column":36}},"17":{"start":{"line":74,"column":4},"end":{"line":74,"column":22}},"18":{"start":{"line":75,"column":4},"end":{"line":75,"column":30}},"19":{"start":{"line":76,"column":4},"end":{"line":76,"column":24}},"20":{"start":{"line":77,"column":4},"end":{"line":77,"column":32}},"21":{"start":{"line":81,"column":4},"end":{"line":81,"column":29}},"22":{"start":{"line":85,"column":4},"end":{"line":85,"column":24}},"23":{"start":{"line":89,"column":4},"end":{"line":89,"column":28}},"24":{"start":{"line":93,"column":4},"end":{"line":93,"column":23}},"25":{"start":{"line":97,"column":4},"end":{"line":97,"column":26}},"26":{"start":{"line":101,"column":4},"end":{"line":101,"column":22}},"27":{"start":{"line":105,"column":4},"end":{"line":105,"column":29}},"28":{"start":{"line":109,"column":4},"end":{"line":109,"column":22}},"29":{"start":{"line":113,"column":4},"end":{"line":113,"column":23}},"30":{"start":{"line":59,"column":0},"end":{"line":59,"column":13}}},"fnMap":{"0":{"name":"(anonymous_0)","decl":{"start":{"line":25,"column":2},"end":{"line":25,"column":14}},"loc":{"start":{"line":25,"column":64},"end":{"line":29,"column":3}}},"1":{"name":"(anonymous_1)","decl":{"start":{"line":31,"column":2},"end":{"line":31,"column":6}},"loc":{"start":{"line":31,"column":15},"end":{"line":33,"column":3}}},"2":{"name":"(anonymous_2)","decl":{"start":{"line":35,"column":2},"end":{"line":35,"column":6}},"loc":{"start":{"line":35,"column":10},"end":{"line":37,"column":3}}},"3":{"name":"(anonymous_3)","decl":{"start":{"line":39,"column":2},"end":{"line":39,"column":6}},"loc":{"start":{"line":39,"column":17},"end":{"line":41,"column":3}}},"4":{"name":"(anonymous_4)","decl":{"start":{"line":52,"column":24},"end":{"line":52,"column":25}},"loc":{"start":{"line":53,"column":2},"end":{"line":57,"column":4}}},"5":{"name":"(anonymous_5)","decl":{"start":{"line":69,"column":2},"end":{"line":69,"column":14}},"loc":{"start":{"line":69,"column":108},"end":{"line":78,"column":3}}},"6":{"name":"(anonymous_6)","decl":{"start":{"line":80,"column":2},"end":{"line":80,"column":9}},"loc":{"start":{"line":80,"column":9},"end":{"line":82,"column":3}}},"7":{"name":"(anonymous_7)","decl":{"start":{"line":84,"column":2},"end":{"line":84,"column":6}},"loc":{"start":{"line":84,"column":12},"end":{"line":86,"column":3}}},"8":{"name":"(anonymous_8)","decl":{"start":{"line":88,"column":2},"end":{"line":88,"column":6}},"loc":{"start":{"line":88,"column":35},"end":{"line":90,"column":3}}},"9":{"name":"(anonymous_9)","decl":{"start":{"line":92,"column":2},"end":{"line":92,"column":6}},"loc":{"start":{"line":92,"column":11},"end":{"line":94,"column":3}}},"10":{"name":"(anonymous_10)","decl":{"start":{"line":96,"column":2},"end":{"line":96,"column":6}},"loc":{"start":{"line":96,"column":14},"end":{"line":98,"column":3}}},"11":{"name":"(anonymous_11)","decl":{"start":{"line":100,"column":2},"end":{"line":100,"column":6}},"loc":{"start":{"line":100,"column":10},"end":{"line":102,"column":3}}},"12":{"name":"(anonymous_12)","decl":{"start":{"line":104,"column":2},"end":{"line":104,"column":6}},"loc":{"start":{"line":104,"column":17},"end":{"line":106,"column":3}}},"13":{"name":"(anonymous_13)","decl":{"start":{"line":108,"column":2},"end":{"line":108,"column":6}},"loc":{"start":{"line":108,"column":10},"end":{"line":110,"column":3}}},"14":{"name":"(anonymous_14)","decl":{"start":{"line":112,"column":2},"end":{"line":112,"column":6}},"loc":{"start":{"line":112,"column":11},"end":{"line":114,"column":3}}}},"branchMap":{"0":{"loc":{"start":{"line":69,"column":50},"end":{"line":69,"column":58}},"type":"default-arg","locations":[{"start":{"line":69,"column":57},"end":{"line":69,"column":58}}]},"1":{"loc":{"start":{"line":69,"column":60},"end":{"line":69,"column":72}},"type":"default-arg","locations":[{"start":{"line":69,"column":71},"end":{"line":69,"column":72}}]},"2":{"loc":{"start":{"line":69,"column":74},"end":{"line":69,"column":83}},"type":"default-arg","locations":[{"start":{"line":69,"column":82},"end":{"line":69,"column":83}}]}},"s":{"0":8,"1":8,"2":8,"3":0,"4":0,"5":0,"6":1,"7":1,"8":1,"9":1,"10":1,"11":1,"12":2,"13":2,"14":2,"15":2,"16":2,"17":2,"18":2,"19":2,"20":2,"21":1,"22":0,"23":0,"24":0,"25":0,"26":0,"27":0,"28":0,"29":0,"30":1},"f":{"0":8,"1":0,"2":0,"3":0,"4":1,"5":2,"6":1,"7":0,"8":0,"9":0,"10":0,"11":0,"12":0,"13":0,"14":0},"b":{"0":[1],"1":[1],"2":[1]}}
,"/Users/shawn.mealey/Projects/dungeon_delvers/client/src/engine/core/actor.ts": {"path":"/Users/shawn.mealey/Projects/dungeon_delvers/client/src/engine/core/actor.ts","statementMap":{"0":{"start":{"line":1,"column":0},"end":{"line":1,"column":53}},"1":{"start":{"line":4,"column":21},"end":{"line":4,"column":25}},"2":{"start":{"line":5,"column":25},"end":{"line":5,"column":29}},"3":{"start":{"line":6,"column":27},"end":{"line":6,"column":31}},"4":{"start":{"line":7,"column":26},"end":{"line":7,"column":30}},"5":{"start":{"line":8,"column":19},"end":{"line":8,"column":23}},"6":{"start":{"line":9,"column":23},"end":{"line":9,"column":27}},"7":{"start":{"line":10,"column":21},"end":{"line":10,"column":25}},"8":{"start":{"line":11,"column":22},"end":{"line":11,"column":26}},"9":{"start":{"line":12,"column":20},"end":{"line":12,"column":24}},"10":{"start":{"line":13,"column":19},"end":{"line":13,"column":23}},"11":{"start":{"line":14,"column":19},"end":{"line":14,"column":23}},"12":{"start":{"line":15,"column":22},"end":{"line":15,"column":26}},"13":{"start":{"line":17,"column":0},"end":{"line":17,"column":null}},"14":{"start":{"line":18,"column":2},"end":{"line":18,"column":null}},"15":{"start":{"line":19,"column":2},"end":{"line":19,"column":null}},"16":{"start":{"line":20,"column":2},"end":{"line":20,"column":null}},"17":{"start":{"line":21,"column":2},"end":{"line":21,"column":null}},"18":{"start":{"line":151,"column":2},"end":{"line":162,"column":4}},"19":{"start":{"line":152,"column":22},"end":{"line":152,"column":115}},"20":{"start":{"line":153,"column":4},"end":{"line":161,"column":5}},"21":{"start":{"line":154,"column":6},"end":{"line":154,"column":36}},"22":{"start":{"line":155,"column":11},"end":{"line":161,"column":5}},"23":{"start":{"line":156,"column":6},"end":{"line":156,"column":31}},"24":{"start":{"line":157,"column":11},"end":{"line":161,"column":5}},"25":{"start":{"line":158,"column":6},"end":{"line":158,"column":33}},"26":{"start":{"line":160,"column":6},"end":{"line":160,"column":32}},"27":{"start":{"line":164,"column":2},"end":{"line":178,"column":4}},"28":{"start":{"line":165,"column":25},"end":{"line":165,"column":67}},"29":{"start":{"line":166,"column":19},"end":{"line":167,"column":104}},"30":{"start":{"line":167,"column":6},"end":{"line":167,"column":104}},"31":{"start":{"line":168,"column":4},"end":{"line":177,"column":5}},"32":{"start":{"line":170,"column":8},"end":{"line":170,"column":42}},"33":{"start":{"line":172,"column":8},"end":{"line":172,"column":24}},"34":{"start":{"line":174,"column":8},"end":{"line":174,"column":42}},"35":{"start":{"line":176,"column":8},"end":{"line":176,"column":22}},"36":{"start":{"line":65,"column":4},"end":{"line":65,"column":18}},"37":{"start":{"line":66,"column":4},"end":{"line":66,"column":34}},"38":{"start":{"line":67,"column":4},"end":{"line":77,"column":6}},"39":{"start":{"line":78,"column":4},"end":{"line":98,"column":6}},"40":{"start":{"line":99,"column":4},"end":{"line":105,"column":6}},"41":{"start":{"line":107,"column":4},"end":{"line":107,"column":54}},"42":{"start":{"line":110,"column":4},"end":{"line":110,"column":43}},"43":{"start":{"line":114,"column":4},"end":{"line":114,"column":20}},"44":{"start":{"line":118,"column":4},"end":{"line":118,"column":20}},"45":{"start":{"line":122,"column":4},"end":{"line":125,"column":null}},"46":{"start":{"line":129,"column":4},"end":{"line":129,"column":34}},"47":{"start":{"line":132,"column":4},"end":{"line":132,"column":30}},"48":{"start":{"line":136,"column":4},"end":{"line":136,"column":31}},"49":{"start":{"line":140,"column":4},"end":{"line":140,"column":40}},"50":{"start":{"line":144,"column":4},"end":{"line":144,"column":41}},"51":{"start":{"line":148,"column":4},"end":{"line":148,"column":22}},"52":{"start":{"line":36,"column":0},"end":{"line":36,"column":13}}},"fnMap":{"0":{"name":"(anonymous_0)","decl":{"start":{"line":17,"column":0},"end":{"line":17,"column":12}},"loc":{"start":{"line":17,"column":25},"end":{"line":22,"column":1}}},"1":{"name":"(anonymous_1)","decl":{"start":{"line":64,"column":2},"end":{"line":64,"column":14}},"loc":{"start":{"line":64,"column":90},"end":{"line":108,"column":3}}},"2":{"name":"(anonymous_2)","decl":{"start":{"line":151,"column":21},"end":{"line":151,"column":22}},"loc":{"start":{"line":151,"column":72},"end":{"line":162,"column":3}}},"3":{"name":"(anonymous_3)","decl":{"start":{"line":164,"column":20},"end":{"line":164,"column":21}},"loc":{"start":{"line":164,"column":109},"end":{"line":178,"column":3}}},"4":{"name":"(anonymous_4)","decl":{"start":{"line":166,"column":19},"end":{"line":166,"column":22}},"loc":{"start":{"line":167,"column":6},"end":{"line":167,"column":104}}},"5":{"name":"(anonymous_5)","decl":{"start":{"line":109,"column":2},"end":{"line":109,"column":15}},"loc":{"start":{"line":109,"column":47},"end":{"line":111,"column":3}}},"6":{"name":"(anonymous_6)","decl":{"start":{"line":113,"column":2},"end":{"line":113,"column":6}},"loc":{"start":{"line":113,"column":8},"end":{"line":115,"column":3}}},"7":{"name":"(anonymous_7)","decl":{"start":{"line":117,"column":2},"end":{"line":117,"column":6}},"loc":{"start":{"line":117,"column":21},"end":{"line":119,"column":3}}},"8":{"name":"(anonymous_8)","decl":{"start":{"line":121,"column":2},"end":{"line":121,"column":6}},"loc":{"start":{"line":121,"column":11},"end":{"line":127,"column":3}}},"9":{"name":"(anonymous_9)","decl":{"start":{"line":128,"column":2},"end":{"line":128,"column":6}},"loc":{"start":{"line":128,"column":13},"end":{"line":130,"column":3}}},"10":{"name":"(anonymous_10)","decl":{"start":{"line":131,"column":2},"end":{"line":131,"column":6}},"loc":{"start":{"line":131,"column":12},"end":{"line":133,"column":3}}},"11":{"name":"(anonymous_11)","decl":{"start":{"line":135,"column":2},"end":{"line":135,"column":6}},"loc":{"start":{"line":135,"column":26},"end":{"line":137,"column":3}}},"12":{"name":"(anonymous_12)","decl":{"start":{"line":139,"column":2},"end":{"line":139,"column":6}},"loc":{"start":{"line":139,"column":15},"end":{"line":141,"column":3}}},"13":{"name":"(anonymous_13)","decl":{"start":{"line":143,"column":2},"end":{"line":143,"column":6}},"loc":{"start":{"line":143,"column":29},"end":{"line":145,"column":3}}},"14":{"name":"(anonymous_14)","decl":{"start":{"line":147,"column":2},"end":{"line":147,"column":6}},"loc":{"start":{"line":147,"column":10},"end":{"line":149,"column":3}}}},"branchMap":{"0":{"loc":{"start":{"line":17,"column":12},"end":{"line":17,"column":null}},"type":"binary-expr","locations":[{"start":{"line":17,"column":12},"end":{"line":17,"column":25}},{"start":{"line":17,"column":25},"end":{"line":17,"column":null}}]},"1":{"loc":{"start":{"line":153,"column":4},"end":{"line":161,"column":5}},"type":"if","locations":[{"start":{"line":153,"column":4},"end":{"line":161,"column":5}},{"start":{"line":155,"column":11},"end":{"line":161,"column":5}}]},"2":{"loc":{"start":{"line":155,"column":11},"end":{"line":161,"column":5}},"type":"if","locations":[{"start":{"line":155,"column":11},"end":{"line":161,"column":5}},{"start":{"line":157,"column":11},"end":{"line":161,"column":5}}]},"3":{"loc":{"start":{"line":157,"column":11},"end":{"line":161,"column":5}},"type":"if","locations":[{"start":{"line":157,"column":11},"end":{"line":161,"column":5}},{"start":{"line":159,"column":11},"end":{"line":161,"column":5}}]},"4":{"loc":{"start":{"line":168,"column":4},"end":{"line":177,"column":5}},"type":"switch","locations":[{"start":{"line":169,"column":6},"end":{"line":170,"column":42}},{"start":{"line":171,"column":6},"end":{"line":172,"column":24}},{"start":{"line":173,"column":6},"end":{"line":174,"column":42}},{"start":{"line":175,"column":6},"end":{"line":176,"column":22}}]}},"s":{"0":2,"1":2,"2":2,"3":2,"4":2,"5":2,"6":2,"7":2,"8":2,"9":2,"10":2,"11":2,"12":2,"13":2,"14":2,"15":2,"16":2,"17":2,"18":3,"19":4,"20":4,"21":1,"22":3,"23":1,"24":2,"25":1,"26":1,"27":3,"28":4,"29":4,"30":3,"31":4,"32":1,"33":1,"34":1,"35":1,"36":3,"37":3,"38":3,"39":3,"40":3,"41":3,"42":18,"43":0,"44":0,"45":12,"46":0,"47":0,"48":0,"49":0,"50":0,"51":0,"52":2},"f":{"0":2,"1":3,"2":4,"3":4,"4":3,"5":18,"6":0,"7":0,"8":12,"9":0,"10":0,"11":0,"12":0,"13":0,"14":0},"b":{"0":[2,2],"1":[1,3],"2":[1,2],"3":[1,1],"4":[1,1,1,1]}}
,"/Users/shawn.mealey/Projects/dungeon_delvers/client/src/engine/core/attribute.ts": {"path":"/Users/shawn.mealey/Projects/dungeon_delvers/client/src/engine/core/attribute.ts","statementMap":{"0":{"start":{"line":1,"column":0},"end":{"line":1,"column":null}},"1":{"start":{"line":2,"column":2},"end":{"line":2,"column":null}},"2":{"start":{"line":3,"column":2},"end":{"line":3,"column":null}},"3":{"start":{"line":4,"column":2},"end":{"line":4,"column":null}},"4":{"start":{"line":5,"column":2},"end":{"line":5,"column":null}},"5":{"start":{"line":6,"column":2},"end":{"line":6,"column":null}},"6":{"start":{"line":7,"column":2},"end":{"line":7,"column":null}},"7":{"start":{"line":10,"column":13},"end":{"line":10,"column":38}},"8":{"start":{"line":11,"column":13},"end":{"line":11,"column":37}},"9":{"start":{"line":16,"column":4},"end":{"line":20,"column":5}},"10":{"start":{"line":17,"column":6},"end":{"line":19,"column":8}},"11":{"start":{"line":21,"column":4},"end":{"line":21,"column":25}},"12":{"start":{"line":24,"column":4},"end":{"line":24,"column":23}},"13":{"start":{"line":27,"column":4},"end":{"line":27,"column":25}},"14":{"start":{"line":30,"column":4},"end":{"line":30,"column":87}},"15":{"start":{"line":33,"column":4},"end":{"line":33,"column":41}},"16":{"start":{"line":39,"column":4},"end":{"line":39,"column":18}},"17":{"start":{"line":37,"column":0},"end":{"line":37,"column":13}},"18":{"start":{"line":45,"column":4},"end":{"line":45,"column":18}},"19":{"start":{"line":43,"column":0},"end":{"line":43,"column":13}},"20":{"start":{"line":51,"column":4},"end":{"line":51,"column":18}},"21":{"start":{"line":49,"column":0},"end":{"line":49,"column":13}},"22":{"start":{"line":57,"column":4},"end":{"line":57,"column":18}},"23":{"start":{"line":55,"column":0},"end":{"line":55,"column":13}},"24":{"start":{"line":63,"column":4},"end":{"line":63,"column":18}},"25":{"start":{"line":61,"column":0},"end":{"line":61,"column":13}},"26":{"start":{"line":69,"column":4},"end":{"line":69,"column":18}},"27":{"start":{"line":67,"column":0},"end":{"line":67,"column":13}},"28":{"start":{"line":83,"column":10},"end":{"line":90,"column":4}},"29":{"start":{"line":99,"column":4},"end":{"line":99,"column":70}},"30":{"start":{"line":100,"column":4},"end":{"line":100,"column":64}},"31":{"start":{"line":101,"column":4},"end":{"line":101,"column":64}},"32":{"start":{"line":102,"column":4},"end":{"line":102,"column":56}},"33":{"start":{"line":103,"column":4},"end":{"line":103,"column":66}},"34":{"start":{"line":104,"column":4},"end":{"line":104,"column":60}},"35":{"start":{"line":115,"column":4},"end":{"line":115,"column":70}},"36":{"start":{"line":116,"column":4},"end":{"line":116,"column":64}},"37":{"start":{"line":117,"column":4},"end":{"line":117,"column":64}},"38":{"start":{"line":118,"column":4},"end":{"line":118,"column":56}},"39":{"start":{"line":119,"column":4},"end":{"line":119,"column":66}},"40":{"start":{"line":120,"column":4},"end":{"line":120,"column":60}},"41":{"start":{"line":124,"column":4},"end":{"line":124,"column":28}},"42":{"start":{"line":128,"column":4},"end":{"line":128,"column":46}},"43":{"start":{"line":132,"column":4},"end":{"line":132,"column":39}},"44":{"start":{"line":82,"column":0},"end":{"line":82,"column":13}}},"fnMap":{"0":{"name":"(anonymous_0)","decl":{"start":{"line":1,"column":0},"end":{"line":1,"column":12}},"loc":{"start":{"line":1,"column":22},"end":{"line":8,"column":1}}},"1":{"name":"(anonymous_1)","decl":{"start":{"line":15,"column":2},"end":{"line":15,"column":14}},"loc":{"start":{"line":15,"column":28},"end":{"line":22,"column":3}}},"2":{"name":"(anonymous_2)","decl":{"start":{"line":23,"column":2},"end":{"line":23,"column":6}},"loc":{"start":{"line":23,"column":11},"end":{"line":25,"column":3}}},"3":{"name":"(anonymous_3)","decl":{"start":{"line":26,"column":2},"end":{"line":26,"column":6}},"loc":{"start":{"line":26,"column":18},"end":{"line":28,"column":3}}},"4":{"name":"(anonymous_4)","decl":{"start":{"line":29,"column":2},"end":{"line":29,"column":23}},"loc":{"start":{"line":29,"column":37},"end":{"line":31,"column":3}}},"5":{"name":"(anonymous_5)","decl":{"start":{"line":32,"column":2},"end":{"line":32,"column":19}},"loc":{"start":{"line":32,"column":36},"end":{"line":34,"column":3}}},"6":{"name":"(anonymous_6)","decl":{"start":{"line":38,"column":2},"end":{"line":38,"column":14}},"loc":{"start":{"line":38,"column":28},"end":{"line":40,"column":3}}},"7":{"name":"(anonymous_7)","decl":{"start":{"line":44,"column":2},"end":{"line":44,"column":14}},"loc":{"start":{"line":44,"column":28},"end":{"line":46,"column":3}}},"8":{"name":"(anonymous_8)","decl":{"start":{"line":50,"column":2},"end":{"line":50,"column":14}},"loc":{"start":{"line":50,"column":28},"end":{"line":52,"column":3}}},"9":{"name":"(anonymous_9)","decl":{"start":{"line":56,"column":2},"end":{"line":56,"column":14}},"loc":{"start":{"line":56,"column":28},"end":{"line":58,"column":3}}},"10":{"name":"(anonymous_10)","decl":{"start":{"line":62,"column":2},"end":{"line":62,"column":14}},"loc":{"start":{"line":62,"column":28},"end":{"line":64,"column":3}}},"11":{"name":"(anonymous_11)","decl":{"start":{"line":68,"column":2},"end":{"line":68,"column":14}},"loc":{"start":{"line":68,"column":28},"end":{"line":70,"column":3}}},"12":{"name":"(anonymous_12)","decl":{"start":{"line":91,"column":2},"end":{"line":91,"column":14}},"loc":{"start":{"line":98,"column":19},"end":{"line":105,"column":3}}},"13":{"name":"(anonymous_13)","decl":{"start":{"line":107,"column":2},"end":{"line":107,"column":15}},"loc":{"start":{"line":114,"column":19},"end":{"line":121,"column":3}}},"14":{"name":"(anonymous_14)","decl":{"start":{"line":123,"column":2},"end":{"line":123,"column":15}},"loc":{"start":{"line":123,"column":15},"end":{"line":125,"column":3}}},"15":{"name":"(anonymous_15)","decl":{"start":{"line":127,"column":2},"end":{"line":127,"column":14}},"loc":{"start":{"line":127,"column":51},"end":{"line":129,"column":3}}},"16":{"name":"(anonymous_16)","decl":{"start":{"line":131,"column":2},"end":{"line":131,"column":14}},"loc":{"start":{"line":131,"column":36},"end":{"line":133,"column":3}}}},"branchMap":{"0":{"loc":{"start":{"line":1,"column":12},"end":{"line":1,"column":null}},"type":"binary-expr","locations":[{"start":{"line":1,"column":12},"end":{"line":1,"column":22}},{"start":{"line":1,"column":22},"end":{"line":1,"column":null}}]},"1":{"loc":{"start":{"line":16,"column":4},"end":{"line":20,"column":5}},"type":"if","locations":[{"start":{"line":16,"column":4},"end":{"line":20,"column":5}}]},"2":{"loc":{"start":{"line":30,"column":11},"end":{"line":30,"column":86}},"type":"cond-expr","locations":[{"start":{"line":30,"column":74},"end":{"line":30,"column":78}},{"start":{"line":30,"column":81},"end":{"line":30,"column":86}}]},"3":{"loc":{"start":{"line":30,"column":11},"end":{"line":30,"column":71}},"type":"binary-expr","locations":[{"start":{"line":30,"column":11},"end":{"line":30,"column":39}},{"start":{"line":30,"column":43},"end":{"line":30,"column":71}}]}},"s":{"0":4,"1":4,"2":4,"3":4,"4":4,"5":4,"6":4,"7":4,"8":4,"9":269,"10":6,"11":263,"12":0,"13":0,"14":269,"15":50,"16":44,"17":4,"18":44,"19":4,"20":44,"21":4,"22":44,"23":4,"24":49,"25":4,"26":44,"27":4,"28":21,"29":21,"30":21,"31":21,"32":21,"33":21,"34":21,"35":0,"36":0,"37":0,"38":0,"39":0,"40":0,"41":0,"42":0,"43":45,"44":4},"f":{"0":4,"1":269,"2":0,"3":0,"4":269,"5":50,"6":44,"7":44,"8":44,"9":44,"10":49,"11":44,"12":21,"13":0,"14":0,"15":0,"16":45},"b":{"0":[4,4],"1":[6],"2":[263,6],"3":[269,266]}}
,"/Users/shawn.mealey/Projects/dungeon_delvers/client/src/engine/core/races.ts": {"path":"/Users/shawn.mealey/Projects/dungeon_delvers/client/src/engine/core/races.ts","statementMap":{"0":{"start":{"line":1,"column":0},"end":{"line":1,"column":53}},"1":{"start":{"line":2,"column":0},"end":{"line":2,"column":43}},"2":{"start":{"line":11,"column":4},"end":{"line":11,"column":22}},"3":{"start":{"line":12,"column":4},"end":{"line":12,"column":34}},"4":{"start":{"line":13,"column":4},"end":{"line":13,"column":36}},"5":{"start":{"line":16,"column":4},"end":{"line":16,"column":22}},"6":{"start":{"line":19,"column":4},"end":{"line":19,"column":28}},"7":{"start":{"line":22,"column":4},"end":{"line":22,"column":29}},"8":{"start":{"line":6,"column":0},"end":{"line":6,"column":13}},"9":{"start":{"line":29,"column":4},"end":{"line":46,"column":6}},"10":{"start":{"line":31,"column":8},"end":{"line":42,"column":10}},"11":{"start":{"line":43,"column":8},"end":{"line":43,"column":27}},"12":{"start":{"line":49,"column":4},"end":{"line":49,"column":29}},"13":{"start":{"line":52,"column":4},"end":{"line":52,"column":40}},"14":{"start":{"line":55,"column":4},"end":{"line":55,"column":41}},"15":{"start":{"line":26,"column":0},"end":{"line":26,"column":13}}},"fnMap":{"0":{"name":"(anonymous_0)","decl":{"start":{"line":10,"column":2},"end":{"line":10,"column":14}},"loc":{"start":{"line":10,"column":73},"end":{"line":14,"column":3}}},"1":{"name":"(anonymous_1)","decl":{"start":{"line":15,"column":2},"end":{"line":15,"column":6}},"loc":{"start":{"line":15,"column":10},"end":{"line":17,"column":3}}},"2":{"name":"(anonymous_2)","decl":{"start":{"line":18,"column":2},"end":{"line":18,"column":6}},"loc":{"start":{"line":18,"column":16},"end":{"line":20,"column":3}}},"3":{"name":"(anonymous_3)","decl":{"start":{"line":21,"column":2},"end":{"line":21,"column":6}},"loc":{"start":{"line":21,"column":17},"end":{"line":23,"column":3}}},"4":{"name":"(anonymous_4)","decl":{"start":{"line":28,"column":2},"end":{"line":28,"column":null}},"loc":{"start":{"line":28,"column":2},"end":{"line":47,"column":3}}},"5":{"name":"(anonymous_5)","decl":{"start":{"line":30,"column":6},"end":{"line":30,"column":7}},"loc":{"start":{"line":30,"column":74},"end":{"line":44,"column":7}}},"6":{"name":"(anonymous_6)","decl":{"start":{"line":48,"column":2},"end":{"line":48,"column":6}},"loc":{"start":{"line":48,"column":21},"end":{"line":50,"column":3}}},"7":{"name":"(anonymous_7)","decl":{"start":{"line":51,"column":2},"end":{"line":51,"column":12}},"loc":{"start":{"line":51,"column":27},"end":{"line":53,"column":3}}},"8":{"name":"(anonymous_8)","decl":{"start":{"line":54,"column":2},"end":{"line":54,"column":13}},"loc":{"start":{"line":54,"column":28},"end":{"line":56,"column":3}}}},"branchMap":{},"s":{"0":1,"1":1,"2":12,"3":12,"4":12,"5":12,"6":12,"7":12,"8":1,"9":1,"10":6,"11":6,"12":6,"13":6,"14":6,"15":1},"f":{"0":12,"1":12,"2":12,"3":12,"4":1,"5":6,"6":6,"7":6,"8":6},"b":{}}
,"/Users/shawn.mealey/Projects/dungeon_delvers/client/src/engine/core/random.ts": {"path":"/Users/shawn.mealey/Projects/dungeon_delvers/client/src/engine/core/random.ts","statementMap":{"0":{"start":{"line":4,"column":0},"end":{"line":4,"column":16}},"1":{"start":{"line":11,"column":0},"end":{"line":11,"column":16}},"2":{"start":{"line":5,"column":2},"end":{"line":5,"column":59}},"3":{"start":{"line":12,"column":2},"end":{"line":12,"column":59}}},"fnMap":{"0":{"name":"random","decl":{"start":{"line":4,"column":16},"end":{"line":4,"column":22}},"loc":{"start":{"line":4,"column":47},"end":{"line":6,"column":1}}},"1":{"name":"randomChoice","decl":{"start":{"line":11,"column":16},"end":{"line":11,"column":28}},"loc":{"start":{"line":11,"column":43},"end":{"line":13,"column":1}}}},"branchMap":{},"s":{"0":1,"1":1,"2":18,"3":7},"f":{"0":18,"1":7},"b":{}}
,"/Users/shawn.mealey/Projects/dungeon_delvers/server/engine/character/attributes.ts": {"path":"/Users/shawn.mealey/Projects/dungeon_delvers/server/engine/character/attributes.ts","statementMap":{"0":{"start":{"line":1,"column":0},"end":{"line":1,"column":null}},"1":{"start":{"line":2,"column":2},"end":{"line":2,"column":null}},"2":{"start":{"line":3,"column":2},"end":{"line":3,"column":null}},"3":{"start":{"line":4,"column":2},"end":{"line":4,"column":null}},"4":{"start":{"line":5,"column":2},"end":{"line":5,"column":null}},"5":{"start":{"line":6,"column":2},"end":{"line":6,"column":null}},"6":{"start":{"line":7,"column":2},"end":{"line":7,"column":null}},"7":{"start":{"line":10,"column":13},"end":{"line":10,"column":47}},"8":{"start":{"line":11,"column":13},"end":{"line":11,"column":46}}},"fnMap":{"0":{"name":"(anonymous_0)","decl":{"start":{"line":1,"column":0},"end":{"line":1,"column":12}},"loc":{"start":{"line":1,"column":22},"end":{"line":8,"column":1}}}},"branchMap":{"0":{"loc":{"start":{"line":1,"column":12},"end":{"line":1,"column":null}},"type":"binary-expr","locations":[{"start":{"line":1,"column":12},"end":{"line":1,"column":22}},{"start":{"line":1,"column":22},"end":{"line":1,"column":null}}]}},"s":{"0":1,"1":1,"2":1,"3":1,"4":1,"5":1,"6":1,"7":1,"8":1},"f":{"0":1},"b":{"0":[1,1]}}
,"/Users/shawn.mealey/Projects/dungeon_delvers/server/engine/character/character.ts": {"path":"/Users/shawn.mealey/Projects/dungeon_delvers/server/engine/character/character.ts","statementMap":{"0":{"start":{"line":2,"column":0},"end":{"line":2,"column":37}},"1":{"start":{"line":3,"column":0},"end":{"line":3,"column":42}},"2":{"start":{"line":4,"column":0},"end":{"line":4,"column":43}},"3":{"start":{"line":5,"column":0},"end":{"line":5,"column":41}},"4":{"start":{"line":6,"column":0},"end":{"line":6,"column":37}},"5":{"start":{"line":7,"column":0},"end":{"line":7,"column":39}},"6":{"start":{"line":8,"column":0},"end":{"line":8,"column":102}},"7":{"start":{"line":9,"column":0},"end":{"line":9,"column":32}},"8":{"start":{"line":20,"column":18},"end":{"line":25,"column":2}},"9":{"start":{"line":27,"column":26},"end":{"line":29,"column":1}},"10":{"start":{"line":28,"column":2},"end":{"line":28,"column":50}},"11":{"start":{"line":31,"column":22},"end":{"line":36,"column":1}},"12":{"start":{"line":32,"column":2},"end":{"line":34,"column":3}},"13":{"start":{"line":33,"column":4},"end":{"line":33,"column":69}},"14":{"start":{"line":35,"column":2},"end":{"line":35,"column":43}},"15":{"start":{"line":38,"column":30},"end":{"line":46,"column":1}},"16":{"start":{"line":39,"column":2},"end":{"line":41,"column":3}},"17":{"start":{"line":40,"column":4},"end":{"line":40,"column":40}},"18":{"start":{"line":42,"column":2},"end":{"line":44,"column":3}},"19":{"start":{"line":43,"column":4},"end":{"line":43,"column":40}},"20":{"start":{"line":45,"column":2},"end":{"line":45,"column":15}},"21":{"start":{"line":48,"column":23},"end":{"line":61,"column":2}},"22":{"start":{"line":78,"column":22},"end":{"line":142,"column":2}},"23":{"start":{"line":78,"column":100},"end":{"line":142,"column":2}},"24":{"start":{"line":79,"column":21},"end":{"line":86,"column":4}},"25":{"start":{"line":87,"column":16},"end":{"line":118,"column":4}},"26":{"start":{"line":119,"column":24},"end":{"line":119,"column":43}},"27":{"start":{"line":121,"column":2},"end":{"line":134,"column":5}},"28":{"start":{"line":136,"column":2},"end":{"line":141,"column":4}},"29":{"start":{"line":78,"column":13},"end":{"line":78,"column":22}},"30":{"start":{"line":144,"column":0},"end":{"line":148,"column":2}},"31":{"start":{"line":145,"column":2},"end":{"line":147,"column":5}},"32":{"start":{"line":145,"column":80},"end":{"line":147,"column":4}},"33":{"start":{"line":146,"column":4},"end":{"line":146,"column":33}}},"fnMap":{"0":{"name":"(anonymous_16)","decl":{"start":{"line":27,"column":26},"end":{"line":27,"column":27}},"loc":{"start":{"line":27,"column":71},"end":{"line":29,"column":1}}},"1":{"name":"(anonymous_17)","decl":{"start":{"line":31,"column":22},"end":{"line":31,"column":23}},"loc":{"start":{"line":31,"column":62},"end":{"line":36,"column":1}}},"2":{"name":"(anonymous_18)","decl":{"start":{"line":38,"column":30},"end":{"line":38,"column":31}},"loc":{"start":{"line":38,"column":48},"end":{"line":46,"column":1}}},"3":{"name":"(anonymous_19)","decl":{"start":{"line":78,"column":22},"end":{"line":78,"column":29}},"loc":{"start":{"line":78,"column":100},"end":{"line":142,"column":2}}},"4":{"name":"(anonymous_20)","decl":{"start":{"line":78,"column":100},"end":{"line":78,"column":null}},"loc":{"start":{"line":78,"column":96},"end":{"line":142,"column":1}}},"5":{"name":"(anonymous_21)","decl":{"start":{"line":144,"column":15},"end":{"line":144,"column":16}},"loc":{"start":{"line":144,"column":47},"end":{"line":148,"column":1}}},"6":{"name":"(anonymous_22)","decl":{"start":{"line":145,"column":32},"end":{"line":145,"column":39}},"loc":{"start":{"line":145,"column":80},"end":{"line":147,"column":4}}},"7":{"name":"(anonymous_23)","decl":{"start":{"line":145,"column":80},"end":{"line":145,"column":null}},"loc":{"start":{"line":145,"column":80},"end":{"line":147,"column":3}}}},"branchMap":{"0":{"loc":{"start":{"line":32,"column":2},"end":{"line":34,"column":3}},"type":"if","locations":[{"start":{"line":32,"column":2},"end":{"line":34,"column":3}}]},"1":{"loc":{"start":{"line":39,"column":2},"end":{"line":41,"column":3}},"type":"if","locations":[{"start":{"line":39,"column":2},"end":{"line":41,"column":3}}]},"2":{"loc":{"start":{"line":42,"column":2},"end":{"line":44,"column":3}},"type":"if","locations":[{"start":{"line":42,"column":2},"end":{"line":44,"column":3}}]}},"s":{"0":1,"1":1,"2":1,"3":1,"4":1,"5":1,"6":1,"7":1,"8":1,"9":1,"10":28,"11":1,"12":24,"13":4,"14":20,"15":1,"16":12,"17":2,"18":10,"19":2,"20":8,"21":1,"22":1,"23":2,"24":2,"25":2,"26":2,"27":2,"28":2,"29":1,"30":1,"31":1,"32":1,"33":1},"f":{"0":28,"1":24,"2":12,"3":2,"4":2,"5":1,"6":1,"7":1},"b":{"0":[4],"1":[2],"2":[2]}}
,"/Users/shawn.mealey/Projects/dungeon_delvers/server/engine/character/stats.ts": {"path":"/Users/shawn.mealey/Projects/dungeon_delvers/server/engine/character/stats.ts","statementMap":{"0":{"start":{"line":1,"column":0},"end":{"line":1,"column":null}},"1":{"start":{"line":2,"column":2},"end":{"line":2,"column":null}},"2":{"start":{"line":3,"column":2},"end":{"line":3,"column":null}},"3":{"start":{"line":4,"column":2},"end":{"line":4,"column":null}},"4":{"start":{"line":5,"column":2},"end":{"line":5,"column":null}},"5":{"start":{"line":6,"column":2},"end":{"line":6,"column":null}},"6":{"start":{"line":7,"column":2},"end":{"line":7,"column":null}},"7":{"start":{"line":8,"column":2},"end":{"line":8,"column":null}},"8":{"start":{"line":9,"column":2},"end":{"line":9,"column":null}},"9":{"start":{"line":10,"column":2},"end":{"line":10,"column":null}},"10":{"start":{"line":11,"column":2},"end":{"line":11,"column":null}},"11":{"start":{"line":12,"column":2},"end":{"line":12,"column":null}},"12":{"start":{"line":13,"column":2},"end":{"line":13,"column":null}}},"fnMap":{"0":{"name":"(anonymous_0)","decl":{"start":{"line":1,"column":0},"end":{"line":1,"column":12}},"loc":{"start":{"line":1,"column":17},"end":{"line":14,"column":1}}}},"branchMap":{"0":{"loc":{"start":{"line":1,"column":12},"end":{"line":1,"column":null}},"type":"binary-expr","locations":[{"start":{"line":1,"column":12},"end":{"line":1,"column":17}},{"start":{"line":1,"column":17},"end":{"line":1,"column":null}}]}},"s":{"0":1,"1":1,"2":1,"3":1,"4":1,"5":1,"6":1,"7":1,"8":1,"9":1,"10":1,"11":1,"12":1},"f":{"0":1},"b":{"0":[1,1]}}
,"/Users/shawn.mealey/Projects/dungeon_delvers/server/engine/character/class/class.ts": {"path":"/Users/shawn.mealey/Projects/dungeon_delvers/server/engine/character/class/class.ts","statementMap":{"0":{"start":{"line":1,"column":0},"end":{"line":1,"column":null}},"1":{"start":{"line":2,"column":2},"end":{"line":2,"column":null}},"2":{"start":{"line":3,"column":2},"end":{"line":3,"column":null}},"3":{"start":{"line":4,"column":2},"end":{"line":4,"column":null}},"4":{"start":{"line":5,"column":2},"end":{"line":5,"column":null}}},"fnMap":{"0":{"name":"(anonymous_0)","decl":{"start":{"line":1,"column":0},"end":{"line":1,"column":12}},"loc":{"start":{"line":1,"column":21},"end":{"line":6,"column":1}}}},"branchMap":{"0":{"loc":{"start":{"line":1,"column":12},"end":{"line":1,"column":null}},"type":"binary-expr","locations":[{"start":{"line":1,"column":12},"end":{"line":1,"column":21}},{"start":{"line":1,"column":21},"end":{"line":1,"column":null}}]}},"s":{"0":1,"1":1,"2":1,"3":1,"4":1},"f":{"0":1},"b":{"0":[1,1]}}
,"/Users/shawn.mealey/Projects/dungeon_delvers/server/engine/character/class/fighter.ts": {"path":"/Users/shawn.mealey/Projects/dungeon_delvers/server/engine/character/class/fighter.ts","statementMap":{"0":{"start":{"line":1,"column":0},"end":{"line":1,"column":33}},"1":{"start":{"line":3,"column":13},"end":{"line":10,"column":2}},"2":{"start":{"line":12,"column":13},"end":{"line":12,"column":35}}},"fnMap":{},"branchMap":{},"s":{"0":1,"1":1,"2":1},"f":{},"b":{}}
,"/Users/shawn.mealey/Projects/dungeon_delvers/server/engine/character/class/healer.ts": {"path":"/Users/shawn.mealey/Projects/dungeon_delvers/server/engine/character/class/healer.ts","statementMap":{"0":{"start":{"line":1,"column":0},"end":{"line":1,"column":33}},"1":{"start":{"line":3,"column":13},"end":{"line":10,"column":2}}},"fnMap":{},"branchMap":{},"s":{"0":1,"1":1},"f":{},"b":{}}
,"/Users/shawn.mealey/Projects/dungeon_delvers/server/engine/character/class/mage.ts": {"path":"/Users/shawn.mealey/Projects/dungeon_delvers/server/engine/character/class/mage.ts","statementMap":{"0":{"start":{"line":1,"column":0},"end":{"line":1,"column":33}},"1":{"start":{"line":3,"column":13},"end":{"line":10,"column":2}},"2":{"start":{"line":12,"column":13},"end":{"line":12,"column":35}}},"fnMap":{},"branchMap":{},"s":{"0":1,"1":1,"2":1},"f":{},"b":{}}
,"/Users/shawn.mealey/Projects/dungeon_delvers/server/engine/character/class/scout.ts": {"path":"/Users/shawn.mealey/Projects/dungeon_delvers/server/engine/character/class/scout.ts","statementMap":{"0":{"start":{"line":1,"column":0},"end":{"line":1,"column":33}},"1":{"start":{"line":3,"column":13},"end":{"line":10,"column":2}}},"fnMap":{},"branchMap":{},"s":{"0":1,"1":1},"f":{},"b":{}}
}
