TN:
SF:../auth/src/api/index.ts
FN:4,(anonymous_1)
FNF:1
FNH:1
FNDA:4,(anonymous_1)
DA:1,2
DA:2,2
DA:4,2
DA:5,4
DA:6,4
DA:7,4
LF:6
LH:6
BRF:0
BRH:0
end_of_record
TN:
SF:../auth/src/api/routes/auth.ts
FN:6,(anonymous_8)
FN:7,(anonymous_9)
FN:7,(anonymous_10)
FN:10,(anonymous_11)
FN:10,(anonymous_12)
FN:15,(anonymous_13)
FN:30,(anonymous_14)
FN:30,(anonymous_15)
FNF:8
FNH:8
FNDA:8,(anonymous_8)
FNDA:1,(anonymous_9)
FNDA:1,(anonymous_10)
FNDA:1,(anonymous_11)
FNDA:1,(anonymous_12)
FNDA:1,(anonymous_13)
FNDA:3,(anonymous_14)
FNDA:3,(anonymous_15)
DA:2,2
DA:3,2
DA:4,2
DA:6,2
DA:7,8
DA:8,1
DA:9,1
DA:10,1
DA:11,1
DA:12,0
DA:14,1
DA:15,1
DA:16,1
DA:17,1
DA:20,0
DA:27,0
DA:30,8
DA:31,3
DA:32,3
DA:33,3
DA:34,2
DA:36,1
DA:37,1
DA:38,1
DA:39,0
DA:41,1
DA:42,1
DA:43,0
DA:45,1
DA:46,1
DA:47,1
DA:48,1
DA:50,0
LF:33
LH:27
BRDA:9,0,0,1
BRDA:9,0,1,0
BRDA:11,1,0,0
BRDA:11,1,1,1
BRDA:33,2,0,2
BRDA:33,2,1,1
BRDA:38,3,0,0
BRDA:42,4,0,0
BRDA:47,5,0,1
BRDA:47,5,1,0
BRF:10
BRH:5
end_of_record
TN:
SF:../auth/src/config/index.ts
FNF:0
FNH:0
DA:2,5
DA:3,5
DA:13,5
DA:35,5
LF:4
LH:4
BRDA:2,0,0,5
BRDA:2,0,1,0
BRDA:31,1,0,5
BRDA:31,1,1,5
BRDA:35,2,0,5
BRDA:35,2,1,0
BRF:6
BRH:4
end_of_record
TN:
SF:../auth/src/loaders/express.ts
FN:6,(anonymous_1)
FN:7,(anonymous_2)
FN:10,(anonymous_3)
FNF:3
FNH:3
FNDA:12,(anonymous_1)
FNDA:1,(anonymous_2)
FNDA:1,(anonymous_3)
DA:1,3
DA:2,3
DA:3,3
DA:4,3
DA:5,3
DA:6,3
DA:7,12
DA:8,1
DA:10,12
DA:11,1
DA:16,12
DA:21,12
DA:22,12
DA:24,12
DA:25,12
LF:15
LH:15
BRF:0
BRH:0
end_of_record
TN:
SF:../auth/src/loaders/index.ts
FN:5,(anonymous_8)
FN:5,(anonymous_9)
FNF:2
FNH:2
FNDA:6,(anonymous_8)
FNDA:6,(anonymous_9)
DA:2,2
DA:3,2
DA:5,6
DA:6,6
DA:7,6
LF:5
LH:5
BRDA:7,0,0,6
BRDA:7,0,1,1
BRF:2
BRH:2
end_of_record
TN:
SF:../auth/src/loaders/logger.ts
FNF:0
FNH:0
DA:1,3
DA:2,3
DA:5,3
DA:6,3
DA:7,3
DA:9,0
DA:16,3
DA:30,3
LF:8
LH:7
BRDA:6,0,0,3
BRDA:6,0,1,0
BRF:2
BRH:1
end_of_record
TN:
SF:../auth/src/models/user.ts
FN:4,(anonymous_8)
FN:4,(anonymous_9)
FN:13,(anonymous_10)
FN:13,(anonymous_11)
FN:29,(anonymous_12)
FN:29,(anonymous_13)
FN:38,(anonymous_14)
FN:38,(anonymous_15)
FN:47,(anonymous_16)
FN:47,(anonymous_17)
FN:52,(anonymous_18)
FNF:11
FNH:11
FNDA:1,(anonymous_8)
FNDA:1,(anonymous_9)
FNDA:1,(anonymous_10)
FNDA:1,(anonymous_11)
FNDA:3,(anonymous_12)
FNDA:3,(anonymous_13)
FNDA:1,(anonymous_14)
FNDA:1,(anonymous_15)
FNDA:1,(anonymous_16)
FNDA:1,(anonymous_17)
FNDA:1,(anonymous_18)
DA:1,3
DA:2,3
DA:4,3
DA:5,1
DA:9,1
DA:10,1
DA:13,3
DA:14,1
DA:18,1
DA:19,1
DA:20,1
DA:21,1
DA:22,1
DA:23,1
DA:26,0
DA:29,3
DA:30,3
DA:34,3
DA:35,3
DA:38,3
DA:39,1
DA:43,1
DA:44,1
DA:47,3
DA:48,1
DA:49,1
DA:52,3
DA:53,1
LF:28
LH:27
BRDA:20,0,0,1
BRDA:22,1,0,1
BRF:2
BRH:2
end_of_record
TN:
SF:../auth/src/models/validation.ts
FN:9,(anonymous_1)
FNF:1
FNH:1
FNDA:3,(anonymous_1)
DA:1,2
DA:9,2
DA:10,3
LF:3
LH:3
BRF:0
BRH:0
end_of_record
TN:
SF:../auth/src/services/auth.ts
FN:12,(anonymous_8)
FN:27,(anonymous_9)
FN:31,(anonymous_10)
FN:31,(anonymous_11)
FNF:4
FNH:4
FNDA:8,(anonymous_8)
FNDA:2,(anonymous_9)
FNDA:2,(anonymous_10)
FNDA:2,(anonymous_11)
DA:1,3
DA:2,3
DA:3,3
DA:12,3
DA:13,8
DA:27,8
DA:28,2
DA:31,8
DA:32,2
DA:36,2
DA:37,2
DA:38,1
DA:40,1
DA:41,1
DA:43,8
DA:44,8
LF:16
LH:16
BRDA:37,0,0,1
BRF:1
BRH:1
end_of_record
TN:
SF:../auth/src/services/database/postgres.ts
FNF:0
FNH:0
DA:1,3
DA:3,3
DA:5,3
LF:3
LH:3
BRF:0
BRH:0
end_of_record
TN:
SF:../client/src/content/actions.ts
FN:5,(anonymous_0)
FN:11,(anonymous_1)
FN:19,(anonymous_2)
FN:28,(anonymous_3)
FNF:4
FNH:2
FNDA:0,(anonymous_0)
FNDA:0,(anonymous_1)
FNDA:1,(anonymous_2)
FNDA:1,(anonymous_3)
DA:1,1
DA:4,1
DA:6,0
DA:12,0
DA:13,0
DA:15,0
DA:20,1
DA:29,1
LF:8
LH:4
BRDA:12,0,0,0
BRF:1
BRH:0
end_of_record
TN:
SF:../client/src/content/monsters.ts
FN:1,(anonymous_0)
FNF:1
FNH:1
FNDA:2,(anonymous_0)
DA:1,2
DA:2,2
DA:3,2
DA:4,2
DA:5,2
DA:6,2
DA:7,2
DA:8,2
DA:9,2
DA:10,2
DA:11,2
DA:12,2
DA:13,2
DA:14,2
LF:14
LH:14
BRDA:1,0,0,2
BRDA:1,0,1,2
BRF:2
BRH:2
end_of_record
TN:
SF:../client/src/content/race.ts
FNF:0
FNH:0
DA:1,1
LF:1
LH:1
BRF:0
BRH:0
end_of_record
TN:
SF:../client/src/engine/core/action.ts
FN:25,(anonymous_0)
FN:31,(anonymous_1)
FN:35,(anonymous_2)
FN:39,(anonymous_3)
FN:52,(anonymous_4)
FN:69,(anonymous_5)
FN:80,(anonymous_6)
FN:84,(anonymous_7)
FN:88,(anonymous_8)
FN:92,(anonymous_9)
FN:96,(anonymous_10)
FN:100,(anonymous_11)
FN:104,(anonymous_12)
FN:108,(anonymous_13)
FN:112,(anonymous_14)
FNF:15
FNH:4
FNDA:8,(anonymous_0)
FNDA:0,(anonymous_1)
FNDA:0,(anonymous_2)
FNDA:0,(anonymous_3)
FNDA:1,(anonymous_4)
FNDA:2,(anonymous_5)
FNDA:1,(anonymous_6)
FNDA:0,(anonymous_7)
FNDA:0,(anonymous_8)
FNDA:0,(anonymous_9)
FNDA:0,(anonymous_10)
FNDA:0,(anonymous_11)
FNDA:0,(anonymous_12)
FNDA:0,(anonymous_13)
FNDA:0,(anonymous_14)
DA:20,1
DA:26,8
DA:27,8
DA:28,8
DA:32,0
DA:36,0
DA:40,0
DA:44,1
DA:48,1
DA:52,1
DA:53,1
DA:59,1
DA:61,2
DA:70,2
DA:71,2
DA:72,2
DA:73,2
DA:74,2
DA:75,2
DA:76,2
DA:77,2
DA:81,1
DA:85,0
DA:89,0
DA:93,0
DA:97,0
DA:101,0
DA:105,0
DA:109,0
DA:113,0
LF:30
LH:19
BRDA:69,0,0,1
BRDA:69,1,0,1
BRDA:69,2,0,1
BRF:3
BRH:3
end_of_record
TN:
SF:../client/src/engine/core/actor.ts
FN:17,(anonymous_0)
FN:64,(anonymous_1)
FN:151,(anonymous_2)
FN:164,(anonymous_3)
FN:166,(anonymous_4)
FN:109,(anonymous_5)
FN:113,(anonymous_6)
FN:117,(anonymous_7)
FN:121,(anonymous_8)
FN:128,(anonymous_9)
FN:131,(anonymous_10)
FN:135,(anonymous_11)
FN:139,(anonymous_12)
FN:143,(anonymous_13)
FN:147,(anonymous_14)
FNF:15
FNH:7
FNDA:2,(anonymous_0)
FNDA:3,(anonymous_1)
FNDA:4,(anonymous_2)
FNDA:4,(anonymous_3)
FNDA:3,(anonymous_4)
FNDA:18,(anonymous_5)
FNDA:0,(anonymous_6)
FNDA:0,(anonymous_7)
FNDA:12,(anonymous_8)
FNDA:0,(anonymous_9)
FNDA:0,(anonymous_10)
FNDA:0,(anonymous_11)
FNDA:0,(anonymous_12)
FNDA:0,(anonymous_13)
FNDA:0,(anonymous_14)
DA:1,2
DA:4,2
DA:5,2
DA:6,2
DA:7,2
DA:8,2
DA:9,2
DA:10,2
DA:11,2
DA:12,2
DA:13,2
DA:14,2
DA:15,2
DA:17,2
DA:18,2
DA:19,2
DA:20,2
DA:21,2
DA:36,2
DA:65,3
DA:66,3
DA:67,3
DA:78,3
DA:99,3
DA:107,3
DA:110,18
DA:114,0
DA:118,0
DA:122,12
DA:129,0
DA:132,0
DA:136,0
DA:140,0
DA:144,0
DA:148,0
DA:151,3
DA:152,4
DA:153,4
DA:154,1
DA:155,3
DA:156,1
DA:157,2
DA:158,1
DA:160,1
DA:164,3
DA:165,4
DA:166,4
DA:167,3
DA:168,4
DA:170,1
DA:172,1
DA:174,1
DA:176,1
LF:53
LH:45
BRDA:17,0,0,2
BRDA:17,0,1,2
BRDA:153,1,0,1
BRDA:153,1,1,3
BRDA:155,2,0,1
BRDA:155,2,1,2
BRDA:157,3,0,1
BRDA:157,3,1,1
BRDA:168,4,0,1
BRDA:168,4,1,1
BRDA:168,4,2,1
BRDA:168,4,3,1
BRF:12
BRH:12
end_of_record
TN:
SF:../client/src/engine/core/attribute.ts
FN:1,(anonymous_0)
FN:15,(anonymous_1)
FN:23,(anonymous_2)
FN:26,(anonymous_3)
FN:29,(anonymous_4)
FN:32,(anonymous_5)
FN:38,(anonymous_6)
FN:44,(anonymous_7)
FN:50,(anonymous_8)
FN:56,(anonymous_9)
FN:62,(anonymous_10)
FN:68,(anonymous_11)
FN:91,(anonymous_12)
FN:107,(anonymous_13)
FN:123,(anonymous_14)
FN:127,(anonymous_15)
FN:131,(anonymous_16)
FNF:17
FNH:12
FNDA:4,(anonymous_0)
FNDA:269,(anonymous_1)
FNDA:0,(anonymous_2)
FNDA:0,(anonymous_3)
FNDA:269,(anonymous_4)
FNDA:50,(anonymous_5)
FNDA:44,(anonymous_6)
FNDA:44,(anonymous_7)
FNDA:44,(anonymous_8)
FNDA:44,(anonymous_9)
FNDA:49,(anonymous_10)
FNDA:44,(anonymous_11)
FNDA:21,(anonymous_12)
FNDA:0,(anonymous_13)
FNDA:0,(anonymous_14)
FNDA:0,(anonymous_15)
FNDA:45,(anonymous_16)
DA:1,4
DA:2,4
DA:3,4
DA:4,4
DA:5,4
DA:6,4
DA:7,4
DA:10,4
DA:11,4
DA:16,269
DA:17,6
DA:21,263
DA:24,0
DA:27,0
DA:30,269
DA:33,50
DA:37,4
DA:39,44
DA:43,4
DA:45,44
DA:49,4
DA:51,44
DA:55,4
DA:57,44
DA:61,4
DA:63,49
DA:67,4
DA:69,44
DA:82,4
DA:83,21
DA:99,21
DA:100,21
DA:101,21
DA:102,21
DA:103,21
DA:104,21
DA:115,0
DA:116,0
DA:117,0
DA:118,0
DA:119,0
DA:120,0
DA:124,0
DA:128,0
DA:132,45
LF:45
LH:35
BRDA:1,0,0,4
BRDA:1,0,1,4
BRDA:16,1,0,6
BRDA:30,2,0,263
BRDA:30,2,1,6
BRDA:30,3,0,269
BRDA:30,3,1,266
BRF:7
BRH:7
end_of_record
TN:
SF:../client/src/engine/core/races.ts
FN:10,(anonymous_0)
FN:15,(anonymous_1)
FN:18,(anonymous_2)
FN:21,(anonymous_3)
FN:28,(anonymous_4)
FN:30,(anonymous_5)
FN:48,(anonymous_6)
FN:51,(anonymous_7)
FN:54,(anonymous_8)
FNF:9
FNH:9
FNDA:12,(anonymous_0)
FNDA:12,(anonymous_1)
FNDA:12,(anonymous_2)
FNDA:12,(anonymous_3)
FNDA:1,(anonymous_4)
FNDA:6,(anonymous_5)
FNDA:6,(anonymous_6)
FNDA:6,(anonymous_7)
FNDA:6,(anonymous_8)
DA:1,1
DA:2,1
DA:6,1
DA:11,12
DA:12,12
DA:13,12
DA:16,12
DA:19,12
DA:22,12
DA:26,1
DA:29,1
DA:31,6
DA:43,6
DA:49,6
DA:52,6
DA:55,6
LF:16
LH:16
BRF:0
BRH:0
end_of_record
TN:
SF:../client/src/engine/core/random.ts
FN:4,random
FN:11,randomChoice
FNF:2
FNH:2
FNDA:18,random
FNDA:7,randomChoice
DA:4,1
DA:5,18
DA:11,1
DA:12,7
LF:4
LH:4
BRF:0
BRH:0
end_of_record
TN:
SF:engine/character/attributes.ts
FN:1,(anonymous_0)
FNF:1
FNH:1
FNDA:1,(anonymous_0)
DA:1,1
DA:2,1
DA:3,1
DA:4,1
DA:5,1
DA:6,1
DA:7,1
DA:10,1
DA:11,1
LF:9
LH:9
BRDA:1,0,0,1
BRDA:1,0,1,1
BRF:2
BRH:2
end_of_record
TN:
SF:engine/character/character.ts
FN:27,(anonymous_16)
FN:31,(anonymous_17)
FN:38,(anonymous_18)
FN:78,(anonymous_19)
FN:78,(anonymous_20)
FN:144,(anonymous_21)
FN:145,(anonymous_22)
FN:145,(anonymous_23)
FNF:8
FNH:8
FNDA:28,(anonymous_16)
FNDA:24,(anonymous_17)
FNDA:12,(anonymous_18)
FNDA:2,(anonymous_19)
FNDA:2,(anonymous_20)
FNDA:1,(anonymous_21)
FNDA:1,(anonymous_22)
FNDA:1,(anonymous_23)
DA:2,1
DA:3,1
DA:4,1
DA:5,1
DA:6,1
DA:7,1
DA:8,1
DA:9,1
DA:20,1
DA:27,1
DA:28,28
DA:31,1
DA:32,24
DA:33,4
DA:35,20
DA:38,1
DA:39,12
DA:40,2
DA:42,10
DA:43,2
DA:45,8
DA:48,1
DA:78,2
DA:79,2
DA:87,2
DA:119,2
DA:121,2
DA:136,2
DA:144,1
DA:145,1
DA:146,1
LF:31
LH:31
BRDA:32,0,0,4
BRDA:39,1,0,2
BRDA:42,2,0,2
BRF:3
BRH:3
end_of_record
TN:
SF:engine/character/stats.ts
FN:1,(anonymous_0)
FNF:1
FNH:1
FNDA:1,(anonymous_0)
DA:1,1
DA:2,1
DA:3,1
DA:4,1
DA:5,1
DA:6,1
DA:7,1
DA:8,1
DA:9,1
DA:10,1
DA:11,1
DA:12,1
DA:13,1
LF:13
LH:13
BRDA:1,0,0,1
BRDA:1,0,1,1
BRF:2
BRH:2
end_of_record
TN:
SF:engine/character/class/class.ts
FN:1,(anonymous_0)
FNF:1
FNH:1
FNDA:1,(anonymous_0)
DA:1,1
DA:2,1
DA:3,1
DA:4,1
DA:5,1
LF:5
LH:5
BRDA:1,0,0,1
BRDA:1,0,1,1
BRF:2
BRH:2
end_of_record
TN:
SF:engine/character/class/fighter.ts
FNF:0
FNH:0
DA:1,1
DA:3,1
DA:12,1
LF:3
LH:3
BRF:0
BRH:0
end_of_record
TN:
SF:engine/character/class/healer.ts
FNF:0
FNH:0
DA:1,1
DA:3,1
LF:2
LH:2
BRF:0
BRH:0
end_of_record
TN:
SF:engine/character/class/mage.ts
FNF:0
FNH:0
DA:1,1
DA:3,1
DA:12,1
LF:3
LH:3
BRF:0
BRH:0
end_of_record
TN:
SF:engine/character/class/scout.ts
FNF:0
FNH:0
DA:1,1
DA:3,1
LF:2
LH:2
BRF:0
BRH:0
end_of_record
