TN:
SF:src/app.ts
FN:6,startServer
FN:8,(anonymous_19)
FN:10,(anonymous_20)
FNF:3
FNH:3
FNDA:1,startServer
FNDA:1,(anonymous_19)
FNDA:1,(anonymous_20)
DA:1,1
DA:3,1
DA:4,1
DA:7,1
DA:8,2
DA:9,1
DA:10,1
DA:11,1
DA:19,1
LF:9
LH:9
BRF:0
BRH:0
end_of_record
TN:
SF:src/api/index.ts
FN:8,(anonymous_1)
FNF:1
FNH:1
FNDA:3,(anonymous_1)
DA:1,4
DA:3,4
DA:4,4
DA:5,4
DA:6,4
DA:8,4
DA:9,3
DA:10,3
DA:11,3
DA:12,3
DA:13,3
DA:14,3
LF:12
LH:12
BRF:0
BRH:0
end_of_record
TN:
SF:src/api/routes/auth.ts
FN:9,(anonymous_8)
FN:13,(anonymous_9)
FN:13,(anonymous_10)
FN:14,(anonymous_11)
FN:24,(anonymous_12)
FN:24,(anonymous_13)
FN:40,(anonymous_14)
FN:40,(anonymous_15)
FN:61,(anonymous_16)
FN:61,(anonymous_17)
FNF:10
FNH:10
FNDA:3,(anonymous_8)
FNDA:4,(anonymous_9)
FNDA:4,(anonymous_10)
FNDA:4,(anonymous_11)
FNDA:2,(anonymous_12)
FNDA:2,(anonymous_13)
FNDA:2,(anonymous_14)
FNDA:2,(anonymous_15)
FNDA:4,(anonymous_16)
FNDA:4,(anonymous_17)
DA:2,5
DA:4,5
DA:6,5
DA:7,5
DA:9,5
DA:10,3
DA:13,4
DA:14,4
DA:15,4
DA:16,1
DA:17,1
DA:18,1
DA:20,3
DA:21,1
DA:22,1
DA:24,2
DA:25,2
DA:26,1
DA:27,1
DA:28,1
DA:29,1
DA:31,1
DA:32,1
DA:37,3
DA:40,2
DA:41,2
DA:42,2
DA:43,1
DA:45,1
DA:46,1
DA:51,3
DA:61,4
DA:62,4
DA:63,4
DA:64,2
DA:65,1
DA:66,1
DA:68,1
DA:70,2
DA:71,1
DA:73,1
LF:41
LH:41
BRDA:15,0,0,1
BRDA:20,1,0,1
BRDA:25,2,0,1
BRDA:64,3,0,1
BRDA:70,4,0,1
BRDA:70,4,1,1
BRF:6
BRH:6
end_of_record
TN:
SF:src/api/routes/characters.ts
FN:5,(anonymous_8)
FN:6,(anonymous_9)
FN:6,(anonymous_10)
FN:17,(anonymous_11)
FN:17,(anonymous_12)
FNF:5
FNH:5
FNDA:4,(anonymous_8)
FNDA:2,(anonymous_9)
FNDA:2,(anonymous_10)
FNDA:2,(anonymous_11)
FNDA:2,(anonymous_12)
DA:1,5
DA:3,5
DA:5,5
DA:6,4
DA:7,2
DA:8,1
DA:10,1
DA:14,4
DA:17,2
DA:18,2
DA:19,1
DA:21,1
LF:12
LH:12
BRDA:7,0,0,1
BRDA:7,0,1,1
BRDA:18,1,0,1
BRDA:18,1,1,1
BRF:4
BRH:4
end_of_record
TN:
SF:src/api/routes/health.ts
FN:3,(anonymous_7)
FN:4,(anonymous_8)
FN:4,(anonymous_9)
FNF:3
FNH:3
FNDA:3,(anonymous_7)
FNDA:1,(anonymous_8)
FNDA:1,(anonymous_9)
DA:3,4
DA:4,3
DA:5,1
LF:3
LH:3
BRF:0
BRH:0
end_of_record
TN:
SF:src/api/routes/races.ts
FN:6,(anonymous_8)
FN:7,(anonymous_9)
FN:7,(anonymous_10)
FNF:3
FNH:3
FNDA:4,(anonymous_8)
FNDA:2,(anonymous_9)
FNDA:2,(anonymous_10)
DA:2,5
DA:4,5
DA:6,5
DA:7,4
DA:8,2
DA:9,1
DA:11,1
LF:7
LH:7
BRDA:8,0,0,1
BRDA:8,0,1,1
BRF:2
BRH:2
end_of_record
TN:
SF:src/config/index.ts
FN:26,(anonymous_0)
FNF:1
FNH:1
FNDA:9,(anonymous_0)
DA:5,17
DA:26,9
LF:2
LH:2
BRDA:26,0,0,8
BRDA:26,1,0,9
BRDA:26,1,1,0
BRF:3
BRH:2
end_of_record
TN:
SF:src/loaders/express.ts
FN:8,(anonymous_1)
FN:9,(anonymous_2)
FNF:2
FNH:2
FNDA:2,(anonymous_1)
FNDA:1,(anonymous_2)
DA:1,3
DA:2,3
DA:3,3
DA:5,3
DA:6,3
DA:8,3
DA:9,2
DA:10,1
DA:15,2
DA:17,2
DA:28,2
DA:30,2
DA:31,2
LF:13
LH:13
BRF:0
BRH:0
end_of_record
TN:
SF:src/loaders/index.ts
FN:7,(anonymous_8)
FN:7,(anonymous_9)
FNF:2
FNH:2
FNDA:3,(anonymous_8)
FNDA:3,(anonymous_9)
DA:3,2
DA:4,2
DA:5,2
DA:7,3
DA:8,3
DA:9,3
DA:10,3
LF:7
LH:7
BRF:0
BRH:0
end_of_record
TN:
SF:src/loaders/logger.ts
FNF:0
FNH:0
DA:1,9
DA:4,9
DA:6,9
DA:7,9
DA:8,8
DA:10,1
DA:11,1
DA:18,9
DA:32,9
LF:9
LH:9
BRDA:7,0,0,8
BRDA:7,0,1,1
BRF:2
BRH:2
end_of_record
TN:
SF:src/loaders/passport.ts
FN:20,(anonymous_8)
FN:20,(anonymous_9)
FN:31,(anonymous_10)
FN:36,(anonymous_11)
FN:41,(anonymous_12)
FN:41,(anonymous_13)
FNF:6
FNH:6
FNDA:2,(anonymous_8)
FNDA:2,(anonymous_9)
FNDA:5,(anonymous_10)
FNDA:1,(anonymous_11)
FNDA:1,(anonymous_12)
FNDA:1,(anonymous_13)
DA:2,3
DA:3,3
DA:4,3
DA:6,3
DA:7,3
DA:8,3
DA:9,3
DA:12,3
DA:13,3
DA:15,3
DA:20,2
DA:21,2
DA:22,2
DA:23,2
DA:24,1
DA:26,1
DA:31,3
DA:32,5
DA:33,5
DA:34,5
DA:35,5
DA:36,5
DA:37,1
DA:39,1
DA:41,5
DA:42,1
DA:43,1
DA:44,1
DA:46,5
LF:29
LH:29
BRDA:23,0,0,1
BRDA:23,0,1,1
BRF:2
BRH:2
end_of_record
TN:
SF:src/queries/playerCharacter.ts
FN:5,(anonymous_7)
FN:5,(anonymous_8)
FN:29,(anonymous_9)
FN:29,(anonymous_10)
FN:37,(anonymous_11)
FN:37,(anonymous_12)
FNF:6
FNH:4
FNDA:1,(anonymous_7)
FNDA:1,(anonymous_8)
FNDA:1,(anonymous_9)
FNDA:1,(anonymous_10)
FNDA:0,(anonymous_11)
FNDA:0,(anonymous_12)
DA:1,6
DA:3,6
DA:5,6
DA:6,1
DA:26,1
DA:29,6
DA:30,1
DA:34,1
DA:37,6
DA:38,0
DA:42,0
LF:11
LH:9
BRF:0
BRH:0
end_of_record
TN:
SF:src/queries/races.ts
FN:4,(anonymous_7)
FN:4,(anonymous_8)
FNF:2
FNH:2
FNDA:1,(anonymous_7)
FNDA:1,(anonymous_8)
DA:1,6
DA:4,6
DA:5,1
DA:6,1
LF:4
LH:4
BRF:0
BRH:0
end_of_record
TN:
SF:src/queries/user.ts
FN:10,(anonymous_7)
FN:10,(anonymous_8)
FN:20,(anonymous_9)
FN:20,(anonymous_10)
FN:28,(anonymous_11)
FN:28,(anonymous_12)
FN:36,(anonymous_13)
FN:36,(anonymous_14)
FN:44,(anonymous_15)
FN:44,(anonymous_16)
FN:52,(anonymous_17)
FN:52,(anonymous_18)
FNF:12
FNH:2
FNDA:0,(anonymous_7)
FNDA:0,(anonymous_8)
FNDA:0,(anonymous_9)
FNDA:0,(anonymous_10)
FNDA:0,(anonymous_11)
FNDA:0,(anonymous_12)
FNDA:2,(anonymous_13)
FNDA:2,(anonymous_14)
FNDA:0,(anonymous_15)
FNDA:0,(anonymous_16)
FNDA:0,(anonymous_17)
FNDA:0,(anonymous_18)
DA:1,9
DA:10,9
DA:11,0
DA:15,0
DA:16,0
DA:17,0
DA:20,9
DA:21,0
DA:25,0
DA:28,9
DA:29,0
DA:33,0
DA:36,9
DA:37,2
DA:41,2
DA:44,9
DA:45,0
DA:49,0
DA:52,9
DA:53,0
DA:57,0
LF:21
LH:9
BRF:0
BRH:0
end_of_record
TN:
SF:src/services/auth.ts
FN:9,(anonymous_8)
FN:9,(anonymous_9)
FN:35,(anonymous_10)
FN:35,(anonymous_11)
FN:42,(anonymous_12)
FN:42,(anonymous_13)
FN:57,(anonymous_14)
FN:57,(anonymous_15)
FN:62,(anonymous_16)
FN:62,(anonymous_17)
FN:66,(anonymous_18)
FN:66,(anonymous_19)
FN:71,(anonymous_20)
FN:71,(anonymous_21)
FNF:14
FNH:4
FNDA:4,(anonymous_8)
FNDA:4,(anonymous_9)
FNDA:0,(anonymous_10)
FNDA:0,(anonymous_11)
FNDA:0,(anonymous_12)
FNDA:0,(anonymous_13)
FNDA:0,(anonymous_14)
FNDA:0,(anonymous_15)
FNDA:0,(anonymous_16)
FNDA:0,(anonymous_17)
FNDA:0,(anonymous_18)
FNDA:0,(anonymous_19)
FNDA:2,(anonymous_20)
FNDA:2,(anonymous_21)
DA:1,8
DA:2,8
DA:5,8
DA:6,8
DA:7,8
DA:9,8
DA:10,4
DA:11,4
DA:12,3
DA:13,1
DA:14,1
DA:15,1
DA:17,2
DA:18,2
DA:19,1
DA:20,1
DA:21,1
DA:22,1
DA:24,1
DA:25,1
DA:26,1
DA:29,1
DA:30,1
DA:31,1
DA:35,8
DA:36,0
DA:37,0
DA:38,0
DA:42,8
DA:43,0
DA:44,0
DA:45,0
DA:46,0
DA:47,0
DA:49,0
DA:50,0
DA:52,0
DA:53,0
DA:57,8
DA:58,0
DA:59,0
DA:62,8
DA:63,0
DA:66,8
DA:67,0
DA:68,0
DA:71,8
DA:72,2
LF:48
LH:31
BRDA:12,0,0,1
BRDA:18,1,0,1
BRDA:18,1,1,1
BRDA:37,2,0,0
BRDA:46,3,0,0
BRF:5
BRH:3
end_of_record
TN:
SF:src/services/playerCharacter.ts
FN:4,(anonymous_7)
FN:4,(anonymous_8)
FN:8,(anonymous_9)
FN:8,(anonymous_10)
FNF:4
FNH:0
FNDA:0,(anonymous_7)
FNDA:0,(anonymous_8)
FNDA:0,(anonymous_9)
FNDA:0,(anonymous_10)
DA:1,5
DA:4,5
DA:5,0
DA:8,5
DA:9,0
LF:5
LH:3
BRF:0
BRH:0
end_of_record
TN:
SF:src/services/races.ts
FN:3,(anonymous_7)
FN:3,(anonymous_8)
FNF:2
FNH:0
FNDA:0,(anonymous_7)
FNDA:0,(anonymous_8)
DA:1,5
DA:3,5
DA:4,0
LF:3
LH:2
BRF:0
BRH:0
end_of_record
TN:
SF:src/services/database/postgres.ts
FNF:0
FNH:0
DA:1,12
DA:3,12
DA:5,12
LF:3
LH:3
BRF:0
BRH:0
end_of_record
